Requirement already satisfied: optuna in /users/hunjael/.conda/envs/torch-st/lib/python3.10/site-packages (from -r requirements.txt (line 1)) (4.2.0)
Requirement already satisfied: ml_collections in /users/hunjael/.conda/envs/torch-st/lib/python3.10/site-packages (from -r requirements.txt (line 2)) (1.0.0)
Requirement already satisfied: alembic>=1.5.0 in /users/hunjael/.conda/envs/torch-st/lib/python3.10/site-packages (from optuna->-r requirements.txt (line 1)) (1.14.1)
Requirement already satisfied: colorlog in /users/hunjael/.conda/envs/torch-st/lib/python3.10/site-packages (from optuna->-r requirements.txt (line 1)) (6.9.0)
Requirement already satisfied: numpy in /users/hunjael/.conda/envs/torch-st/lib/python3.10/site-packages (from optuna->-r requirements.txt (line 1)) (2.2.2)
Requirement already satisfied: packaging>=20.0 in /users/hunjael/.conda/envs/torch-st/lib/python3.10/site-packages (from optuna->-r requirements.txt (line 1)) (24.2)
Requirement already satisfied: sqlalchemy>=1.4.2 in /users/hunjael/.conda/envs/torch-st/lib/python3.10/site-packages (from optuna->-r requirements.txt (line 1)) (2.0.37)
Requirement already satisfied: tqdm in /users/hunjael/.conda/envs/torch-st/lib/python3.10/site-packages (from optuna->-r requirements.txt (line 1)) (4.67.1)
Requirement already satisfied: PyYAML in /users/hunjael/.conda/envs/torch-st/lib/python3.10/site-packages (from optuna->-r requirements.txt (line 1)) (6.0.2)
Requirement already satisfied: absl-py in /users/hunjael/.conda/envs/torch-st/lib/python3.10/site-packages (from ml_collections->-r requirements.txt (line 2)) (2.1.0)
Requirement already satisfied: six in /users/hunjael/.conda/envs/torch-st/lib/python3.10/site-packages (from ml_collections->-r requirements.txt (line 2)) (1.17.0)
Requirement already satisfied: Mako in /users/hunjael/.conda/envs/torch-st/lib/python3.10/site-packages (from alembic>=1.5.0->optuna->-r requirements.txt (line 1)) (1.3.8)
Requirement already satisfied: typing-extensions>=4 in /users/hunjael/.conda/envs/torch-st/lib/python3.10/site-packages (from alembic>=1.5.0->optuna->-r requirements.txt (line 1)) (4.12.2)
Requirement already satisfied: greenlet!=0.4.17 in /users/hunjael/.conda/envs/torch-st/lib/python3.10/site-packages (from sqlalchemy>=1.4.2->optuna->-r requirements.txt (line 1)) (3.1.1)
Requirement already satisfied: MarkupSafe>=0.9.2 in /users/hunjael/.conda/envs/torch-st/lib/python3.10/site-packages (from Mako->alembic>=1.5.0->optuna->-r requirements.txt (line 1)) (3.0.2)
/users/hunjael/.conda/envs/torch-st/lib/python3.10/site-packages/tsl/datasets/pems_bay.py:84: FutureWarning: 'T' is deprecated and will be removed in a future version, please use 'min' instead.
  date_range = pd.date_range(df.index[0], df.index[-1], freq='5T')
/users/hunjael/.conda/envs/torch-st/lib/python3.10/site-packages/tsl/datasets/pems_bay.py:96: FutureWarning: DataFrame.fillna with 'method' is deprecated and will raise in a future version. Use obj.ffill() or obj.bfill() instead.
  df.fillna(method='ffill', axis=0, inplace=True)

Training Model...

Epoch 1/100 - Average Train Loss (MSE): 516.6686 - Average Val Loss (MSE): 27.7652
Epoch 2/100 - Average Train Loss (MSE): 22.4584 - Average Val Loss (MSE): 25.8804
Epoch 3/100 - Average Train Loss (MSE): 21.3546 - Average Val Loss (MSE): 25.1047
Epoch 4/100 - Average Train Loss (MSE): 20.6539 - Average Val Loss (MSE): 24.3779
Epoch 5/100 - Average Train Loss (MSE): 20.1145 - Average Val Loss (MSE): 23.4966
Epoch 6/100 - Average Train Loss (MSE): 19.6305 - Average Val Loss (MSE): 22.8337
Epoch 7/100 - Average Train Loss (MSE): 19.2699 - Average Val Loss (MSE): 22.7500
Epoch 8/100 - Average Train Loss (MSE): 18.9273 - Average Val Loss (MSE): 22.0600
Epoch 9/100 - Average Train Loss (MSE): 18.6697 - Average Val Loss (MSE): 21.7874
Epoch 10/100 - Average Train Loss (MSE): 18.3156 - Average Val Loss (MSE): 21.2294
Epoch 11/100 - Average Train Loss (MSE): 17.9415 - Average Val Loss (MSE): 20.6013
Epoch 12/100 - Average Train Loss (MSE): 17.6006 - Average Val Loss (MSE): 20.2701
Epoch 13/100 - Average Train Loss (MSE): 17.3397 - Average Val Loss (MSE): 20.0250
Epoch 14/100 - Average Train Loss (MSE): 17.1523 - Average Val Loss (MSE): 20.0628
Epoch 15/100 - Average Train Loss (MSE): 16.9590 - Average Val Loss (MSE): 19.4720
Epoch 16/100 - Average Train Loss (MSE): 16.8298 - Average Val Loss (MSE): 19.6729
Epoch 17/100 - Average Train Loss (MSE): 16.7082 - Average Val Loss (MSE): 19.3302
Epoch 18/100 - Average Train Loss (MSE): 16.5460 - Average Val Loss (MSE): 18.9976
Epoch 19/100 - Average Train Loss (MSE): 16.4710 - Average Val Loss (MSE): 18.9656
Epoch 20/100 - Average Train Loss (MSE): 16.3764 - Average Val Loss (MSE): 18.9576
Epoch 21/100 - Average Train Loss (MSE): 16.2935 - Average Val Loss (MSE): 18.9616
Epoch 22/100 - Average Train Loss (MSE): 16.2243 - Average Val Loss (MSE): 18.8856
Epoch 23/100 - Average Train Loss (MSE): 16.1474 - Average Val Loss (MSE): 18.7080
Epoch 24/100 - Average Train Loss (MSE): 16.0871 - Average Val Loss (MSE): 18.7588
Epoch 25/100 - Average Train Loss (MSE): 16.0324 - Average Val Loss (MSE): 18.5804
Epoch 26/100 - Average Train Loss (MSE): 15.9787 - Average Val Loss (MSE): 18.8973
Epoch 27/100 - Average Train Loss (MSE): 15.9251 - Average Val Loss (MSE): 18.3808
Epoch 28/100 - Average Train Loss (MSE): 15.8590 - Average Val Loss (MSE): 18.6627
Epoch 29/100 - Average Train Loss (MSE): 15.8048 - Average Val Loss (MSE): 18.8809
Epoch 30/100 - Average Train Loss (MSE): 15.7910 - Average Val Loss (MSE): 18.5845
Epoch 31/100 - Average Train Loss (MSE): 15.7379 - Average Val Loss (MSE): 18.2970
Epoch 32/100 - Average Train Loss (MSE): 15.6931 - Average Val Loss (MSE): 18.6082
Epoch 33/100 - Average Train Loss (MSE): 15.6744 - Average Val Loss (MSE): 18.2070
Epoch 34/100 - Average Train Loss (MSE): 15.6338 - Average Val Loss (MSE): 18.1931
Epoch 35/100 - Average Train Loss (MSE): 15.5678 - Average Val Loss (MSE): 18.5626
Epoch 36/100 - Average Train Loss (MSE): 15.5537 - Average Val Loss (MSE): 18.2168
Epoch 37/100 - Average Train Loss (MSE): 15.5154 - Average Val Loss (MSE): 18.4047
Epoch 38/100 - Average Train Loss (MSE): 15.4891 - Average Val Loss (MSE): 18.1302
Epoch 39/100 - Average Train Loss (MSE): 15.4645 - Average Val Loss (MSE): 18.3260
Epoch 40/100 - Average Train Loss (MSE): 15.4304 - Average Val Loss (MSE): 18.3021
Epoch 41/100 - Average Train Loss (MSE): 15.3909 - Average Val Loss (MSE): 18.4041
Epoch 42/100 - Average Train Loss (MSE): 15.3727 - Average Val Loss (MSE): 18.0726
Epoch 43/100 - Average Train Loss (MSE): 15.3320 - Average Val Loss (MSE): 18.2154
Epoch 44/100 - Average Train Loss (MSE): 15.3179 - Average Val Loss (MSE): 18.0847
Epoch 45/100 - Average Train Loss (MSE): 15.2523 - Average Val Loss (MSE): 17.9843
Epoch 46/100 - Average Train Loss (MSE): 15.2487 - Average Val Loss (MSE): 17.9807
Epoch 47/100 - Average Train Loss (MSE): 15.2330 - Average Val Loss (MSE): 17.9455
Epoch 48/100 - Average Train Loss (MSE): 15.1909 - Average Val Loss (MSE): 18.5562
Epoch 49/100 - Average Train Loss (MSE): 15.1645 - Average Val Loss (MSE): 18.0054
Epoch 50/100 - Average Train Loss (MSE): 15.1469 - Average Val Loss (MSE): 18.1272
Epoch 51/100 - Average Train Loss (MSE): 15.1472 - Average Val Loss (MSE): 18.3640
Epoch 52/100 - Average Train Loss (MSE): 15.1116 - Average Val Loss (MSE): 18.0100
Epoch 53/100 - Average Train Loss (MSE): 15.0793 - Average Val Loss (MSE): 17.9136
Epoch 54/100 - Average Train Loss (MSE): 15.0574 - Average Val Loss (MSE): 17.9501
Epoch 55/100 - Average Train Loss (MSE): 15.0365 - Average Val Loss (MSE): 18.1734
Epoch 56/100 - Average Train Loss (MSE): 15.0327 - Average Val Loss (MSE): 18.1600
Epoch 57/100 - Average Train Loss (MSE): 14.9882 - Average Val Loss (MSE): 18.0115
Epoch 58/100 - Average Train Loss (MSE): 14.9680 - Average Val Loss (MSE): 17.9337
Epoch 59/100 - Average Train Loss (MSE): 14.9662 - Average Val Loss (MSE): 18.1074
Epoch 60/100 - Average Train Loss (MSE): 14.9775 - Average Val Loss (MSE): 17.8228
Epoch 61/100 - Average Train Loss (MSE): 14.9267 - Average Val Loss (MSE): 17.8923
Epoch 62/100 - Average Train Loss (MSE): 14.8935 - Average Val Loss (MSE): 18.1112
Epoch 63/100 - Average Train Loss (MSE): 14.9176 - Average Val Loss (MSE): 18.0608
Epoch 64/100 - Average Train Loss (MSE): 14.8797 - Average Val Loss (MSE): 18.0133
Epoch 65/100 - Average Train Loss (MSE): 14.8770 - Average Val Loss (MSE): 17.9792
Epoch 66/100 - Average Train Loss (MSE): 14.8529 - Average Val Loss (MSE): 17.8278
Epoch 67/100 - Average Train Loss (MSE): 14.8146 - Average Val Loss (MSE): 17.8963
Epoch 68/100 - Average Train Loss (MSE): 14.8310 - Average Val Loss (MSE): 18.0417
Epoch 69/100 - Average Train Loss (MSE): 14.8205 - Average Val Loss (MSE): 17.8184
Epoch 70/100 - Average Train Loss (MSE): 14.8262 - Average Val Loss (MSE): 17.8396
Epoch 71/100 - Average Train Loss (MSE): 14.7659 - Average Val Loss (MSE): 17.9512
Epoch 72/100 - Average Train Loss (MSE): 14.7725 - Average Val Loss (MSE): 17.9649
Epoch 73/100 - Average Train Loss (MSE): 14.7688 - Average Val Loss (MSE): 17.7118
Epoch 74/100 - Average Train Loss (MSE): 14.7419 - Average Val Loss (MSE): 17.9542
Epoch 75/100 - Average Train Loss (MSE): 14.7323 - Average Val Loss (MSE): 17.8502
Epoch 76/100 - Average Train Loss (MSE): 14.7061 - Average Val Loss (MSE): 18.2044
Epoch 77/100 - Average Train Loss (MSE): 14.7390 - Average Val Loss (MSE): 17.7948
Epoch 78/100 - Average Train Loss (MSE): 14.6983 - Average Val Loss (MSE): 18.2007
Epoch 79/100 - Average Train Loss (MSE): 14.6689 - Average Val Loss (MSE): 17.8612
Epoch 80/100 - Average Train Loss (MSE): 14.6534 - Average Val Loss (MSE): 17.9783
Epoch 81/100 - Average Train Loss (MSE): 14.6465 - Average Val Loss (MSE): 17.7760
Epoch 82/100 - Average Train Loss (MSE): 14.6378 - Average Val Loss (MSE): 18.1084
Epoch 83/100 - Average Train Loss (MSE): 14.6339 - Average Val Loss (MSE): 17.8919
Epoch 84/100 - Average Train Loss (MSE): 14.6225 - Average Val Loss (MSE): 17.8157
Epoch 85/100 - Average Train Loss (MSE): 14.6137 - Average Val Loss (MSE): 17.6971
Epoch 86/100 - Average Train Loss (MSE): 14.5998 - Average Val Loss (MSE): 17.9726
Epoch 87/100 - Average Train Loss (MSE): 14.5873 - Average Val Loss (MSE): 17.9598
Epoch 88/100 - Average Train Loss (MSE): 14.6063 - Average Val Loss (MSE): 17.7806
Epoch 89/100 - Average Train Loss (MSE): 14.5681 - Average Val Loss (MSE): 17.8711
Epoch 90/100 - Average Train Loss (MSE): 14.5748 - Average Val Loss (MSE): 17.8437
Epoch 91/100 - Average Train Loss (MSE): 14.5741 - Average Val Loss (MSE): 17.7159
Epoch 92/100 - Average Train Loss (MSE): 14.5642 - Average Val Loss (MSE): 17.8015
Epoch 93/100 - Average Train Loss (MSE): 14.5443 - Average Val Loss (MSE): 17.8510
Epoch 94/100 - Average Train Loss (MSE): 14.6302 - Average Val Loss (MSE): 17.8695
Epoch 95/100 - Average Train Loss (MSE): 14.5324 - Average Val Loss (MSE): 17.8513
Epoch 96/100 - Average Train Loss (MSE): 14.5250 - Average Val Loss (MSE): 17.9555
Epoch 97/100 - Average Train Loss (MSE): 14.4998 - Average Val Loss (MSE): 17.6838
Epoch 98/100 - Average Train Loss (MSE): 14.5031 - Average Val Loss (MSE): 18.1333
Epoch 99/100 - Average Train Loss (MSE): 14.4862 - Average Val Loss (MSE): 17.8538
Epoch 100/100 - Average Train Loss (MSE): 14.4654 - Average Val Loss (MSE): 17.7549

Test Loss: 1.9992

Model Run Complete...

Total time taken for trainer execution: 13.68 minutes

