Requirement already satisfied: optuna in /users/hunjael/.conda/envs/torch-st/lib/python3.10/site-packages (from -r requirements.txt (line 1)) (4.2.0)
Requirement already satisfied: ml_collections in /users/hunjael/.conda/envs/torch-st/lib/python3.10/site-packages (from -r requirements.txt (line 2)) (1.0.0)
Requirement already satisfied: alembic>=1.5.0 in /users/hunjael/.conda/envs/torch-st/lib/python3.10/site-packages (from optuna->-r requirements.txt (line 1)) (1.14.1)
Requirement already satisfied: colorlog in /users/hunjael/.conda/envs/torch-st/lib/python3.10/site-packages (from optuna->-r requirements.txt (line 1)) (6.9.0)
Requirement already satisfied: numpy in /users/hunjael/.conda/envs/torch-st/lib/python3.10/site-packages (from optuna->-r requirements.txt (line 1)) (2.2.2)
Requirement already satisfied: packaging>=20.0 in /users/hunjael/.conda/envs/torch-st/lib/python3.10/site-packages (from optuna->-r requirements.txt (line 1)) (24.2)
Requirement already satisfied: sqlalchemy>=1.4.2 in /users/hunjael/.conda/envs/torch-st/lib/python3.10/site-packages (from optuna->-r requirements.txt (line 1)) (2.0.37)
Requirement already satisfied: tqdm in /users/hunjael/.conda/envs/torch-st/lib/python3.10/site-packages (from optuna->-r requirements.txt (line 1)) (4.67.1)
Requirement already satisfied: PyYAML in /users/hunjael/.conda/envs/torch-st/lib/python3.10/site-packages (from optuna->-r requirements.txt (line 1)) (6.0.2)
Requirement already satisfied: absl-py in /users/hunjael/.conda/envs/torch-st/lib/python3.10/site-packages (from ml_collections->-r requirements.txt (line 2)) (2.1.0)
Requirement already satisfied: six in /users/hunjael/.conda/envs/torch-st/lib/python3.10/site-packages (from ml_collections->-r requirements.txt (line 2)) (1.17.0)
Requirement already satisfied: Mako in /users/hunjael/.conda/envs/torch-st/lib/python3.10/site-packages (from alembic>=1.5.0->optuna->-r requirements.txt (line 1)) (1.3.8)
Requirement already satisfied: typing-extensions>=4 in /users/hunjael/.conda/envs/torch-st/lib/python3.10/site-packages (from alembic>=1.5.0->optuna->-r requirements.txt (line 1)) (4.12.2)
Requirement already satisfied: greenlet!=0.4.17 in /users/hunjael/.conda/envs/torch-st/lib/python3.10/site-packages (from sqlalchemy>=1.4.2->optuna->-r requirements.txt (line 1)) (3.1.1)
Requirement already satisfied: MarkupSafe>=0.9.2 in /users/hunjael/.conda/envs/torch-st/lib/python3.10/site-packages (from Mako->alembic>=1.5.0->optuna->-r requirements.txt (line 1)) (3.0.2)
/users/hunjael/.conda/envs/torch-st/lib/python3.10/site-packages/tsl/datasets/pems_bay.py:84: FutureWarning: 'T' is deprecated and will be removed in a future version, please use 'min' instead.
  date_range = pd.date_range(df.index[0], df.index[-1], freq='5T')
/users/hunjael/.conda/envs/torch-st/lib/python3.10/site-packages/tsl/datasets/pems_bay.py:96: FutureWarning: DataFrame.fillna with 'method' is deprecated and will raise in a future version. Use obj.ffill() or obj.bfill() instead.
  df.fillna(method='ffill', axis=0, inplace=True)

CONFIG DESCRIPTION: 8 heads, 100 epochs -- temporal only 2 layer transformer

Training Model...

Epoch 1/100 - Average Train Loss (MSE): 2188.7063 - Average Val Loss (MSE): 282.6177
Epoch 2/100 - Average Train Loss (MSE): 80.4475 - Average Val Loss (MSE): 31.8378
Epoch 3/100 - Average Train Loss (MSE): 25.0878 - Average Val Loss (MSE): 27.4559
Epoch 4/100 - Average Train Loss (MSE): 23.4594 - Average Val Loss (MSE): 27.1666
Epoch 5/100 - Average Train Loss (MSE): 22.7018 - Average Val Loss (MSE): 27.2017
Epoch 6/100 - Average Train Loss (MSE): 22.4320 - Average Val Loss (MSE): 26.4471
Epoch 7/100 - Average Train Loss (MSE): 22.1658 - Average Val Loss (MSE): 26.4852
Epoch 8/100 - Average Train Loss (MSE): 22.0290 - Average Val Loss (MSE): 26.1537
Epoch 9/100 - Average Train Loss (MSE): 21.9299 - Average Val Loss (MSE): 25.8154
Epoch 10/100 - Average Train Loss (MSE): 21.7845 - Average Val Loss (MSE): 26.1433
Epoch 11/100 - Average Train Loss (MSE): 21.6934 - Average Val Loss (MSE): 26.1976
Epoch 12/100 - Average Train Loss (MSE): 21.6486 - Average Val Loss (MSE): 25.7842
Epoch 13/100 - Average Train Loss (MSE): 21.5281 - Average Val Loss (MSE): 27.3953
Epoch 14/100 - Average Train Loss (MSE): 21.4690 - Average Val Loss (MSE): 25.9997
Epoch 15/100 - Average Train Loss (MSE): 21.4387 - Average Val Loss (MSE): 25.3405
Epoch 16/100 - Average Train Loss (MSE): 21.4086 - Average Val Loss (MSE): 25.4226
Epoch 17/100 - Average Train Loss (MSE): 21.3209 - Average Val Loss (MSE): 25.5481
Epoch 18/100 - Average Train Loss (MSE): 21.2542 - Average Val Loss (MSE): 25.1566
Epoch 19/100 - Average Train Loss (MSE): 21.1722 - Average Val Loss (MSE): 25.3223
Epoch 20/100 - Average Train Loss (MSE): 21.1147 - Average Val Loss (MSE): 25.6161
Epoch 21/100 - Average Train Loss (MSE): 21.0051 - Average Val Loss (MSE): 25.4403
Epoch 22/100 - Average Train Loss (MSE): 20.8831 - Average Val Loss (MSE): 24.8510
Epoch 23/100 - Average Train Loss (MSE): 20.7849 - Average Val Loss (MSE): 25.0782
Epoch 24/100 - Average Train Loss (MSE): 20.7476 - Average Val Loss (MSE): 24.8820
Epoch 25/100 - Average Train Loss (MSE): 20.5212 - Average Val Loss (MSE): 24.1334
Epoch 26/100 - Average Train Loss (MSE): 20.4328 - Average Val Loss (MSE): 24.4551
Epoch 27/100 - Average Train Loss (MSE): 20.4211 - Average Val Loss (MSE): 24.0137
Epoch 28/100 - Average Train Loss (MSE): 20.2858 - Average Val Loss (MSE): 23.9081
Epoch 29/100 - Average Train Loss (MSE): 20.1920 - Average Val Loss (MSE): 23.9774
Epoch 30/100 - Average Train Loss (MSE): 20.1114 - Average Val Loss (MSE): 23.8718
Epoch 31/100 - Average Train Loss (MSE): 20.1332 - Average Val Loss (MSE): 23.9365
Epoch 32/100 - Average Train Loss (MSE): 20.1132 - Average Val Loss (MSE): 24.0510
Epoch 33/100 - Average Train Loss (MSE): 20.0388 - Average Val Loss (MSE): 23.7435
Epoch 34/100 - Average Train Loss (MSE): 20.0414 - Average Val Loss (MSE): 23.8675
Epoch 35/100 - Average Train Loss (MSE): 19.9943 - Average Val Loss (MSE): 23.9571
Epoch 36/100 - Average Train Loss (MSE): 19.9806 - Average Val Loss (MSE): 23.7501
Epoch 37/100 - Average Train Loss (MSE): 20.0110 - Average Val Loss (MSE): 23.7145
Epoch 38/100 - Average Train Loss (MSE): 19.9363 - Average Val Loss (MSE): 23.5645
Epoch 39/100 - Average Train Loss (MSE): 19.9225 - Average Val Loss (MSE): 23.7209
Epoch 40/100 - Average Train Loss (MSE): 19.9647 - Average Val Loss (MSE): 23.9863
Epoch 41/100 - Average Train Loss (MSE): 19.9327 - Average Val Loss (MSE): 23.6989
Epoch 42/100 - Average Train Loss (MSE): 19.8741 - Average Val Loss (MSE): 23.7187
Epoch 43/100 - Average Train Loss (MSE): 19.9192 - Average Val Loss (MSE): 23.6181
Epoch 44/100 - Average Train Loss (MSE): 19.8447 - Average Val Loss (MSE): 23.8231
Epoch 45/100 - Average Train Loss (MSE): 19.8356 - Average Val Loss (MSE): 23.7911
Epoch 46/100 - Average Train Loss (MSE): 19.9092 - Average Val Loss (MSE): 23.5414
Epoch 47/100 - Average Train Loss (MSE): 19.8740 - Average Val Loss (MSE): 23.8924
Epoch 48/100 - Average Train Loss (MSE): 19.8611 - Average Val Loss (MSE): 23.4610
Epoch 49/100 - Average Train Loss (MSE): 19.8197 - Average Val Loss (MSE): 23.9504
Epoch 50/100 - Average Train Loss (MSE): 19.7986 - Average Val Loss (MSE): 23.3054
Epoch 51/100 - Average Train Loss (MSE): 19.7869 - Average Val Loss (MSE): 23.8395
Epoch 52/100 - Average Train Loss (MSE): 19.7848 - Average Val Loss (MSE): 23.4268
Epoch 53/100 - Average Train Loss (MSE): 19.8047 - Average Val Loss (MSE): 23.8730
Epoch 54/100 - Average Train Loss (MSE): 19.8022 - Average Val Loss (MSE): 23.7598
Epoch 55/100 - Average Train Loss (MSE): 19.7943 - Average Val Loss (MSE): 23.5504
Epoch 56/100 - Average Train Loss (MSE): 19.7342 - Average Val Loss (MSE): 23.5334
Epoch 57/100 - Average Train Loss (MSE): 19.7352 - Average Val Loss (MSE): 23.5587
Epoch 58/100 - Average Train Loss (MSE): 19.7350 - Average Val Loss (MSE): 23.4053
Epoch 59/100 - Average Train Loss (MSE): 19.7163 - Average Val Loss (MSE): 23.4455
Epoch 60/100 - Average Train Loss (MSE): 19.7701 - Average Val Loss (MSE): 24.1722
Epoch 61/100 - Average Train Loss (MSE): 19.7218 - Average Val Loss (MSE): 23.7717
Epoch 62/100 - Average Train Loss (MSE): 19.7681 - Average Val Loss (MSE): 23.2824
Epoch 63/100 - Average Train Loss (MSE): 19.6990 - Average Val Loss (MSE): 23.6115
Epoch 64/100 - Average Train Loss (MSE): 19.6672 - Average Val Loss (MSE): 23.3238
Epoch 65/100 - Average Train Loss (MSE): 19.6711 - Average Val Loss (MSE): 23.4700
Epoch 66/100 - Average Train Loss (MSE): 19.7614 - Average Val Loss (MSE): 23.7540
Epoch 67/100 - Average Train Loss (MSE): 19.6811 - Average Val Loss (MSE): 23.3576
Epoch 68/100 - Average Train Loss (MSE): 19.7057 - Average Val Loss (MSE): 23.3339
Epoch 69/100 - Average Train Loss (MSE): 19.7109 - Average Val Loss (MSE): 23.2890
Epoch 70/100 - Average Train Loss (MSE): 19.6561 - Average Val Loss (MSE): 23.1853
Epoch 71/100 - Average Train Loss (MSE): 19.6716 - Average Val Loss (MSE): 23.3784
Epoch 72/100 - Average Train Loss (MSE): 19.6663 - Average Val Loss (MSE): 23.3516
Epoch 73/100 - Average Train Loss (MSE): 19.6375 - Average Val Loss (MSE): 23.4121
Epoch 74/100 - Average Train Loss (MSE): 19.6700 - Average Val Loss (MSE): 23.4490
Epoch 75/100 - Average Train Loss (MSE): 19.6626 - Average Val Loss (MSE): 23.5648
Epoch 76/100 - Average Train Loss (MSE): 19.6247 - Average Val Loss (MSE): 23.2862
Epoch 77/100 - Average Train Loss (MSE): 19.6506 - Average Val Loss (MSE): 23.8668
Epoch 78/100 - Average Train Loss (MSE): 19.6412 - Average Val Loss (MSE): 23.1910
Epoch 79/100 - Average Train Loss (MSE): 19.6409 - Average Val Loss (MSE): 23.1407
Epoch 80/100 - Average Train Loss (MSE): 19.6649 - Average Val Loss (MSE): 23.3392
Epoch 81/100 - Average Train Loss (MSE): 19.6528 - Average Val Loss (MSE): 23.5993
Epoch 82/100 - Average Train Loss (MSE): 19.6424 - Average Val Loss (MSE): 23.2314
Epoch 83/100 - Average Train Loss (MSE): 19.6010 - Average Val Loss (MSE): 23.3249
Epoch 84/100 - Average Train Loss (MSE): 19.5837 - Average Val Loss (MSE): 24.1659
Epoch 85/100 - Average Train Loss (MSE): 19.6047 - Average Val Loss (MSE): 23.9182
Epoch 86/100 - Average Train Loss (MSE): 19.6554 - Average Val Loss (MSE): 23.2914
Epoch 87/100 - Average Train Loss (MSE): 19.5920 - Average Val Loss (MSE): 23.0533
Epoch 88/100 - Average Train Loss (MSE): 19.5662 - Average Val Loss (MSE): 23.6091
Epoch 89/100 - Average Train Loss (MSE): 19.6049 - Average Val Loss (MSE): 23.1687
Epoch 90/100 - Average Train Loss (MSE): 19.6032 - Average Val Loss (MSE): 23.6331
Epoch 91/100 - Average Train Loss (MSE): 19.6077 - Average Val Loss (MSE): 23.3037
Epoch 92/100 - Average Train Loss (MSE): 19.5417 - Average Val Loss (MSE): 23.9890
Epoch 93/100 - Average Train Loss (MSE): 19.5974 - Average Val Loss (MSE): 23.4725
Epoch 94/100 - Average Train Loss (MSE): 19.5706 - Average Val Loss (MSE): 23.0757
Epoch 95/100 - Average Train Loss (MSE): 19.5512 - Average Val Loss (MSE): 23.3243
Epoch 96/100 - Average Train Loss (MSE): 19.5802 - Average Val Loss (MSE): 23.0726
Epoch 97/100 - Average Train Loss (MSE): 19.5867 - Average Val Loss (MSE): 23.2295
Epoch 98/100 - Average Train Loss (MSE): 19.5494 - Average Val Loss (MSE): 23.0845
Epoch 99/100 - Average Train Loss (MSE): 19.5854 - Average Val Loss (MSE): 23.2055
Epoch 100/100 - Average Train Loss (MSE): 19.5848 - Average Val Loss (MSE): 23.2551

Test Loss: 2.1598

Model Run Complete...

Total time taken for trainer execution: 6.15 minutes

