Requirement already satisfied: optuna in /users/hunjael/.conda/envs/torch-st/lib/python3.10/site-packages (from -r requirements.txt (line 1)) (4.2.0)
Requirement already satisfied: ml_collections in /users/hunjael/.conda/envs/torch-st/lib/python3.10/site-packages (from -r requirements.txt (line 2)) (1.0.0)
Requirement already satisfied: alembic>=1.5.0 in /users/hunjael/.conda/envs/torch-st/lib/python3.10/site-packages (from optuna->-r requirements.txt (line 1)) (1.14.1)
Requirement already satisfied: colorlog in /users/hunjael/.conda/envs/torch-st/lib/python3.10/site-packages (from optuna->-r requirements.txt (line 1)) (6.9.0)
Requirement already satisfied: numpy in /users/hunjael/.conda/envs/torch-st/lib/python3.10/site-packages (from optuna->-r requirements.txt (line 1)) (2.2.2)
Requirement already satisfied: packaging>=20.0 in /users/hunjael/.conda/envs/torch-st/lib/python3.10/site-packages (from optuna->-r requirements.txt (line 1)) (24.2)
Requirement already satisfied: sqlalchemy>=1.4.2 in /users/hunjael/.conda/envs/torch-st/lib/python3.10/site-packages (from optuna->-r requirements.txt (line 1)) (2.0.37)
Requirement already satisfied: tqdm in /users/hunjael/.conda/envs/torch-st/lib/python3.10/site-packages (from optuna->-r requirements.txt (line 1)) (4.67.1)
Requirement already satisfied: PyYAML in /users/hunjael/.conda/envs/torch-st/lib/python3.10/site-packages (from optuna->-r requirements.txt (line 1)) (6.0.2)
Requirement already satisfied: absl-py in /users/hunjael/.conda/envs/torch-st/lib/python3.10/site-packages (from ml_collections->-r requirements.txt (line 2)) (2.1.0)
Requirement already satisfied: six in /users/hunjael/.conda/envs/torch-st/lib/python3.10/site-packages (from ml_collections->-r requirements.txt (line 2)) (1.17.0)
Requirement already satisfied: Mako in /users/hunjael/.conda/envs/torch-st/lib/python3.10/site-packages (from alembic>=1.5.0->optuna->-r requirements.txt (line 1)) (1.3.8)
Requirement already satisfied: typing-extensions>=4 in /users/hunjael/.conda/envs/torch-st/lib/python3.10/site-packages (from alembic>=1.5.0->optuna->-r requirements.txt (line 1)) (4.12.2)
Requirement already satisfied: greenlet!=0.4.17 in /users/hunjael/.conda/envs/torch-st/lib/python3.10/site-packages (from sqlalchemy>=1.4.2->optuna->-r requirements.txt (line 1)) (3.1.1)
Requirement already satisfied: MarkupSafe>=0.9.2 in /users/hunjael/.conda/envs/torch-st/lib/python3.10/site-packages (from Mako->alembic>=1.5.0->optuna->-r requirements.txt (line 1)) (3.0.2)
/users/hunjael/.conda/envs/torch-st/lib/python3.10/site-packages/tsl/datasets/metr_la.py:98: FutureWarning: 'T' is deprecated and will be removed in a future version, please use 'min' instead.
  date_range = pd.date_range(df.index[0], df.index[-1], freq='5T')
/users/hunjael/.conda/envs/torch-st/lib/python3.10/site-packages/tsl/datasets/metr_la.py:109: FutureWarning: The 'method' keyword in DataFrame.replace is deprecated and will be removed in a future version.
  df = df.replace(to_replace=0., method='ffill')

Training Model...

Epoch 1/100 - Average Train Loss (MSE): 691.3972 - Average Val Loss (MSE): 43.5452
Epoch 2/100 - Average Train Loss (MSE): 51.7395 - Average Val Loss (MSE): 40.4000
Epoch 3/100 - Average Train Loss (MSE): 49.7904 - Average Val Loss (MSE): 39.3839
Epoch 4/100 - Average Train Loss (MSE): 49.1127 - Average Val Loss (MSE): 38.8192
Epoch 5/100 - Average Train Loss (MSE): 48.6539 - Average Val Loss (MSE): 38.4999
Epoch 6/100 - Average Train Loss (MSE): 48.2417 - Average Val Loss (MSE): 38.2305
Epoch 7/100 - Average Train Loss (MSE): 47.7955 - Average Val Loss (MSE): 37.9301
Epoch 8/100 - Average Train Loss (MSE): 47.3755 - Average Val Loss (MSE): 37.7079
Epoch 9/100 - Average Train Loss (MSE): 46.9381 - Average Val Loss (MSE): 37.2798
Epoch 10/100 - Average Train Loss (MSE): 46.5875 - Average Val Loss (MSE): 37.0467
Epoch 11/100 - Average Train Loss (MSE): 46.3159 - Average Val Loss (MSE): 37.0064
Epoch 12/100 - Average Train Loss (MSE): 46.0085 - Average Val Loss (MSE): 36.6488
Epoch 13/100 - Average Train Loss (MSE): 45.7730 - Average Val Loss (MSE): 36.6424
Epoch 14/100 - Average Train Loss (MSE): 45.5401 - Average Val Loss (MSE): 36.3807
Epoch 15/100 - Average Train Loss (MSE): 45.2975 - Average Val Loss (MSE): 36.2172
Epoch 16/100 - Average Train Loss (MSE): 45.0630 - Average Val Loss (MSE): 36.0983
Epoch 17/100 - Average Train Loss (MSE): 44.8239 - Average Val Loss (MSE): 36.1849
Epoch 18/100 - Average Train Loss (MSE): 44.5657 - Average Val Loss (MSE): 35.7854
Epoch 19/100 - Average Train Loss (MSE): 44.3287 - Average Val Loss (MSE): 35.5204
Epoch 20/100 - Average Train Loss (MSE): 44.0813 - Average Val Loss (MSE): 35.3465
Epoch 21/100 - Average Train Loss (MSE): 43.8006 - Average Val Loss (MSE): 35.6611
Epoch 22/100 - Average Train Loss (MSE): 43.5845 - Average Val Loss (MSE): 35.0578
Epoch 23/100 - Average Train Loss (MSE): 43.3208 - Average Val Loss (MSE): 34.9984
Epoch 24/100 - Average Train Loss (MSE): 43.0718 - Average Val Loss (MSE): 34.9560
Epoch 25/100 - Average Train Loss (MSE): 42.8518 - Average Val Loss (MSE): 34.8015
Epoch 26/100 - Average Train Loss (MSE): 42.7283 - Average Val Loss (MSE): 34.6322
Epoch 27/100 - Average Train Loss (MSE): 42.5229 - Average Val Loss (MSE): 34.5715
Epoch 28/100 - Average Train Loss (MSE): 42.3317 - Average Val Loss (MSE): 34.4508
Epoch 29/100 - Average Train Loss (MSE): 42.2488 - Average Val Loss (MSE): 34.5535
Epoch 30/100 - Average Train Loss (MSE): 42.0766 - Average Val Loss (MSE): 34.2680
Epoch 31/100 - Average Train Loss (MSE): 41.9595 - Average Val Loss (MSE): 34.1902
Epoch 32/100 - Average Train Loss (MSE): 41.8210 - Average Val Loss (MSE): 34.2544
Epoch 33/100 - Average Train Loss (MSE): 41.7236 - Average Val Loss (MSE): 34.1812
Epoch 34/100 - Average Train Loss (MSE): 41.6110 - Average Val Loss (MSE): 34.2283
Epoch 35/100 - Average Train Loss (MSE): 41.5079 - Average Val Loss (MSE): 34.0293
Epoch 36/100 - Average Train Loss (MSE): 41.4147 - Average Val Loss (MSE): 33.9148
Epoch 37/100 - Average Train Loss (MSE): 41.3761 - Average Val Loss (MSE): 34.2070
Epoch 38/100 - Average Train Loss (MSE): 41.2752 - Average Val Loss (MSE): 34.1961
Epoch 39/100 - Average Train Loss (MSE): 41.2243 - Average Val Loss (MSE): 34.0311
Epoch 40/100 - Average Train Loss (MSE): 41.3139 - Average Val Loss (MSE): 34.2012
Epoch 41/100 - Average Train Loss (MSE): 41.0641 - Average Val Loss (MSE): 33.8821
Epoch 42/100 - Average Train Loss (MSE): 41.0443 - Average Val Loss (MSE): 34.3465
Epoch 43/100 - Average Train Loss (MSE): 40.9427 - Average Val Loss (MSE): 33.8329
Epoch 44/100 - Average Train Loss (MSE): 40.8764 - Average Val Loss (MSE): 34.0388
Epoch 45/100 - Average Train Loss (MSE): 40.8622 - Average Val Loss (MSE): 33.8701
Epoch 46/100 - Average Train Loss (MSE): 40.7673 - Average Val Loss (MSE): 33.8562
Epoch 47/100 - Average Train Loss (MSE): 40.6961 - Average Val Loss (MSE): 33.7959
Epoch 48/100 - Average Train Loss (MSE): 40.6312 - Average Val Loss (MSE): 33.7788
Epoch 49/100 - Average Train Loss (MSE): 40.5878 - Average Val Loss (MSE): 33.9157
Epoch 50/100 - Average Train Loss (MSE): 40.5142 - Average Val Loss (MSE): 34.0643
Epoch 51/100 - Average Train Loss (MSE): 40.4983 - Average Val Loss (MSE): 33.9123
Epoch 52/100 - Average Train Loss (MSE): 40.4499 - Average Val Loss (MSE): 33.9983
Epoch 53/100 - Average Train Loss (MSE): 40.3629 - Average Val Loss (MSE): 34.1975
Epoch 54/100 - Average Train Loss (MSE): 40.3384 - Average Val Loss (MSE): 33.7924
Epoch 55/100 - Average Train Loss (MSE): 40.3037 - Average Val Loss (MSE): 34.2593
Epoch 56/100 - Average Train Loss (MSE): 40.2340 - Average Val Loss (MSE): 33.9045
Epoch 57/100 - Average Train Loss (MSE): 40.2344 - Average Val Loss (MSE): 33.9662
Epoch 58/100 - Average Train Loss (MSE): 40.1414 - Average Val Loss (MSE): 34.2404
Epoch 59/100 - Average Train Loss (MSE): 40.1152 - Average Val Loss (MSE): 33.7554
Epoch 60/100 - Average Train Loss (MSE): 40.1119 - Average Val Loss (MSE): 33.7503
Epoch 61/100 - Average Train Loss (MSE): 40.0250 - Average Val Loss (MSE): 33.9287
Epoch 62/100 - Average Train Loss (MSE): 40.0740 - Average Val Loss (MSE): 34.2542
Epoch 63/100 - Average Train Loss (MSE): 40.0062 - Average Val Loss (MSE): 33.7397
Epoch 64/100 - Average Train Loss (MSE): 39.9490 - Average Val Loss (MSE): 33.7688
Epoch 65/100 - Average Train Loss (MSE): 39.9612 - Average Val Loss (MSE): 33.7474
Epoch 66/100 - Average Train Loss (MSE): 39.8789 - Average Val Loss (MSE): 33.9959
Epoch 67/100 - Average Train Loss (MSE): 39.8939 - Average Val Loss (MSE): 33.8785
Epoch 68/100 - Average Train Loss (MSE): 39.8390 - Average Val Loss (MSE): 33.9154
Epoch 69/100 - Average Train Loss (MSE): 39.7881 - Average Val Loss (MSE): 33.8352
Epoch 70/100 - Average Train Loss (MSE): 39.7604 - Average Val Loss (MSE): 33.7014
Epoch 71/100 - Average Train Loss (MSE): 39.7293 - Average Val Loss (MSE): 33.7228
Epoch 72/100 - Average Train Loss (MSE): 39.7068 - Average Val Loss (MSE): 33.8645
Epoch 73/100 - Average Train Loss (MSE): 39.6576 - Average Val Loss (MSE): 33.9146
Epoch 74/100 - Average Train Loss (MSE): 39.6759 - Average Val Loss (MSE): 33.7477
Epoch 75/100 - Average Train Loss (MSE): 39.6191 - Average Val Loss (MSE): 34.0207
Epoch 76/100 - Average Train Loss (MSE): 39.6148 - Average Val Loss (MSE): 33.8239
Epoch 77/100 - Average Train Loss (MSE): 39.5857 - Average Val Loss (MSE): 34.0434
Epoch 78/100 - Average Train Loss (MSE): 39.5253 - Average Val Loss (MSE): 33.9467
Epoch 79/100 - Average Train Loss (MSE): 39.4856 - Average Val Loss (MSE): 34.1401
Epoch 80/100 - Average Train Loss (MSE): 39.5497 - Average Val Loss (MSE): 33.6770
Epoch 81/100 - Average Train Loss (MSE): 39.4791 - Average Val Loss (MSE): 33.8852
Epoch 82/100 - Average Train Loss (MSE): 39.4663 - Average Val Loss (MSE): 33.8016
Epoch 83/100 - Average Train Loss (MSE): 39.4100 - Average Val Loss (MSE): 33.8024
Epoch 84/100 - Average Train Loss (MSE): 39.3751 - Average Val Loss (MSE): 33.6297
Epoch 85/100 - Average Train Loss (MSE): 39.3612 - Average Val Loss (MSE): 33.7351
Epoch 86/100 - Average Train Loss (MSE): 39.3795 - Average Val Loss (MSE): 33.9926
Epoch 87/100 - Average Train Loss (MSE): 39.3355 - Average Val Loss (MSE): 33.8424
Epoch 88/100 - Average Train Loss (MSE): 39.3142 - Average Val Loss (MSE): 33.9095
Epoch 89/100 - Average Train Loss (MSE): 39.3306 - Average Val Loss (MSE): 33.8137
Epoch 90/100 - Average Train Loss (MSE): 39.2402 - Average Val Loss (MSE): 33.8367
Epoch 91/100 - Average Train Loss (MSE): 39.2228 - Average Val Loss (MSE): 33.9606
Epoch 92/100 - Average Train Loss (MSE): 39.2389 - Average Val Loss (MSE): 33.8527
Epoch 93/100 - Average Train Loss (MSE): 39.1998 - Average Val Loss (MSE): 33.7279
Epoch 94/100 - Average Train Loss (MSE): 39.2479 - Average Val Loss (MSE): 33.8834
Epoch 95/100 - Average Train Loss (MSE): 39.1328 - Average Val Loss (MSE): 33.8487
Epoch 96/100 - Average Train Loss (MSE): 39.1407 - Average Val Loss (MSE): 33.7400
Epoch 97/100 - Average Train Loss (MSE): 39.1467 - Average Val Loss (MSE): 33.9298
Epoch 98/100 - Average Train Loss (MSE): 39.2002 - Average Val Loss (MSE): 33.8572
Epoch 99/100 - Average Train Loss (MSE): 39.1656 - Average Val Loss (MSE): 34.1701
Epoch 100/100 - Average Train Loss (MSE): 39.1015 - Average Val Loss (MSE): 34.0834

Test Loss: 3.8186

Model Run Complete...

Total time taken for trainer execution: 6.28 minutes

