Requirement already satisfied: optuna in /users/hunjael/.conda/envs/torch-st/lib/python3.10/site-packages (from -r requirements.txt (line 1)) (4.2.0)
Requirement already satisfied: ml_collections in /users/hunjael/.conda/envs/torch-st/lib/python3.10/site-packages (from -r requirements.txt (line 2)) (1.0.0)
Requirement already satisfied: alembic>=1.5.0 in /users/hunjael/.conda/envs/torch-st/lib/python3.10/site-packages (from optuna->-r requirements.txt (line 1)) (1.14.1)
Requirement already satisfied: colorlog in /users/hunjael/.conda/envs/torch-st/lib/python3.10/site-packages (from optuna->-r requirements.txt (line 1)) (6.9.0)
Requirement already satisfied: numpy in /users/hunjael/.conda/envs/torch-st/lib/python3.10/site-packages (from optuna->-r requirements.txt (line 1)) (2.2.2)
Requirement already satisfied: packaging>=20.0 in /users/hunjael/.conda/envs/torch-st/lib/python3.10/site-packages (from optuna->-r requirements.txt (line 1)) (24.2)
Requirement already satisfied: sqlalchemy>=1.4.2 in /users/hunjael/.conda/envs/torch-st/lib/python3.10/site-packages (from optuna->-r requirements.txt (line 1)) (2.0.37)
Requirement already satisfied: tqdm in /users/hunjael/.conda/envs/torch-st/lib/python3.10/site-packages (from optuna->-r requirements.txt (line 1)) (4.67.1)
Requirement already satisfied: PyYAML in /users/hunjael/.conda/envs/torch-st/lib/python3.10/site-packages (from optuna->-r requirements.txt (line 1)) (6.0.2)
Requirement already satisfied: absl-py in /users/hunjael/.conda/envs/torch-st/lib/python3.10/site-packages (from ml_collections->-r requirements.txt (line 2)) (2.1.0)
Requirement already satisfied: six in /users/hunjael/.conda/envs/torch-st/lib/python3.10/site-packages (from ml_collections->-r requirements.txt (line 2)) (1.17.0)
Requirement already satisfied: Mako in /users/hunjael/.conda/envs/torch-st/lib/python3.10/site-packages (from alembic>=1.5.0->optuna->-r requirements.txt (line 1)) (1.3.8)
Requirement already satisfied: typing-extensions>=4 in /users/hunjael/.conda/envs/torch-st/lib/python3.10/site-packages (from alembic>=1.5.0->optuna->-r requirements.txt (line 1)) (4.12.2)
Requirement already satisfied: greenlet!=0.4.17 in /users/hunjael/.conda/envs/torch-st/lib/python3.10/site-packages (from sqlalchemy>=1.4.2->optuna->-r requirements.txt (line 1)) (3.1.1)
Requirement already satisfied: MarkupSafe>=0.9.2 in /users/hunjael/.conda/envs/torch-st/lib/python3.10/site-packages (from Mako->alembic>=1.5.0->optuna->-r requirements.txt (line 1)) (3.0.2)
/users/hunjael/.conda/envs/torch-st/lib/python3.10/site-packages/tsl/datasets/metr_la.py:98: FutureWarning: 'T' is deprecated and will be removed in a future version, please use 'min' instead.
  date_range = pd.date_range(df.index[0], df.index[-1], freq='5T')
/users/hunjael/.conda/envs/torch-st/lib/python3.10/site-packages/tsl/datasets/metr_la.py:109: FutureWarning: The 'method' keyword in DataFrame.replace is deprecated and will be removed in a future version.
  df = df.replace(to_replace=0., method='ffill')

CONFIG DESCRIPTION: temporal GAT; ep=100 lr=0.001

Training Model...

Epoch 1/100 - Train Loss (MSE): 1558.3827 - Val Loss (MSE): 230.1617
Epoch 2/100 - Train Loss (MSE): 855.4207 - Val Loss (MSE): 208.1654
Epoch 3/100 - Train Loss (MSE): 793.0660 - Val Loss (MSE): 159.1392
Epoch 4/100 - Train Loss (MSE): 717.4912 - Val Loss (MSE): 143.7468
Epoch 5/100 - Train Loss (MSE): 629.8099 - Val Loss (MSE): 123.1969
Epoch 6/100 - Train Loss (MSE): 533.2137 - Val Loss (MSE): 106.1906
Epoch 7/100 - Train Loss (MSE): 427.3321 - Val Loss (MSE): 106.1431
Epoch 8/100 - Train Loss (MSE): 322.8190 - Val Loss (MSE): 99.6419
Epoch 9/100 - Train Loss (MSE): 234.5104 - Val Loss (MSE): 90.9160
Epoch 10/100 - Train Loss (MSE): 169.4761 - Val Loss (MSE): 79.1369
Epoch 11/100 - Train Loss (MSE): 137.7549 - Val Loss (MSE): 78.0241
Epoch 12/100 - Train Loss (MSE): 124.7485 - Val Loss (MSE): 75.9578
Epoch 13/100 - Train Loss (MSE): 119.2573 - Val Loss (MSE): 72.8198
Epoch 14/100 - Train Loss (MSE): 117.2604 - Val Loss (MSE): 73.8437
Epoch 15/100 - Train Loss (MSE): 116.5248 - Val Loss (MSE): 71.6420
Epoch 16/100 - Train Loss (MSE): 115.2093 - Val Loss (MSE): 70.3117
Epoch 17/100 - Train Loss (MSE): 114.9764 - Val Loss (MSE): 70.1669
Epoch 18/100 - Train Loss (MSE): 114.0626 - Val Loss (MSE): 69.0580
Epoch 19/100 - Train Loss (MSE): 113.9166 - Val Loss (MSE): 68.4872
Epoch 20/100 - Train Loss (MSE): 113.5985 - Val Loss (MSE): 69.0565
Epoch 21/100 - Train Loss (MSE): 113.1168 - Val Loss (MSE): 67.7457
Epoch 22/100 - Train Loss (MSE): 113.5737 - Val Loss (MSE): 68.4812
Epoch 23/100 - Train Loss (MSE): 113.2069 - Val Loss (MSE): 72.0398
Epoch 24/100 - Train Loss (MSE): 113.6447 - Val Loss (MSE): 68.8614
Epoch 25/100 - Train Loss (MSE): 112.8441 - Val Loss (MSE): 69.2844
Epoch 26/100 - Train Loss (MSE): 112.5590 - Val Loss (MSE): 67.6496
Epoch 27/100 - Train Loss (MSE): 112.2712 - Val Loss (MSE): 67.7273
Epoch 28/100 - Train Loss (MSE): 112.2294 - Val Loss (MSE): 68.1759
Epoch 29/100 - Train Loss (MSE): 112.1120 - Val Loss (MSE): 69.0063
Epoch 30/100 - Train Loss (MSE): 112.1954 - Val Loss (MSE): 67.0018
Epoch 31/100 - Train Loss (MSE): 112.2439 - Val Loss (MSE): 67.8497
Epoch 32/100 - Train Loss (MSE): 112.8539 - Val Loss (MSE): 67.1052
Epoch 33/100 - Train Loss (MSE): 112.1850 - Val Loss (MSE): 66.0559
Epoch 34/100 - Train Loss (MSE): 112.0960 - Val Loss (MSE): 68.1921
Epoch 35/100 - Train Loss (MSE): 111.9624 - Val Loss (MSE): 68.1757
Epoch 36/100 - Train Loss (MSE): 112.1031 - Val Loss (MSE): 68.3469
Epoch 37/100 - Train Loss (MSE): 111.8868 - Val Loss (MSE): 66.9618
Epoch 38/100 - Train Loss (MSE): 111.8950 - Val Loss (MSE): 66.9344
Epoch 39/100 - Train Loss (MSE): 111.7056 - Val Loss (MSE): 67.0985
Epoch 40/100 - Train Loss (MSE): 111.4610 - Val Loss (MSE): 66.8628
Epoch 41/100 - Train Loss (MSE): 111.3880 - Val Loss (MSE): 66.5886
Epoch 42/100 - Train Loss (MSE): 111.7221 - Val Loss (MSE): 67.0893
Epoch 43/100 - Train Loss (MSE): 111.2511 - Val Loss (MSE): 67.9943
Epoch 44/100 - Train Loss (MSE): 111.7965 - Val Loss (MSE): 66.2278
Epoch 45/100 - Train Loss (MSE): 112.7283 - Val Loss (MSE): 66.6800
Epoch 46/100 - Train Loss (MSE): 112.3766 - Val Loss (MSE): 66.7166
Epoch 47/100 - Train Loss (MSE): 111.9653 - Val Loss (MSE): 67.4178
Epoch 48/100 - Train Loss (MSE): 111.8896 - Val Loss (MSE): 68.1867
Epoch 49/100 - Train Loss (MSE): 111.0321 - Val Loss (MSE): 65.3468
Epoch 50/100 - Train Loss (MSE): 110.8806 - Val Loss (MSE): 66.6787
Epoch 51/100 - Train Loss (MSE): 110.5841 - Val Loss (MSE): 66.2929
Epoch 52/100 - Train Loss (MSE): 110.4412 - Val Loss (MSE): 65.5488
Epoch 53/100 - Train Loss (MSE): 111.0225 - Val Loss (MSE): 66.6837
Epoch 54/100 - Train Loss (MSE): 112.4924 - Val Loss (MSE): 67.8420
Epoch 55/100 - Train Loss (MSE): 110.8884 - Val Loss (MSE): 67.0971
Epoch 56/100 - Train Loss (MSE): 110.8630 - Val Loss (MSE): 66.2966
Epoch 57/100 - Train Loss (MSE): 110.6742 - Val Loss (MSE): 66.5417
Epoch 58/100 - Train Loss (MSE): 110.6510 - Val Loss (MSE): 66.2543
Epoch 59/100 - Train Loss (MSE): 110.5663 - Val Loss (MSE): 66.8816
Epoch 60/100 - Train Loss (MSE): 110.4181 - Val Loss (MSE): 67.3521
Epoch 61/100 - Train Loss (MSE): 111.4520 - Val Loss (MSE): 66.6182
Epoch 62/100 - Train Loss (MSE): 110.5991 - Val Loss (MSE): 66.2006
Epoch 63/100 - Train Loss (MSE): 110.5727 - Val Loss (MSE): 67.5211
Epoch 64/100 - Train Loss (MSE): 110.6773 - Val Loss (MSE): 65.8324
Epoch 65/100 - Train Loss (MSE): 110.6005 - Val Loss (MSE): 66.5754
Epoch 66/100 - Train Loss (MSE): 110.4425 - Val Loss (MSE): 64.4534
Epoch 67/100 - Train Loss (MSE): 110.4583 - Val Loss (MSE): 65.3529
Epoch 68/100 - Train Loss (MSE): 110.0504 - Val Loss (MSE): 67.1398
Epoch 69/100 - Train Loss (MSE): 110.3594 - Val Loss (MSE): 65.7001
Epoch 70/100 - Train Loss (MSE): 110.0438 - Val Loss (MSE): 66.2562
Epoch 71/100 - Train Loss (MSE): 110.0606 - Val Loss (MSE): 66.1373
Epoch 72/100 - Train Loss (MSE): 110.2359 - Val Loss (MSE): 67.1391
Epoch 73/100 - Train Loss (MSE): 110.2113 - Val Loss (MSE): 66.4135
Epoch 74/100 - Train Loss (MSE): 110.2449 - Val Loss (MSE): 67.4631
Epoch 75/100 - Train Loss (MSE): 110.0546 - Val Loss (MSE): 65.5749
Epoch 76/100 - Train Loss (MSE): 109.7810 - Val Loss (MSE): 68.1090
Epoch 77/100 - Train Loss (MSE): 110.5632 - Val Loss (MSE): 66.5456
Epoch 78/100 - Train Loss (MSE): 110.0314 - Val Loss (MSE): 65.7178
Epoch 79/100 - Train Loss (MSE): 109.9464 - Val Loss (MSE): 64.8389
Epoch 80/100 - Train Loss (MSE): 110.0192 - Val Loss (MSE): 65.4498
Epoch 81/100 - Train Loss (MSE): 109.7109 - Val Loss (MSE): 66.5324
Epoch 82/100 - Train Loss (MSE): 109.7676 - Val Loss (MSE): 65.7880
Epoch 83/100 - Train Loss (MSE): 109.7687 - Val Loss (MSE): 63.7780
Epoch 84/100 - Train Loss (MSE): 110.0443 - Val Loss (MSE): nan
Epoch 85/100 - Train Loss (MSE): 109.7249 - Val Loss (MSE): 65.0730
Epoch 86/100 - Train Loss (MSE): 109.6311 - Val Loss (MSE): 65.3569
Epoch 87/100 - Train Loss (MSE): 109.5473 - Val Loss (MSE): 65.4798
Epoch 88/100 - Train Loss (MSE): 109.9035 - Val Loss (MSE): 65.9904
Epoch 89/100 - Train Loss (MSE): 110.4100 - Val Loss (MSE): 66.3778
Epoch 90/100 - Train Loss (MSE): 110.3732 - Val Loss (MSE): 65.2790
Epoch 91/100 - Train Loss (MSE): 109.6530 - Val Loss (MSE): 64.8468
Epoch 92/100 - Train Loss (MSE): 109.6541 - Val Loss (MSE): 65.6302
Epoch 93/100 - Train Loss (MSE): 109.6705 - Val Loss (MSE): 65.3733
Epoch 94/100 - Train Loss (MSE): 109.6907 - Val Loss (MSE): 66.1172
Epoch 95/100 - Train Loss (MSE): 109.8317 - Val Loss (MSE): 68.7393
Epoch 96/100 - Train Loss (MSE): 110.0942 - Val Loss (MSE): 65.6203
Epoch 97/100 - Train Loss (MSE): 110.3286 - Val Loss (MSE): 66.9446
Epoch 98/100 - Train Loss (MSE): 109.8186 - Val Loss (MSE): 66.1656
Epoch 99/100 - Train Loss (MSE): 109.6262 - Val Loss (MSE): 64.7426
Epoch 100/100 - Train Loss (MSE): 109.6527 - Val Loss (MSE): 65.6867

Test Loss: 6.3303

Model Run Complete...

Total time taken for trainer execution: 14.92 minutes

