Requirement already satisfied: optuna in /users/hunjael/.conda/envs/torch-st/lib/python3.10/site-packages (from -r requirements.txt (line 1)) (4.2.0)
Requirement already satisfied: ml_collections in /users/hunjael/.conda/envs/torch-st/lib/python3.10/site-packages (from -r requirements.txt (line 2)) (1.0.0)
Requirement already satisfied: alembic>=1.5.0 in /users/hunjael/.conda/envs/torch-st/lib/python3.10/site-packages (from optuna->-r requirements.txt (line 1)) (1.14.1)
Requirement already satisfied: colorlog in /users/hunjael/.conda/envs/torch-st/lib/python3.10/site-packages (from optuna->-r requirements.txt (line 1)) (6.9.0)
Requirement already satisfied: numpy in /users/hunjael/.conda/envs/torch-st/lib/python3.10/site-packages (from optuna->-r requirements.txt (line 1)) (2.2.2)
Requirement already satisfied: packaging>=20.0 in /users/hunjael/.conda/envs/torch-st/lib/python3.10/site-packages (from optuna->-r requirements.txt (line 1)) (24.2)
Requirement already satisfied: sqlalchemy>=1.4.2 in /users/hunjael/.conda/envs/torch-st/lib/python3.10/site-packages (from optuna->-r requirements.txt (line 1)) (2.0.37)
Requirement already satisfied: tqdm in /users/hunjael/.conda/envs/torch-st/lib/python3.10/site-packages (from optuna->-r requirements.txt (line 1)) (4.67.1)
Requirement already satisfied: PyYAML in /users/hunjael/.conda/envs/torch-st/lib/python3.10/site-packages (from optuna->-r requirements.txt (line 1)) (6.0.2)
Requirement already satisfied: absl-py in /users/hunjael/.conda/envs/torch-st/lib/python3.10/site-packages (from ml_collections->-r requirements.txt (line 2)) (2.1.0)
Requirement already satisfied: six in /users/hunjael/.conda/envs/torch-st/lib/python3.10/site-packages (from ml_collections->-r requirements.txt (line 2)) (1.17.0)
Requirement already satisfied: Mako in /users/hunjael/.conda/envs/torch-st/lib/python3.10/site-packages (from alembic>=1.5.0->optuna->-r requirements.txt (line 1)) (1.3.8)
Requirement already satisfied: typing-extensions>=4 in /users/hunjael/.conda/envs/torch-st/lib/python3.10/site-packages (from alembic>=1.5.0->optuna->-r requirements.txt (line 1)) (4.12.2)
Requirement already satisfied: greenlet!=0.4.17 in /users/hunjael/.conda/envs/torch-st/lib/python3.10/site-packages (from sqlalchemy>=1.4.2->optuna->-r requirements.txt (line 1)) (3.1.1)
Requirement already satisfied: MarkupSafe>=0.9.2 in /users/hunjael/.conda/envs/torch-st/lib/python3.10/site-packages (from Mako->alembic>=1.5.0->optuna->-r requirements.txt (line 1)) (3.0.2)
/users/hunjael/.conda/envs/torch-st/lib/python3.10/site-packages/tsl/datasets/metr_la.py:98: FutureWarning: 'T' is deprecated and will be removed in a future version, please use 'min' instead.
  date_range = pd.date_range(df.index[0], df.index[-1], freq='5T')
/users/hunjael/.conda/envs/torch-st/lib/python3.10/site-packages/tsl/datasets/metr_la.py:109: FutureWarning: The 'method' keyword in DataFrame.replace is deprecated and will be removed in a future version.
  df = df.replace(to_replace=0., method='ffill')

Training Model...

Epoch 1/100 - Average Train Loss (MSE): 670.4444 - Average Val Loss (MSE): 116.9615
Epoch 2/100 - Average Train Loss (MSE): 144.3161 - Average Val Loss (MSE): 109.2551
Epoch 3/100 - Average Train Loss (MSE): 141.0460 - Average Val Loss (MSE): 113.1547
Epoch 4/100 - Average Train Loss (MSE): 140.5833 - Average Val Loss (MSE): 103.4294
Epoch 5/100 - Average Train Loss (MSE): 136.9099 - Average Val Loss (MSE): 89.2994
Epoch 6/100 - Average Train Loss (MSE): 131.2633 - Average Val Loss (MSE): 84.5140
Epoch 7/100 - Average Train Loss (MSE): 128.3863 - Average Val Loss (MSE): 83.6127
Epoch 8/100 - Average Train Loss (MSE): 130.1625 - Average Val Loss (MSE): 86.1461
Epoch 9/100 - Average Train Loss (MSE): 126.8542 - Average Val Loss (MSE): 84.1080
Epoch 10/100 - Average Train Loss (MSE): 128.7236 - Average Val Loss (MSE): 83.9552
Epoch 11/100 - Average Train Loss (MSE): 127.8244 - Average Val Loss (MSE): 85.2236
Epoch 12/100 - Average Train Loss (MSE): 129.2534 - Average Val Loss (MSE): 88.6475
Epoch 13/100 - Average Train Loss (MSE): 131.0865 - Average Val Loss (MSE): 90.1206
Epoch 14/100 - Average Train Loss (MSE): 129.7511 - Average Val Loss (MSE): 92.2809
Epoch 15/100 - Average Train Loss (MSE): 130.9053 - Average Val Loss (MSE): 91.8774
Epoch 16/100 - Average Train Loss (MSE): 131.6484 - Average Val Loss (MSE): 92.9241
Epoch 17/100 - Average Train Loss (MSE): 131.4663 - Average Val Loss (MSE): 92.2947
Epoch 18/100 - Average Train Loss (MSE): 10061023.5453 - Average Val Loss (MSE): 4194.5310
Epoch 19/100 - Average Train Loss (MSE): 5258.4538 - Average Val Loss (MSE): 2317.1880
Epoch 20/100 - Average Train Loss (MSE): 2945.1138 - Average Val Loss (MSE): 1569.8712
Epoch 21/100 - Average Train Loss (MSE): 2099.7486 - Average Val Loss (MSE): 1245.8221
Epoch 22/100 - Average Train Loss (MSE): 1619.4991 - Average Val Loss (MSE): 1006.4851
Epoch 23/100 - Average Train Loss (MSE): 1278.8534 - Average Val Loss (MSE): 809.6436
Epoch 24/100 - Average Train Loss (MSE): 1037.0359 - Average Val Loss (MSE): 650.8003
Epoch 25/100 - Average Train Loss (MSE): 866.7942 - Average Val Loss (MSE): 526.4557
Epoch 26/100 - Average Train Loss (MSE): 746.6321 - Average Val Loss (MSE): 434.5008
Epoch 27/100 - Average Train Loss (MSE): 651.5832 - Average Val Loss (MSE): 369.2562
Epoch 28/100 - Average Train Loss (MSE): 578.6080 - Average Val Loss (MSE): 322.3702
Epoch 29/100 - Average Train Loss (MSE): 533.2562 - Average Val Loss (MSE): 287.5909
Epoch 30/100 - Average Train Loss (MSE): 498.2747 - Average Val Loss (MSE): 261.9077
Epoch 31/100 - Average Train Loss (MSE): 468.2637 - Average Val Loss (MSE): 243.1838
Epoch 32/100 - Average Train Loss (MSE): 441.2550 - Average Val Loss (MSE): 229.0342
Epoch 33/100 - Average Train Loss (MSE): 418.6883 - Average Val Loss (MSE): 217.6841
Epoch 34/100 - Average Train Loss (MSE): 397.2598 - Average Val Loss (MSE): 208.6108
Epoch 35/100 - Average Train Loss (MSE): 377.5828 - Average Val Loss (MSE): 201.2697
Epoch 36/100 - Average Train Loss (MSE): 359.3560 - Average Val Loss (MSE): 195.8762
Epoch 37/100 - Average Train Loss (MSE): 342.5653 - Average Val Loss (MSE): 190.3366
Epoch 38/100 - Average Train Loss (MSE): 327.0127 - Average Val Loss (MSE): 187.1348
Epoch 39/100 - Average Train Loss (MSE): 311.8863 - Average Val Loss (MSE): 183.0327
Epoch 40/100 - Average Train Loss (MSE): 298.1564 - Average Val Loss (MSE): 179.8588
Epoch 41/100 - Average Train Loss (MSE): 286.2117 - Average Val Loss (MSE): 178.0152
Epoch 42/100 - Average Train Loss (MSE): 275.0893 - Average Val Loss (MSE): 176.5054
Epoch 43/100 - Average Train Loss (MSE): 264.5703 - Average Val Loss (MSE): 174.0750
Epoch 44/100 - Average Train Loss (MSE): 254.8447 - Average Val Loss (MSE): 172.7844
Epoch 45/100 - Average Train Loss (MSE): 245.5135 - Average Val Loss (MSE): 171.0356
Epoch 46/100 - Average Train Loss (MSE): 237.0032 - Average Val Loss (MSE): 168.0809
Epoch 47/100 - Average Train Loss (MSE): 229.2434 - Average Val Loss (MSE): 166.6856
Epoch 48/100 - Average Train Loss (MSE): 221.8108 - Average Val Loss (MSE): 164.4120
Epoch 49/100 - Average Train Loss (MSE): 215.3843 - Average Val Loss (MSE): 162.5105
Epoch 50/100 - Average Train Loss (MSE): 209.2598 - Average Val Loss (MSE): 161.4959
Epoch 51/100 - Average Train Loss (MSE): 204.1745 - Average Val Loss (MSE): 160.3969
Epoch 52/100 - Average Train Loss (MSE): 199.6067 - Average Val Loss (MSE): 158.2180
Epoch 53/100 - Average Train Loss (MSE): 195.7446 - Average Val Loss (MSE): 157.2494
Epoch 54/100 - Average Train Loss (MSE): 192.5582 - Average Val Loss (MSE): 155.0155
Epoch 55/100 - Average Train Loss (MSE): 189.8089 - Average Val Loss (MSE): 154.1826
Epoch 56/100 - Average Train Loss (MSE): 187.5669 - Average Val Loss (MSE): 152.8762
Epoch 57/100 - Average Train Loss (MSE): 185.7449 - Average Val Loss (MSE): 151.6606
Epoch 58/100 - Average Train Loss (MSE): 184.2899 - Average Val Loss (MSE): 150.8755
Epoch 59/100 - Average Train Loss (MSE): 183.1565 - Average Val Loss (MSE): 150.5210
Epoch 60/100 - Average Train Loss (MSE): 182.1906 - Average Val Loss (MSE): 149.4306
Epoch 61/100 - Average Train Loss (MSE): 181.2098 - Average Val Loss (MSE): 149.3942
Epoch 62/100 - Average Train Loss (MSE): 180.5843 - Average Val Loss (MSE): 149.4023
Epoch 63/100 - Average Train Loss (MSE): 179.8902 - Average Val Loss (MSE): 149.7466
Epoch 64/100 - Average Train Loss (MSE): 179.3433 - Average Val Loss (MSE): 148.4791
Epoch 65/100 - Average Train Loss (MSE): 178.5871 - Average Val Loss (MSE): 148.2530
Epoch 66/100 - Average Train Loss (MSE): 178.1110 - Average Val Loss (MSE): 148.2041
Epoch 67/100 - Average Train Loss (MSE): 177.6957 - Average Val Loss (MSE): 148.0694
Epoch 68/100 - Average Train Loss (MSE): 177.2651 - Average Val Loss (MSE): 146.5819
Epoch 69/100 - Average Train Loss (MSE): 176.7990 - Average Val Loss (MSE): 147.0231
Epoch 70/100 - Average Train Loss (MSE): 176.3816 - Average Val Loss (MSE): 147.6525
Epoch 71/100 - Average Train Loss (MSE): 176.1999 - Average Val Loss (MSE): 146.6952
Epoch 72/100 - Average Train Loss (MSE): 175.9492 - Average Val Loss (MSE): 147.6177
Epoch 73/100 - Average Train Loss (MSE): 175.7795 - Average Val Loss (MSE): 146.1369
Epoch 74/100 - Average Train Loss (MSE): 175.6544 - Average Val Loss (MSE): 150.0358
Epoch 75/100 - Average Train Loss (MSE): 175.4103 - Average Val Loss (MSE): 148.1710
Epoch 76/100 - Average Train Loss (MSE): 175.2042 - Average Val Loss (MSE): 148.4005
Epoch 77/100 - Average Train Loss (MSE): 175.2350 - Average Val Loss (MSE): 146.3589
Epoch 78/100 - Average Train Loss (MSE): 175.0500 - Average Val Loss (MSE): 146.9583
Epoch 79/100 - Average Train Loss (MSE): 174.9204 - Average Val Loss (MSE): 147.4559
Epoch 80/100 - Average Train Loss (MSE): 174.8231 - Average Val Loss (MSE): 147.3564
Epoch 81/100 - Average Train Loss (MSE): 174.8170 - Average Val Loss (MSE): 146.8232
Epoch 82/100 - Average Train Loss (MSE): 174.5692 - Average Val Loss (MSE): 145.8444
Epoch 83/100 - Average Train Loss (MSE): 174.5642 - Average Val Loss (MSE): 146.5500
Epoch 84/100 - Average Train Loss (MSE): 174.6664 - Average Val Loss (MSE): 148.9331
Epoch 85/100 - Average Train Loss (MSE): 174.5228 - Average Val Loss (MSE): 148.2203
Epoch 86/100 - Average Train Loss (MSE): 174.4534 - Average Val Loss (MSE): 147.0644
Epoch 87/100 - Average Train Loss (MSE): 174.6598 - Average Val Loss (MSE): 148.8293
Epoch 88/100 - Average Train Loss (MSE): 174.3143 - Average Val Loss (MSE): 145.7713
Epoch 89/100 - Average Train Loss (MSE): 174.4637 - Average Val Loss (MSE): 145.6720
Epoch 90/100 - Average Train Loss (MSE): 174.6811 - Average Val Loss (MSE): 146.6744
Epoch 91/100 - Average Train Loss (MSE): 174.8475 - Average Val Loss (MSE): 150.6243
Epoch 92/100 - Average Train Loss (MSE): 214.9116 - Average Val Loss (MSE): 313.1491
Epoch 93/100 - Average Train Loss (MSE): 177.4273 - Average Val Loss (MSE): 146.8435
Epoch 94/100 - Average Train Loss (MSE): 174.5627 - Average Val Loss (MSE): 151.1396
Epoch 95/100 - Average Train Loss (MSE): 174.8313 - Average Val Loss (MSE): 144.8435
Epoch 96/100 - Average Train Loss (MSE): 174.4598 - Average Val Loss (MSE): 146.3435
Epoch 97/100 - Average Train Loss (MSE): 175.0041 - Average Val Loss (MSE): 147.1472
Epoch 98/100 - Average Train Loss (MSE): 174.5562 - Average Val Loss (MSE): 147.1822
Epoch 99/100 - Average Train Loss (MSE): 174.4674 - Average Val Loss (MSE): 147.2955
Epoch 100/100 - Average Train Loss (MSE): 174.8650 - Average Val Loss (MSE): 151.1621

Test Loss: 10.0787

Model Run Complete...

Total time taken for trainer execution: 18.33 minutes

