Requirement already satisfied: optuna in /users/hunjael/.conda/envs/torch-st/lib/python3.10/site-packages (from -r requirements.txt (line 1)) (4.2.0)
Requirement already satisfied: ml_collections in /users/hunjael/.conda/envs/torch-st/lib/python3.10/site-packages (from -r requirements.txt (line 2)) (1.0.0)
Requirement already satisfied: alembic>=1.5.0 in /users/hunjael/.conda/envs/torch-st/lib/python3.10/site-packages (from optuna->-r requirements.txt (line 1)) (1.14.1)
Requirement already satisfied: colorlog in /users/hunjael/.conda/envs/torch-st/lib/python3.10/site-packages (from optuna->-r requirements.txt (line 1)) (6.9.0)
Requirement already satisfied: numpy in /users/hunjael/.conda/envs/torch-st/lib/python3.10/site-packages (from optuna->-r requirements.txt (line 1)) (2.2.2)
Requirement already satisfied: packaging>=20.0 in /users/hunjael/.conda/envs/torch-st/lib/python3.10/site-packages (from optuna->-r requirements.txt (line 1)) (24.2)
Requirement already satisfied: sqlalchemy>=1.4.2 in /users/hunjael/.conda/envs/torch-st/lib/python3.10/site-packages (from optuna->-r requirements.txt (line 1)) (2.0.37)
Requirement already satisfied: tqdm in /users/hunjael/.conda/envs/torch-st/lib/python3.10/site-packages (from optuna->-r requirements.txt (line 1)) (4.67.1)
Requirement already satisfied: PyYAML in /users/hunjael/.conda/envs/torch-st/lib/python3.10/site-packages (from optuna->-r requirements.txt (line 1)) (6.0.2)
Requirement already satisfied: absl-py in /users/hunjael/.conda/envs/torch-st/lib/python3.10/site-packages (from ml_collections->-r requirements.txt (line 2)) (2.1.0)
Requirement already satisfied: six in /users/hunjael/.conda/envs/torch-st/lib/python3.10/site-packages (from ml_collections->-r requirements.txt (line 2)) (1.17.0)
Requirement already satisfied: Mako in /users/hunjael/.conda/envs/torch-st/lib/python3.10/site-packages (from alembic>=1.5.0->optuna->-r requirements.txt (line 1)) (1.3.8)
Requirement already satisfied: typing-extensions>=4 in /users/hunjael/.conda/envs/torch-st/lib/python3.10/site-packages (from alembic>=1.5.0->optuna->-r requirements.txt (line 1)) (4.12.2)
Requirement already satisfied: greenlet!=0.4.17 in /users/hunjael/.conda/envs/torch-st/lib/python3.10/site-packages (from sqlalchemy>=1.4.2->optuna->-r requirements.txt (line 1)) (3.1.1)
Requirement already satisfied: MarkupSafe>=0.9.2 in /users/hunjael/.conda/envs/torch-st/lib/python3.10/site-packages (from Mako->alembic>=1.5.0->optuna->-r requirements.txt (line 1)) (3.0.2)
/users/hunjael/.conda/envs/torch-st/lib/python3.10/site-packages/tsl/datasets/metr_la.py:98: FutureWarning: 'T' is deprecated and will be removed in a future version, please use 'min' instead.
  date_range = pd.date_range(df.index[0], df.index[-1], freq='5T')
/users/hunjael/.conda/envs/torch-st/lib/python3.10/site-packages/tsl/datasets/metr_la.py:109: FutureWarning: The 'method' keyword in DataFrame.replace is deprecated and will be removed in a future version.
  df = df.replace(to_replace=0., method='ffill')

Training Model...

Epoch 1/100 - Average Train Loss (MSE): 402.3216 - Average Val Loss (MSE): 67.3264
Epoch 2/100 - Average Train Loss (MSE): 72.4410 - Average Val Loss (MSE): 47.0098
Epoch 3/100 - Average Train Loss (MSE): 56.5578 - Average Val Loss (MSE): 42.1521
Epoch 4/100 - Average Train Loss (MSE): 52.3256 - Average Val Loss (MSE): 42.3576
Epoch 5/100 - Average Train Loss (MSE): 50.5099 - Average Val Loss (MSE): 39.6118
Epoch 6/100 - Average Train Loss (MSE): 49.7069 - Average Val Loss (MSE): 39.3251
Epoch 7/100 - Average Train Loss (MSE): 49.1667 - Average Val Loss (MSE): 38.3420
Epoch 8/100 - Average Train Loss (MSE): 49.2656 - Average Val Loss (MSE): 40.1054
Epoch 9/100 - Average Train Loss (MSE): 49.0527 - Average Val Loss (MSE): 38.0232
Epoch 10/100 - Average Train Loss (MSE): 48.6406 - Average Val Loss (MSE): 37.8649
Epoch 11/100 - Average Train Loss (MSE): 48.4445 - Average Val Loss (MSE): 37.5763
Epoch 12/100 - Average Train Loss (MSE): 47.9332 - Average Val Loss (MSE): 37.4576
Epoch 13/100 - Average Train Loss (MSE): 47.4488 - Average Val Loss (MSE): 36.7222
Epoch 14/100 - Average Train Loss (MSE): 47.1595 - Average Val Loss (MSE): 36.7696
Epoch 15/100 - Average Train Loss (MSE): 47.0118 - Average Val Loss (MSE): 36.6826
Epoch 16/100 - Average Train Loss (MSE): 46.9611 - Average Val Loss (MSE): 36.4246
Epoch 17/100 - Average Train Loss (MSE): 46.8440 - Average Val Loss (MSE): 36.5531
Epoch 18/100 - Average Train Loss (MSE): 46.5534 - Average Val Loss (MSE): 36.4328
Epoch 19/100 - Average Train Loss (MSE): 46.3338 - Average Val Loss (MSE): 36.1922
Epoch 20/100 - Average Train Loss (MSE): 46.1260 - Average Val Loss (MSE): 35.7660
Epoch 21/100 - Average Train Loss (MSE): 45.8923 - Average Val Loss (MSE): 35.7054
Epoch 22/100 - Average Train Loss (MSE): 45.9503 - Average Val Loss (MSE): 35.4930
Epoch 23/100 - Average Train Loss (MSE): 45.6369 - Average Val Loss (MSE): 35.6492
Epoch 24/100 - Average Train Loss (MSE): 45.4262 - Average Val Loss (MSE): 36.1979
Epoch 25/100 - Average Train Loss (MSE): 45.3073 - Average Val Loss (MSE): 35.2646
Epoch 26/100 - Average Train Loss (MSE): 45.1279 - Average Val Loss (MSE): 35.5744
Epoch 27/100 - Average Train Loss (MSE): 44.9279 - Average Val Loss (MSE): 35.0731
Epoch 28/100 - Average Train Loss (MSE): 44.7145 - Average Val Loss (MSE): 35.0533
Epoch 29/100 - Average Train Loss (MSE): 44.8083 - Average Val Loss (MSE): 35.1579
Epoch 30/100 - Average Train Loss (MSE): 44.6304 - Average Val Loss (MSE): 35.4290
Epoch 31/100 - Average Train Loss (MSE): 44.5113 - Average Val Loss (MSE): 34.7161
Epoch 32/100 - Average Train Loss (MSE): 44.2457 - Average Val Loss (MSE): 34.9430
Epoch 33/100 - Average Train Loss (MSE): 44.1487 - Average Val Loss (MSE): 35.3697
Epoch 34/100 - Average Train Loss (MSE): 44.0562 - Average Val Loss (MSE): 35.0939
Epoch 35/100 - Average Train Loss (MSE): 43.9510 - Average Val Loss (MSE): 34.8638
Epoch 36/100 - Average Train Loss (MSE): 43.9492 - Average Val Loss (MSE): 34.4907
Epoch 37/100 - Average Train Loss (MSE): 43.7205 - Average Val Loss (MSE): 35.1296
Epoch 38/100 - Average Train Loss (MSE): 43.6069 - Average Val Loss (MSE): 34.6292
Epoch 39/100 - Average Train Loss (MSE): 43.7401 - Average Val Loss (MSE): 34.2178
Epoch 40/100 - Average Train Loss (MSE): 43.4795 - Average Val Loss (MSE): 34.6400
Epoch 41/100 - Average Train Loss (MSE): 43.4654 - Average Val Loss (MSE): 34.7470
Epoch 42/100 - Average Train Loss (MSE): 43.4309 - Average Val Loss (MSE): 34.2909
Epoch 43/100 - Average Train Loss (MSE): 43.3048 - Average Val Loss (MSE): 35.0761
Epoch 44/100 - Average Train Loss (MSE): 43.2264 - Average Val Loss (MSE): 34.5603
Epoch 45/100 - Average Train Loss (MSE): 43.1087 - Average Val Loss (MSE): 34.7778
Epoch 46/100 - Average Train Loss (MSE): 43.0528 - Average Val Loss (MSE): 34.5037
Epoch 47/100 - Average Train Loss (MSE): 43.0078 - Average Val Loss (MSE): 34.2159
Epoch 48/100 - Average Train Loss (MSE): 42.8730 - Average Val Loss (MSE): 34.2334
Epoch 49/100 - Average Train Loss (MSE): 42.8383 - Average Val Loss (MSE): 34.4744
Epoch 50/100 - Average Train Loss (MSE): 42.7725 - Average Val Loss (MSE): 34.8469
Epoch 51/100 - Average Train Loss (MSE): 42.6996 - Average Val Loss (MSE): 34.0912
Epoch 52/100 - Average Train Loss (MSE): 42.6975 - Average Val Loss (MSE): 34.0933
Epoch 53/100 - Average Train Loss (MSE): 42.5639 - Average Val Loss (MSE): 34.3371
Epoch 54/100 - Average Train Loss (MSE): 42.5972 - Average Val Loss (MSE): 34.2505
Epoch 55/100 - Average Train Loss (MSE): 42.4954 - Average Val Loss (MSE): 34.6495
Epoch 56/100 - Average Train Loss (MSE): 42.3892 - Average Val Loss (MSE): 34.1022
Epoch 57/100 - Average Train Loss (MSE): 42.3327 - Average Val Loss (MSE): 34.2164
Epoch 58/100 - Average Train Loss (MSE): 42.2994 - Average Val Loss (MSE): 34.5372
Epoch 59/100 - Average Train Loss (MSE): 42.2284 - Average Val Loss (MSE): 34.4973
Epoch 60/100 - Average Train Loss (MSE): 42.1039 - Average Val Loss (MSE): 34.6480
Epoch 61/100 - Average Train Loss (MSE): 42.1217 - Average Val Loss (MSE): 33.8069
Epoch 62/100 - Average Train Loss (MSE): 42.0033 - Average Val Loss (MSE): 33.9987
Epoch 63/100 - Average Train Loss (MSE): 42.0066 - Average Val Loss (MSE): 34.5758
Epoch 64/100 - Average Train Loss (MSE): 41.9461 - Average Val Loss (MSE): 34.1276
Epoch 65/100 - Average Train Loss (MSE): 41.7940 - Average Val Loss (MSE): 34.8462
Epoch 66/100 - Average Train Loss (MSE): 41.7861 - Average Val Loss (MSE): 34.0978
Epoch 67/100 - Average Train Loss (MSE): 41.7135 - Average Val Loss (MSE): 35.0284
Epoch 68/100 - Average Train Loss (MSE): 41.6569 - Average Val Loss (MSE): 34.0789
Epoch 69/100 - Average Train Loss (MSE): 41.6236 - Average Val Loss (MSE): 33.7690
Epoch 70/100 - Average Train Loss (MSE): 41.5338 - Average Val Loss (MSE): 34.6124
Epoch 71/100 - Average Train Loss (MSE): 41.5482 - Average Val Loss (MSE): 34.3415
Epoch 72/100 - Average Train Loss (MSE): 41.4618 - Average Val Loss (MSE): 34.6297
Epoch 73/100 - Average Train Loss (MSE): 41.3856 - Average Val Loss (MSE): 34.0936
Epoch 74/100 - Average Train Loss (MSE): 41.3485 - Average Val Loss (MSE): 34.1618
Epoch 75/100 - Average Train Loss (MSE): 41.2837 - Average Val Loss (MSE): 33.9242
Epoch 76/100 - Average Train Loss (MSE): 41.2570 - Average Val Loss (MSE): 34.1025
Epoch 77/100 - Average Train Loss (MSE): 41.1025 - Average Val Loss (MSE): 34.1608
Epoch 78/100 - Average Train Loss (MSE): 41.1939 - Average Val Loss (MSE): 34.4188
Epoch 79/100 - Average Train Loss (MSE): 41.1899 - Average Val Loss (MSE): 33.9940
Epoch 80/100 - Average Train Loss (MSE): 41.0660 - Average Val Loss (MSE): 34.6571
Epoch 81/100 - Average Train Loss (MSE): 41.0456 - Average Val Loss (MSE): 34.1785
Epoch 82/100 - Average Train Loss (MSE): 40.9296 - Average Val Loss (MSE): 33.6641
Epoch 83/100 - Average Train Loss (MSE): 40.8746 - Average Val Loss (MSE): 34.1845
Epoch 84/100 - Average Train Loss (MSE): 40.8546 - Average Val Loss (MSE): 33.8001
Epoch 85/100 - Average Train Loss (MSE): 40.7853 - Average Val Loss (MSE): 34.4710
Epoch 86/100 - Average Train Loss (MSE): 40.7825 - Average Val Loss (MSE): 34.0596
Epoch 87/100 - Average Train Loss (MSE): 40.7142 - Average Val Loss (MSE): 34.3023
Epoch 88/100 - Average Train Loss (MSE): 40.6423 - Average Val Loss (MSE): 34.0606
Epoch 89/100 - Average Train Loss (MSE): 40.6038 - Average Val Loss (MSE): 34.3179
Epoch 90/100 - Average Train Loss (MSE): 40.5611 - Average Val Loss (MSE): 34.4729
Epoch 91/100 - Average Train Loss (MSE): 40.5254 - Average Val Loss (MSE): 34.2218
Epoch 92/100 - Average Train Loss (MSE): 40.4792 - Average Val Loss (MSE): 34.0431
Epoch 93/100 - Average Train Loss (MSE): 40.4526 - Average Val Loss (MSE): 35.0001
Epoch 94/100 - Average Train Loss (MSE): 40.3677 - Average Val Loss (MSE): 34.3417
Epoch 95/100 - Average Train Loss (MSE): 40.3487 - Average Val Loss (MSE): 34.3623
Epoch 96/100 - Average Train Loss (MSE): 40.3454 - Average Val Loss (MSE): 34.3537
Epoch 97/100 - Average Train Loss (MSE): 40.2884 - Average Val Loss (MSE): 34.0220
Epoch 98/100 - Average Train Loss (MSE): 40.2662 - Average Val Loss (MSE): 34.2647
Epoch 99/100 - Average Train Loss (MSE): 40.1629 - Average Val Loss (MSE): 34.5020
Epoch 100/100 - Average Train Loss (MSE): 40.1370 - Average Val Loss (MSE): 34.2628

Test Loss: 3.6762

Model Run Complete...

Total time taken for trainer execution: 34.49 minutes

