Requirement already satisfied: optuna in /users/hunjael/.conda/envs/torch-st/lib/python3.10/site-packages (from -r requirements.txt (line 1)) (4.2.0)
Requirement already satisfied: ml_collections in /users/hunjael/.conda/envs/torch-st/lib/python3.10/site-packages (from -r requirements.txt (line 2)) (1.0.0)
Requirement already satisfied: alembic>=1.5.0 in /users/hunjael/.conda/envs/torch-st/lib/python3.10/site-packages (from optuna->-r requirements.txt (line 1)) (1.14.1)
Requirement already satisfied: colorlog in /users/hunjael/.conda/envs/torch-st/lib/python3.10/site-packages (from optuna->-r requirements.txt (line 1)) (6.9.0)
Requirement already satisfied: numpy in /users/hunjael/.conda/envs/torch-st/lib/python3.10/site-packages (from optuna->-r requirements.txt (line 1)) (2.2.2)
Requirement already satisfied: packaging>=20.0 in /users/hunjael/.conda/envs/torch-st/lib/python3.10/site-packages (from optuna->-r requirements.txt (line 1)) (24.2)
Requirement already satisfied: sqlalchemy>=1.4.2 in /users/hunjael/.conda/envs/torch-st/lib/python3.10/site-packages (from optuna->-r requirements.txt (line 1)) (2.0.37)
Requirement already satisfied: tqdm in /users/hunjael/.conda/envs/torch-st/lib/python3.10/site-packages (from optuna->-r requirements.txt (line 1)) (4.67.1)
Requirement already satisfied: PyYAML in /users/hunjael/.conda/envs/torch-st/lib/python3.10/site-packages (from optuna->-r requirements.txt (line 1)) (6.0.2)
Requirement already satisfied: absl-py in /users/hunjael/.conda/envs/torch-st/lib/python3.10/site-packages (from ml_collections->-r requirements.txt (line 2)) (2.1.0)
Requirement already satisfied: six in /users/hunjael/.conda/envs/torch-st/lib/python3.10/site-packages (from ml_collections->-r requirements.txt (line 2)) (1.17.0)
Requirement already satisfied: Mako in /users/hunjael/.conda/envs/torch-st/lib/python3.10/site-packages (from alembic>=1.5.0->optuna->-r requirements.txt (line 1)) (1.3.8)
Requirement already satisfied: typing-extensions>=4 in /users/hunjael/.conda/envs/torch-st/lib/python3.10/site-packages (from alembic>=1.5.0->optuna->-r requirements.txt (line 1)) (4.12.2)
Requirement already satisfied: greenlet!=0.4.17 in /users/hunjael/.conda/envs/torch-st/lib/python3.10/site-packages (from sqlalchemy>=1.4.2->optuna->-r requirements.txt (line 1)) (3.1.1)
Requirement already satisfied: MarkupSafe>=0.9.2 in /users/hunjael/.conda/envs/torch-st/lib/python3.10/site-packages (from Mako->alembic>=1.5.0->optuna->-r requirements.txt (line 1)) (3.0.2)
/users/hunjael/.conda/envs/torch-st/lib/python3.10/site-packages/tsl/datasets/metr_la.py:98: FutureWarning: 'T' is deprecated and will be removed in a future version, please use 'min' instead.
  date_range = pd.date_range(df.index[0], df.index[-1], freq='5T')
/users/hunjael/.conda/envs/torch-st/lib/python3.10/site-packages/tsl/datasets/metr_la.py:109: FutureWarning: The 'method' keyword in DataFrame.replace is deprecated and will be removed in a future version.
  df = df.replace(to_replace=0., method='ffill')

Training Model...

Epoch 1/100 - Average Train Loss (MSE): 379.0087 - Average Val Loss (MSE): 152.8233
Epoch 2/100 - Average Train Loss (MSE): 175.0517 - Average Val Loss (MSE): 143.4413
Epoch 3/100 - Average Train Loss (MSE): 175.3143 - Average Val Loss (MSE): 147.1955
Epoch 4/100 - Average Train Loss (MSE): 176.7487 - Average Val Loss (MSE): 145.1984
Epoch 5/100 - Average Train Loss (MSE): 175.1671 - Average Val Loss (MSE): 171.3870
Epoch 6/100 - Average Train Loss (MSE): 175.0837 - Average Val Loss (MSE): 143.4302
Epoch 7/100 - Average Train Loss (MSE): 175.1200 - Average Val Loss (MSE): 144.4815
Epoch 8/100 - Average Train Loss (MSE): 176.2848 - Average Val Loss (MSE): 152.3028
Epoch 9/100 - Average Train Loss (MSE): 153.4091 - Average Val Loss (MSE): 80.8674
Epoch 10/100 - Average Train Loss (MSE): 141.2253 - Average Val Loss (MSE): 125.3630
Epoch 11/100 - Average Train Loss (MSE): 177.8257 - Average Val Loss (MSE): 128.6344
Epoch 12/100 - Average Train Loss (MSE): 173.9358 - Average Val Loss (MSE): 145.3091
Epoch 13/100 - Average Train Loss (MSE): 176.8034 - Average Val Loss (MSE): 158.9679
Epoch 14/100 - Average Train Loss (MSE): 175.2237 - Average Val Loss (MSE): 149.6326
Epoch 15/100 - Average Train Loss (MSE): 174.2554 - Average Val Loss (MSE): 189.7102
Epoch 16/100 - Average Train Loss (MSE): 172.5788 - Average Val Loss (MSE): 144.5239
Epoch 17/100 - Average Train Loss (MSE): 171.1119 - Average Val Loss (MSE): 154.8715
Epoch 18/100 - Average Train Loss (MSE): 173.1559 - Average Val Loss (MSE): 148.2316
Epoch 19/100 - Average Train Loss (MSE): 172.3700 - Average Val Loss (MSE): 142.6469
Epoch 20/100 - Average Train Loss (MSE): 172.8868 - Average Val Loss (MSE): 164.2382
Epoch 21/100 - Average Train Loss (MSE): 169.9968 - Average Val Loss (MSE): 176.9327
Epoch 22/100 - Average Train Loss (MSE): 168.8863 - Average Val Loss (MSE): 152.3688
Epoch 23/100 - Average Train Loss (MSE): 165.9519 - Average Val Loss (MSE): 150.0439
Epoch 24/100 - Average Train Loss (MSE): 167.1211 - Average Val Loss (MSE): 145.6323
Epoch 25/100 - Average Train Loss (MSE): 166.9362 - Average Val Loss (MSE): 150.0262
Epoch 26/100 - Average Train Loss (MSE): 169.1419 - Average Val Loss (MSE): 153.7228
Epoch 27/100 - Average Train Loss (MSE): 170.9817 - Average Val Loss (MSE): 162.1564
Epoch 28/100 - Average Train Loss (MSE): 162.8977 - Average Val Loss (MSE): 176.9684
Epoch 29/100 - Average Train Loss (MSE): 171.1895 - Average Val Loss (MSE): 156.8244
Epoch 30/100 - Average Train Loss (MSE): 172.7641 - Average Val Loss (MSE): 152.8925
Epoch 31/100 - Average Train Loss (MSE): 169.1899 - Average Val Loss (MSE): 147.5880
Epoch 32/100 - Average Train Loss (MSE): 169.4782 - Average Val Loss (MSE): 157.7547
Epoch 33/100 - Average Train Loss (MSE): 159.4012 - Average Val Loss (MSE): 110.5274
Epoch 34/100 - Average Train Loss (MSE): 151.7676 - Average Val Loss (MSE): 208.1746
Epoch 35/100 - Average Train Loss (MSE): 158.4169 - Average Val Loss (MSE): 148.2506
Epoch 36/100 - Average Train Loss (MSE): 171.1183 - Average Val Loss (MSE): 162.2142
Epoch 37/100 - Average Train Loss (MSE): 173.3534 - Average Val Loss (MSE): 172.8844
Epoch 38/100 - Average Train Loss (MSE): 166.5451 - Average Val Loss (MSE): 161.0254
Epoch 39/100 - Average Train Loss (MSE): 167.8827 - Average Val Loss (MSE): 151.9220
Epoch 40/100 - Average Train Loss (MSE): 157.0755 - Average Val Loss (MSE): 125.2909
Epoch 41/100 - Average Train Loss (MSE): 164.7939 - Average Val Loss (MSE): 153.5530
Epoch 42/100 - Average Train Loss (MSE): 168.6391 - Average Val Loss (MSE): 164.0167
Epoch 43/100 - Average Train Loss (MSE): 170.0632 - Average Val Loss (MSE): 160.2040
Epoch 44/100 - Average Train Loss (MSE): 171.0008 - Average Val Loss (MSE): 152.2426
Epoch 45/100 - Average Train Loss (MSE): 169.8275 - Average Val Loss (MSE): 147.8482
Epoch 46/100 - Average Train Loss (MSE): 169.8081 - Average Val Loss (MSE): 178.1011
Epoch 47/100 - Average Train Loss (MSE): 125789.4622 - Average Val Loss (MSE): 1597.6806
Epoch 48/100 - Average Train Loss (MSE): 17045.3922 - Average Val Loss (MSE): 146.4568
Epoch 49/100 - Average Train Loss (MSE): 178.5233 - Average Val Loss (MSE): 146.0633
Epoch 50/100 - Average Train Loss (MSE): 177.7663 - Average Val Loss (MSE): 146.1020
Epoch 51/100 - Average Train Loss (MSE): 177.3543 - Average Val Loss (MSE): 150.9742
Epoch 52/100 - Average Train Loss (MSE): 176.7653 - Average Val Loss (MSE): 148.5565
Epoch 53/100 - Average Train Loss (MSE): 176.6166 - Average Val Loss (MSE): 145.1526
Epoch 54/100 - Average Train Loss (MSE): 176.3226 - Average Val Loss (MSE): 145.6123
Epoch 55/100 - Average Train Loss (MSE): 175.8555 - Average Val Loss (MSE): 145.7640
Epoch 56/100 - Average Train Loss (MSE): 175.6312 - Average Val Loss (MSE): 148.0046
Epoch 57/100 - Average Train Loss (MSE): 175.8068 - Average Val Loss (MSE): 146.2872
Epoch 58/100 - Average Train Loss (MSE): 175.3146 - Average Val Loss (MSE): 147.7852
Epoch 59/100 - Average Train Loss (MSE): 175.1518 - Average Val Loss (MSE): 150.9388
Epoch 60/100 - Average Train Loss (MSE): 175.0959 - Average Val Loss (MSE): 146.3906
Epoch 61/100 - Average Train Loss (MSE): 175.2197 - Average Val Loss (MSE): 148.3812
Epoch 62/100 - Average Train Loss (MSE): 174.9323 - Average Val Loss (MSE): 144.1083
Epoch 63/100 - Average Train Loss (MSE): 174.9235 - Average Val Loss (MSE): 145.8728
Epoch 64/100 - Average Train Loss (MSE): 175.4300 - Average Val Loss (MSE): 145.8282
Epoch 65/100 - Average Train Loss (MSE): 174.6098 - Average Val Loss (MSE): 148.2786
Epoch 66/100 - Average Train Loss (MSE): 174.9816 - Average Val Loss (MSE): 144.5554
Epoch 67/100 - Average Train Loss (MSE): 175.1775 - Average Val Loss (MSE): 143.7500
Epoch 68/100 - Average Train Loss (MSE): 174.5119 - Average Val Loss (MSE): 151.8711
Epoch 69/100 - Average Train Loss (MSE): 174.9479 - Average Val Loss (MSE): 145.4004
Epoch 70/100 - Average Train Loss (MSE): 175.0819 - Average Val Loss (MSE): 148.3594
Epoch 71/100 - Average Train Loss (MSE): 175.2050 - Average Val Loss (MSE): 143.7522
Epoch 72/100 - Average Train Loss (MSE): 174.5181 - Average Val Loss (MSE): 143.5578
Epoch 73/100 - Average Train Loss (MSE): 174.8072 - Average Val Loss (MSE): 149.4988
Epoch 74/100 - Average Train Loss (MSE): 175.1190 - Average Val Loss (MSE): 143.7409
Epoch 75/100 - Average Train Loss (MSE): 176.1617 - Average Val Loss (MSE): 144.7581
Epoch 76/100 - Average Train Loss (MSE): 175.4741 - Average Val Loss (MSE): 145.1438
Epoch 77/100 - Average Train Loss (MSE): 175.2962 - Average Val Loss (MSE): 150.1390
Epoch 78/100 - Average Train Loss (MSE): 176.0228 - Average Val Loss (MSE): 145.9515
Epoch 79/100 - Average Train Loss (MSE): 176.9863 - Average Val Loss (MSE): 153.3289
Epoch 80/100 - Average Train Loss (MSE): 176.5413 - Average Val Loss (MSE): 144.5757
Epoch 81/100 - Average Train Loss (MSE): 174.8573 - Average Val Loss (MSE): 154.8777
Epoch 82/100 - Average Train Loss (MSE): 176.1068 - Average Val Loss (MSE): 143.7800
Epoch 83/100 - Average Train Loss (MSE): 178.0737 - Average Val Loss (MSE): 143.4934
Epoch 84/100 - Average Train Loss (MSE): 175.4919 - Average Val Loss (MSE): 143.6865
Epoch 85/100 - Average Train Loss (MSE): 175.4281 - Average Val Loss (MSE): 145.4503
Epoch 86/100 - Average Train Loss (MSE): 174.5777 - Average Val Loss (MSE): 149.8517
Epoch 87/100 - Average Train Loss (MSE): 175.6362 - Average Val Loss (MSE): 144.8605
Epoch 88/100 - Average Train Loss (MSE): 175.1311 - Average Val Loss (MSE): 150.1170
Epoch 89/100 - Average Train Loss (MSE): 174.8478 - Average Val Loss (MSE): 143.6135
Epoch 90/100 - Average Train Loss (MSE): 174.9936 - Average Val Loss (MSE): 143.9471
Epoch 91/100 - Average Train Loss (MSE): 174.5872 - Average Val Loss (MSE): 155.1702
Epoch 92/100 - Average Train Loss (MSE): 174.6013 - Average Val Loss (MSE): 145.6969
Epoch 93/100 - Average Train Loss (MSE): 175.4827 - Average Val Loss (MSE): 147.0258
Epoch 94/100 - Average Train Loss (MSE): 174.5594 - Average Val Loss (MSE): 148.1693
Epoch 95/100 - Average Train Loss (MSE): 174.5697 - Average Val Loss (MSE): 144.7605
Epoch 96/100 - Average Train Loss (MSE): 174.4671 - Average Val Loss (MSE): 146.8835
Epoch 97/100 - Average Train Loss (MSE): 174.5131 - Average Val Loss (MSE): 150.8462
Epoch 98/100 - Average Train Loss (MSE): 174.6265 - Average Val Loss (MSE): 144.3516
Epoch 99/100 - Average Train Loss (MSE): 174.9062 - Average Val Loss (MSE): 145.5883
Epoch 100/100 - Average Train Loss (MSE): 174.5373 - Average Val Loss (MSE): 143.5505

Test Loss: 9.1237

Model Run Complete...

Total time taken for trainer execution: 33.21 minutes

