Requirement already satisfied: optuna in /users/hunjael/.conda/envs/torch-st/lib/python3.10/site-packages (from -r requirements.txt (line 1)) (4.2.0)
Requirement already satisfied: ml_collections in /users/hunjael/.conda/envs/torch-st/lib/python3.10/site-packages (from -r requirements.txt (line 2)) (1.0.0)
Requirement already satisfied: alembic>=1.5.0 in /users/hunjael/.conda/envs/torch-st/lib/python3.10/site-packages (from optuna->-r requirements.txt (line 1)) (1.14.1)
Requirement already satisfied: colorlog in /users/hunjael/.conda/envs/torch-st/lib/python3.10/site-packages (from optuna->-r requirements.txt (line 1)) (6.9.0)
Requirement already satisfied: numpy in /users/hunjael/.conda/envs/torch-st/lib/python3.10/site-packages (from optuna->-r requirements.txt (line 1)) (2.2.2)
Requirement already satisfied: packaging>=20.0 in /users/hunjael/.conda/envs/torch-st/lib/python3.10/site-packages (from optuna->-r requirements.txt (line 1)) (24.2)
Requirement already satisfied: sqlalchemy>=1.4.2 in /users/hunjael/.conda/envs/torch-st/lib/python3.10/site-packages (from optuna->-r requirements.txt (line 1)) (2.0.37)
Requirement already satisfied: tqdm in /users/hunjael/.conda/envs/torch-st/lib/python3.10/site-packages (from optuna->-r requirements.txt (line 1)) (4.67.1)
Requirement already satisfied: PyYAML in /users/hunjael/.conda/envs/torch-st/lib/python3.10/site-packages (from optuna->-r requirements.txt (line 1)) (6.0.2)
Requirement already satisfied: absl-py in /users/hunjael/.conda/envs/torch-st/lib/python3.10/site-packages (from ml_collections->-r requirements.txt (line 2)) (2.1.0)
Requirement already satisfied: six in /users/hunjael/.conda/envs/torch-st/lib/python3.10/site-packages (from ml_collections->-r requirements.txt (line 2)) (1.17.0)
Requirement already satisfied: Mako in /users/hunjael/.conda/envs/torch-st/lib/python3.10/site-packages (from alembic>=1.5.0->optuna->-r requirements.txt (line 1)) (1.3.8)
Requirement already satisfied: typing-extensions>=4 in /users/hunjael/.conda/envs/torch-st/lib/python3.10/site-packages (from alembic>=1.5.0->optuna->-r requirements.txt (line 1)) (4.12.2)
Requirement already satisfied: greenlet!=0.4.17 in /users/hunjael/.conda/envs/torch-st/lib/python3.10/site-packages (from sqlalchemy>=1.4.2->optuna->-r requirements.txt (line 1)) (3.1.1)
Requirement already satisfied: MarkupSafe>=0.9.2 in /users/hunjael/.conda/envs/torch-st/lib/python3.10/site-packages (from Mako->alembic>=1.5.0->optuna->-r requirements.txt (line 1)) (3.0.2)
/users/hunjael/.conda/envs/torch-st/lib/python3.10/site-packages/tsl/datasets/metr_la.py:98: FutureWarning: 'T' is deprecated and will be removed in a future version, please use 'min' instead.
  date_range = pd.date_range(df.index[0], df.index[-1], freq='5T')
/users/hunjael/.conda/envs/torch-st/lib/python3.10/site-packages/tsl/datasets/metr_la.py:109: FutureWarning: The 'method' keyword in DataFrame.replace is deprecated and will be removed in a future version.
  df = df.replace(to_replace=0., method='ffill')

Training Model...

Epoch 1/50 - Average Train Loss (MSE): 764.9515 - Average Val Loss (MSE): 43.6098
Epoch 2/50 - Average Train Loss (MSE): 53.8296 - Average Val Loss (MSE): 40.2308
Epoch 3/50 - Average Train Loss (MSE): 51.5542 - Average Val Loss (MSE): 39.1160
Epoch 4/50 - Average Train Loss (MSE): 50.4998 - Average Val Loss (MSE): 38.3375
Epoch 5/50 - Average Train Loss (MSE): 49.5159 - Average Val Loss (MSE): 38.2962
Epoch 6/50 - Average Train Loss (MSE): 48.9531 - Average Val Loss (MSE): 37.3752
Epoch 7/50 - Average Train Loss (MSE): 48.2979 - Average Val Loss (MSE): 37.1837
Epoch 8/50 - Average Train Loss (MSE): 47.9724 - Average Val Loss (MSE): 37.3697
Epoch 9/50 - Average Train Loss (MSE): 47.6150 - Average Val Loss (MSE): 36.4657
Epoch 10/50 - Average Train Loss (MSE): 47.4505 - Average Val Loss (MSE): 36.5163
Epoch 11/50 - Average Train Loss (MSE): 47.1387 - Average Val Loss (MSE): 36.5069
Epoch 12/50 - Average Train Loss (MSE): 47.1058 - Average Val Loss (MSE): 36.2746
Epoch 13/50 - Average Train Loss (MSE): 47.0244 - Average Val Loss (MSE): 36.7208
Epoch 14/50 - Average Train Loss (MSE): 46.7854 - Average Val Loss (MSE): 36.1395
Epoch 15/50 - Average Train Loss (MSE): 46.7429 - Average Val Loss (MSE): 35.6919
Epoch 16/50 - Average Train Loss (MSE): 46.5059 - Average Val Loss (MSE): 35.6973
Epoch 17/50 - Average Train Loss (MSE): 46.4066 - Average Val Loss (MSE): 35.5644
Epoch 18/50 - Average Train Loss (MSE): 46.3244 - Average Val Loss (MSE): 35.5792
Epoch 19/50 - Average Train Loss (MSE): 46.2107 - Average Val Loss (MSE): 35.5641
Epoch 20/50 - Average Train Loss (MSE): 46.1139 - Average Val Loss (MSE): 35.8023
Epoch 21/50 - Average Train Loss (MSE): 45.9895 - Average Val Loss (MSE): 35.4087
Epoch 22/50 - Average Train Loss (MSE): 45.8357 - Average Val Loss (MSE): 35.1969
Epoch 23/50 - Average Train Loss (MSE): 45.7565 - Average Val Loss (MSE): 35.0545
Epoch 24/50 - Average Train Loss (MSE): 45.7245 - Average Val Loss (MSE): 34.9906
Epoch 25/50 - Average Train Loss (MSE): 45.5276 - Average Val Loss (MSE): 35.0702
Epoch 26/50 - Average Train Loss (MSE): 45.5196 - Average Val Loss (MSE): 34.8989
Epoch 27/50 - Average Train Loss (MSE): 45.5470 - Average Val Loss (MSE): 36.6917
Epoch 28/50 - Average Train Loss (MSE): 45.2790 - Average Val Loss (MSE): 34.5809
Epoch 29/50 - Average Train Loss (MSE): 45.2360 - Average Val Loss (MSE): 35.4751
Epoch 30/50 - Average Train Loss (MSE): 45.1546 - Average Val Loss (MSE): 35.1181
Epoch 31/50 - Average Train Loss (MSE): 45.1694 - Average Val Loss (MSE): 34.9115
Epoch 32/50 - Average Train Loss (MSE): 44.9323 - Average Val Loss (MSE): 34.3891
Epoch 33/50 - Average Train Loss (MSE): 44.9010 - Average Val Loss (MSE): 34.7010
Epoch 34/50 - Average Train Loss (MSE): 44.7617 - Average Val Loss (MSE): 34.5410
Epoch 35/50 - Average Train Loss (MSE): 44.7692 - Average Val Loss (MSE): 34.2008
Epoch 36/50 - Average Train Loss (MSE): 44.6202 - Average Val Loss (MSE): 34.2290
Epoch 37/50 - Average Train Loss (MSE): 44.6382 - Average Val Loss (MSE): 34.1307
Epoch 38/50 - Average Train Loss (MSE): 44.6160 - Average Val Loss (MSE): 34.4409
Epoch 39/50 - Average Train Loss (MSE): 44.6108 - Average Val Loss (MSE): 34.2643
Epoch 40/50 - Average Train Loss (MSE): 44.4822 - Average Val Loss (MSE): 34.3512
Epoch 41/50 - Average Train Loss (MSE): 44.4354 - Average Val Loss (MSE): 34.4548
Epoch 42/50 - Average Train Loss (MSE): 44.3149 - Average Val Loss (MSE): 34.0479
Epoch 43/50 - Average Train Loss (MSE): 44.2557 - Average Val Loss (MSE): 34.0038
Epoch 44/50 - Average Train Loss (MSE): 44.3688 - Average Val Loss (MSE): 34.4831
Epoch 45/50 - Average Train Loss (MSE): 44.3279 - Average Val Loss (MSE): 34.0511
Epoch 46/50 - Average Train Loss (MSE): 44.2163 - Average Val Loss (MSE): 34.3886
Epoch 47/50 - Average Train Loss (MSE): 44.1825 - Average Val Loss (MSE): 33.9566
Epoch 48/50 - Average Train Loss (MSE): 44.0811 - Average Val Loss (MSE): 33.8126
Epoch 49/50 - Average Train Loss (MSE): 44.0139 - Average Val Loss (MSE): 34.2944
Epoch 50/50 - Average Train Loss (MSE): 44.0832 - Average Val Loss (MSE): 33.8645

Test Loss: 3.6612

Model Run Complete...

Total time taken for trainer execution: 8.57 minutes

