Requirement already satisfied: optuna in /users/hunjael/.conda/envs/torch-st/lib/python3.10/site-packages (from -r requirements.txt (line 1)) (4.2.0)
Requirement already satisfied: ml_collections in /users/hunjael/.conda/envs/torch-st/lib/python3.10/site-packages (from -r requirements.txt (line 2)) (1.0.0)
Requirement already satisfied: alembic>=1.5.0 in /users/hunjael/.conda/envs/torch-st/lib/python3.10/site-packages (from optuna->-r requirements.txt (line 1)) (1.14.1)
Requirement already satisfied: colorlog in /users/hunjael/.conda/envs/torch-st/lib/python3.10/site-packages (from optuna->-r requirements.txt (line 1)) (6.9.0)
Requirement already satisfied: numpy in /users/hunjael/.conda/envs/torch-st/lib/python3.10/site-packages (from optuna->-r requirements.txt (line 1)) (2.2.2)
Requirement already satisfied: packaging>=20.0 in /users/hunjael/.conda/envs/torch-st/lib/python3.10/site-packages (from optuna->-r requirements.txt (line 1)) (24.2)
Requirement already satisfied: sqlalchemy>=1.4.2 in /users/hunjael/.conda/envs/torch-st/lib/python3.10/site-packages (from optuna->-r requirements.txt (line 1)) (2.0.37)
Requirement already satisfied: tqdm in /users/hunjael/.conda/envs/torch-st/lib/python3.10/site-packages (from optuna->-r requirements.txt (line 1)) (4.67.1)
Requirement already satisfied: PyYAML in /users/hunjael/.conda/envs/torch-st/lib/python3.10/site-packages (from optuna->-r requirements.txt (line 1)) (6.0.2)
Requirement already satisfied: absl-py in /users/hunjael/.conda/envs/torch-st/lib/python3.10/site-packages (from ml_collections->-r requirements.txt (line 2)) (2.1.0)
Requirement already satisfied: six in /users/hunjael/.conda/envs/torch-st/lib/python3.10/site-packages (from ml_collections->-r requirements.txt (line 2)) (1.17.0)
Requirement already satisfied: Mako in /users/hunjael/.conda/envs/torch-st/lib/python3.10/site-packages (from alembic>=1.5.0->optuna->-r requirements.txt (line 1)) (1.3.8)
Requirement already satisfied: typing-extensions>=4 in /users/hunjael/.conda/envs/torch-st/lib/python3.10/site-packages (from alembic>=1.5.0->optuna->-r requirements.txt (line 1)) (4.12.2)
Requirement already satisfied: greenlet!=0.4.17 in /users/hunjael/.conda/envs/torch-st/lib/python3.10/site-packages (from sqlalchemy>=1.4.2->optuna->-r requirements.txt (line 1)) (3.1.1)
Requirement already satisfied: MarkupSafe>=0.9.2 in /users/hunjael/.conda/envs/torch-st/lib/python3.10/site-packages (from Mako->alembic>=1.5.0->optuna->-r requirements.txt (line 1)) (3.0.2)
/users/hunjael/.conda/envs/torch-st/lib/python3.10/site-packages/tsl/datasets/metr_la.py:98: FutureWarning: 'T' is deprecated and will be removed in a future version, please use 'min' instead.
  date_range = pd.date_range(df.index[0], df.index[-1], freq='5T')
/users/hunjael/.conda/envs/torch-st/lib/python3.10/site-packages/tsl/datasets/metr_la.py:109: FutureWarning: The 'method' keyword in DataFrame.replace is deprecated and will be removed in a future version.
  df = df.replace(to_replace=0., method='ffill')

temporal only model, 150 epochs, lr=0.001, 6 heads

Training Model...

Epoch 1/150 - Average Train Loss (MSE): 2675.1957 - Average Val Loss (MSE): 1221.0427
Epoch 2/150 - Average Train Loss (MSE): 399.4223 - Average Val Loss (MSE): 159.5354
Epoch 3/150 - Average Train Loss (MSE): 175.9333 - Average Val Loss (MSE): 146.5334
Epoch 4/150 - Average Train Loss (MSE): 158.3213 - Average Val Loss (MSE): 91.0072
Epoch 5/150 - Average Train Loss (MSE): 95.1080 - Average Val Loss (MSE): 71.2898
Epoch 6/150 - Average Train Loss (MSE): 82.0076 - Average Val Loss (MSE): 60.7396
Epoch 7/150 - Average Train Loss (MSE): 71.5397 - Average Val Loss (MSE): 53.1644
Epoch 8/150 - Average Train Loss (MSE): 65.5600 - Average Val Loss (MSE): 50.1799
Epoch 9/150 - Average Train Loss (MSE): 62.6560 - Average Val Loss (MSE): 48.1555
Epoch 10/150 - Average Train Loss (MSE): 60.7966 - Average Val Loss (MSE): 47.0671
Epoch 11/150 - Average Train Loss (MSE): 59.3446 - Average Val Loss (MSE): 46.0500
Epoch 12/150 - Average Train Loss (MSE): 58.1869 - Average Val Loss (MSE): 45.1277
Epoch 13/150 - Average Train Loss (MSE): 57.1585 - Average Val Loss (MSE): 44.4760
Epoch 14/150 - Average Train Loss (MSE): 56.2796 - Average Val Loss (MSE): 44.0984
Epoch 15/150 - Average Train Loss (MSE): 55.8086 - Average Val Loss (MSE): 43.3044
Epoch 16/150 - Average Train Loss (MSE): 55.2216 - Average Val Loss (MSE): 43.0439
Epoch 17/150 - Average Train Loss (MSE): 54.6517 - Average Val Loss (MSE): 43.0649
Epoch 18/150 - Average Train Loss (MSE): 54.3597 - Average Val Loss (MSE): 42.4443
Epoch 19/150 - Average Train Loss (MSE): 54.0396 - Average Val Loss (MSE): 42.0841
Epoch 20/150 - Average Train Loss (MSE): 53.6906 - Average Val Loss (MSE): 41.6715
Epoch 21/150 - Average Train Loss (MSE): 53.4919 - Average Val Loss (MSE): 41.9145
Epoch 22/150 - Average Train Loss (MSE): 53.2589 - Average Val Loss (MSE): 41.2929
Epoch 23/150 - Average Train Loss (MSE): 53.0274 - Average Val Loss (MSE): 41.0441
Epoch 24/150 - Average Train Loss (MSE): 52.7409 - Average Val Loss (MSE): 41.1560
Epoch 25/150 - Average Train Loss (MSE): 52.4540 - Average Val Loss (MSE): 41.7173
Epoch 26/150 - Average Train Loss (MSE): 52.3907 - Average Val Loss (MSE): 40.4699
Epoch 27/150 - Average Train Loss (MSE): 52.0982 - Average Val Loss (MSE): 40.2504
Epoch 28/150 - Average Train Loss (MSE): 51.9040 - Average Val Loss (MSE): 40.2985
Epoch 29/150 - Average Train Loss (MSE): 51.6982 - Average Val Loss (MSE): 40.5130
Epoch 30/150 - Average Train Loss (MSE): 51.6619 - Average Val Loss (MSE): 40.1564
Epoch 31/150 - Average Train Loss (MSE): 51.5410 - Average Val Loss (MSE): 39.9332
Epoch 32/150 - Average Train Loss (MSE): 51.3024 - Average Val Loss (MSE): 39.9116
Epoch 33/150 - Average Train Loss (MSE): 51.2149 - Average Val Loss (MSE): 39.6097
Epoch 34/150 - Average Train Loss (MSE): 51.0948 - Average Val Loss (MSE): 39.4484
Epoch 35/150 - Average Train Loss (MSE): 50.8695 - Average Val Loss (MSE): 39.4471
Epoch 36/150 - Average Train Loss (MSE): 50.9962 - Average Val Loss (MSE): 39.5031
Epoch 37/150 - Average Train Loss (MSE): 50.7461 - Average Val Loss (MSE): 39.2505
Epoch 38/150 - Average Train Loss (MSE): 50.7216 - Average Val Loss (MSE): 39.1836
Epoch 39/150 - Average Train Loss (MSE): 50.7596 - Average Val Loss (MSE): 39.3294
Epoch 40/150 - Average Train Loss (MSE): 50.5849 - Average Val Loss (MSE): 39.4034
Epoch 41/150 - Average Train Loss (MSE): 50.4479 - Average Val Loss (MSE): 39.2454
Epoch 42/150 - Average Train Loss (MSE): 50.3397 - Average Val Loss (MSE): 39.2580
Epoch 43/150 - Average Train Loss (MSE): 50.4458 - Average Val Loss (MSE): 39.0287
Epoch 44/150 - Average Train Loss (MSE): 50.4390 - Average Val Loss (MSE): 38.9531
Epoch 45/150 - Average Train Loss (MSE): 50.3104 - Average Val Loss (MSE): 38.7461
Epoch 46/150 - Average Train Loss (MSE): 50.2000 - Average Val Loss (MSE): 38.8162
Epoch 47/150 - Average Train Loss (MSE): 50.2439 - Average Val Loss (MSE): 39.1722
Epoch 48/150 - Average Train Loss (MSE): 50.1307 - Average Val Loss (MSE): 38.9177
Epoch 49/150 - Average Train Loss (MSE): 50.1574 - Average Val Loss (MSE): 38.7227
Epoch 50/150 - Average Train Loss (MSE): 50.0177 - Average Val Loss (MSE): 38.6213
Epoch 51/150 - Average Train Loss (MSE): 49.9887 - Average Val Loss (MSE): 39.0903
Epoch 52/150 - Average Train Loss (MSE): 50.0415 - Average Val Loss (MSE): 38.7428
Epoch 53/150 - Average Train Loss (MSE): 49.9132 - Average Val Loss (MSE): 38.6507
Epoch 54/150 - Average Train Loss (MSE): 49.8445 - Average Val Loss (MSE): 38.7541
Epoch 55/150 - Average Train Loss (MSE): 49.9124 - Average Val Loss (MSE): 38.6362
Epoch 56/150 - Average Train Loss (MSE): 49.8885 - Average Val Loss (MSE): 38.7559
Epoch 57/150 - Average Train Loss (MSE): 49.7859 - Average Val Loss (MSE): 38.3289
Epoch 58/150 - Average Train Loss (MSE): 49.8015 - Average Val Loss (MSE): 38.6750
Epoch 59/150 - Average Train Loss (MSE): 49.7073 - Average Val Loss (MSE): 38.3156
Epoch 60/150 - Average Train Loss (MSE): 49.7092 - Average Val Loss (MSE): 38.4365
Epoch 61/150 - Average Train Loss (MSE): 49.6815 - Average Val Loss (MSE): 38.6384
Epoch 62/150 - Average Train Loss (MSE): 49.6489 - Average Val Loss (MSE): 38.3700
Epoch 63/150 - Average Train Loss (MSE): 49.6637 - Average Val Loss (MSE): 38.4888
Epoch 64/150 - Average Train Loss (MSE): 49.6460 - Average Val Loss (MSE): 38.4930
Epoch 65/150 - Average Train Loss (MSE): 49.5925 - Average Val Loss (MSE): 38.9263
Epoch 66/150 - Average Train Loss (MSE): 49.6851 - Average Val Loss (MSE): 38.4802
Epoch 67/150 - Average Train Loss (MSE): 49.5874 - Average Val Loss (MSE): 38.2052
Epoch 68/150 - Average Train Loss (MSE): 49.5989 - Average Val Loss (MSE): 38.6777
Epoch 69/150 - Average Train Loss (MSE): 49.5930 - Average Val Loss (MSE): 38.4610
Epoch 70/150 - Average Train Loss (MSE): 49.4660 - Average Val Loss (MSE): 38.1475
Epoch 71/150 - Average Train Loss (MSE): 49.5479 - Average Val Loss (MSE): 38.3294
Epoch 72/150 - Average Train Loss (MSE): 49.4335 - Average Val Loss (MSE): 38.0689
Epoch 73/150 - Average Train Loss (MSE): 49.4273 - Average Val Loss (MSE): 38.5296
Epoch 74/150 - Average Train Loss (MSE): 49.7070 - Average Val Loss (MSE): 38.3057
Epoch 75/150 - Average Train Loss (MSE): 49.3277 - Average Val Loss (MSE): 38.2934
Epoch 76/150 - Average Train Loss (MSE): 49.4907 - Average Val Loss (MSE): 38.2028
Epoch 77/150 - Average Train Loss (MSE): 49.3789 - Average Val Loss (MSE): 38.2610
Epoch 78/150 - Average Train Loss (MSE): 49.4261 - Average Val Loss (MSE): 38.2656
Epoch 79/150 - Average Train Loss (MSE): 49.2698 - Average Val Loss (MSE): 38.1435
Epoch 80/150 - Average Train Loss (MSE): 49.3099 - Average Val Loss (MSE): 38.1293
Epoch 81/150 - Average Train Loss (MSE): 49.2845 - Average Val Loss (MSE): 38.0606
Epoch 82/150 - Average Train Loss (MSE): 49.3546 - Average Val Loss (MSE): 38.2530
Epoch 83/150 - Average Train Loss (MSE): 49.3342 - Average Val Loss (MSE): 38.3727
Epoch 84/150 - Average Train Loss (MSE): 49.3174 - Average Val Loss (MSE): 37.9433
Epoch 85/150 - Average Train Loss (MSE): 49.2838 - Average Val Loss (MSE): 37.9054
Epoch 86/150 - Average Train Loss (MSE): 49.2159 - Average Val Loss (MSE): 38.2097
Epoch 87/150 - Average Train Loss (MSE): 49.2993 - Average Val Loss (MSE): 37.9705
Epoch 88/150 - Average Train Loss (MSE): 49.2506 - Average Val Loss (MSE): 38.0389
Epoch 89/150 - Average Train Loss (MSE): 49.1045 - Average Val Loss (MSE): 38.1791
Epoch 90/150 - Average Train Loss (MSE): 49.1915 - Average Val Loss (MSE): 38.2549
Epoch 91/150 - Average Train Loss (MSE): 49.2975 - Average Val Loss (MSE): 37.9698
Epoch 92/150 - Average Train Loss (MSE): 49.1421 - Average Val Loss (MSE): 38.0704
Epoch 93/150 - Average Train Loss (MSE): 49.1141 - Average Val Loss (MSE): 37.8182
Epoch 94/150 - Average Train Loss (MSE): 49.1849 - Average Val Loss (MSE): 37.8494
Epoch 95/150 - Average Train Loss (MSE): 49.0862 - Average Val Loss (MSE): 38.1573
Epoch 96/150 - Average Train Loss (MSE): 49.1126 - Average Val Loss (MSE): 38.0407
Epoch 97/150 - Average Train Loss (MSE): 49.1284 - Average Val Loss (MSE): 37.8474
Epoch 98/150 - Average Train Loss (MSE): 49.0660 - Average Val Loss (MSE): 38.0097
Epoch 99/150 - Average Train Loss (MSE): 49.0625 - Average Val Loss (MSE): 37.6814
Epoch 100/150 - Average Train Loss (MSE): 49.0943 - Average Val Loss (MSE): 37.9462
Epoch 101/150 - Average Train Loss (MSE): 49.1139 - Average Val Loss (MSE): 37.7765
Epoch 102/150 - Average Train Loss (MSE): 49.0225 - Average Val Loss (MSE): 37.8658
Epoch 103/150 - Average Train Loss (MSE): 49.0327 - Average Val Loss (MSE): 37.7438
Epoch 104/150 - Average Train Loss (MSE): 49.0226 - Average Val Loss (MSE): 37.9424
Epoch 105/150 - Average Train Loss (MSE): 49.0959 - Average Val Loss (MSE): 37.7463
Epoch 106/150 - Average Train Loss (MSE): 48.9464 - Average Val Loss (MSE): 37.6904
Epoch 107/150 - Average Train Loss (MSE): 48.9796 - Average Val Loss (MSE): 37.7058
Epoch 108/150 - Average Train Loss (MSE): 48.9597 - Average Val Loss (MSE): 38.2607
Epoch 109/150 - Average Train Loss (MSE): 49.0387 - Average Val Loss (MSE): 37.6927
Epoch 110/150 - Average Train Loss (MSE): 48.9478 - Average Val Loss (MSE): 37.7965
Epoch 111/150 - Average Train Loss (MSE): 49.0213 - Average Val Loss (MSE): 38.1273
Epoch 112/150 - Average Train Loss (MSE): 48.9338 - Average Val Loss (MSE): 38.0657
Epoch 113/150 - Average Train Loss (MSE): 48.8962 - Average Val Loss (MSE): 37.7500
Epoch 114/150 - Average Train Loss (MSE): 49.0015 - Average Val Loss (MSE): 37.8383
Epoch 115/150 - Average Train Loss (MSE): 48.8741 - Average Val Loss (MSE): 37.8339
Epoch 116/150 - Average Train Loss (MSE): 48.9306 - Average Val Loss (MSE): 38.2544
Epoch 117/150 - Average Train Loss (MSE): 48.9440 - Average Val Loss (MSE): 37.6882
Epoch 118/150 - Average Train Loss (MSE): 48.8726 - Average Val Loss (MSE): 37.8904
Epoch 119/150 - Average Train Loss (MSE): 48.8334 - Average Val Loss (MSE): 37.6591
Epoch 120/150 - Average Train Loss (MSE): 48.8156 - Average Val Loss (MSE): 37.7800
Epoch 121/150 - Average Train Loss (MSE): 48.9058 - Average Val Loss (MSE): 37.6905
Epoch 122/150 - Average Train Loss (MSE): 48.8783 - Average Val Loss (MSE): 37.8411
Epoch 123/150 - Average Train Loss (MSE): 48.8584 - Average Val Loss (MSE): 37.5982
Epoch 124/150 - Average Train Loss (MSE): 48.8561 - Average Val Loss (MSE): 37.5897
Epoch 125/150 - Average Train Loss (MSE): 48.8890 - Average Val Loss (MSE): 37.7552
Epoch 126/150 - Average Train Loss (MSE): 48.8486 - Average Val Loss (MSE): 37.7074
Epoch 127/150 - Average Train Loss (MSE): 48.8136 - Average Val Loss (MSE): 37.5840
Epoch 128/150 - Average Train Loss (MSE): 48.8742 - Average Val Loss (MSE): 37.7867
Epoch 129/150 - Average Train Loss (MSE): 48.7844 - Average Val Loss (MSE): 37.6184
Epoch 130/150 - Average Train Loss (MSE): 48.8305 - Average Val Loss (MSE): 37.8226
Epoch 131/150 - Average Train Loss (MSE): 48.8527 - Average Val Loss (MSE): 37.5355
Epoch 132/150 - Average Train Loss (MSE): 48.7986 - Average Val Loss (MSE): 37.5993
Epoch 133/150 - Average Train Loss (MSE): 48.7774 - Average Val Loss (MSE): 37.6798
Epoch 134/150 - Average Train Loss (MSE): 48.7738 - Average Val Loss (MSE): 37.4368
Epoch 135/150 - Average Train Loss (MSE): 48.7608 - Average Val Loss (MSE): 37.7318
Epoch 136/150 - Average Train Loss (MSE): 48.7828 - Average Val Loss (MSE): 38.2073
Epoch 137/150 - Average Train Loss (MSE): 48.7629 - Average Val Loss (MSE): 37.5286
Epoch 138/150 - Average Train Loss (MSE): 48.7652 - Average Val Loss (MSE): 37.8115
Epoch 139/150 - Average Train Loss (MSE): 48.7588 - Average Val Loss (MSE): 37.4926
Epoch 140/150 - Average Train Loss (MSE): 48.6906 - Average Val Loss (MSE): 37.5198
Epoch 141/150 - Average Train Loss (MSE): 48.7921 - Average Val Loss (MSE): 37.9452
Epoch 142/150 - Average Train Loss (MSE): 48.7096 - Average Val Loss (MSE): 37.6040
Epoch 143/150 - Average Train Loss (MSE): 48.7676 - Average Val Loss (MSE): 37.5667
Epoch 144/150 - Average Train Loss (MSE): 48.7472 - Average Val Loss (MSE): 37.5776
Epoch 145/150 - Average Train Loss (MSE): 48.7705 - Average Val Loss (MSE): 37.5938
Epoch 146/150 - Average Train Loss (MSE): 48.7292 - Average Val Loss (MSE): 37.4783
Epoch 147/150 - Average Train Loss (MSE): 48.6220 - Average Val Loss (MSE): 37.7471
Epoch 148/150 - Average Train Loss (MSE): 48.6787 - Average Val Loss (MSE): 37.6820
Epoch 149/150 - Average Train Loss (MSE): 48.7397 - Average Val Loss (MSE): 37.5345
Epoch 150/150 - Average Train Loss (MSE): 48.6544 - Average Val Loss (MSE): 37.5288

Test Loss: 3.8744

Model Run Complete...

Total time taken for trainer execution: 6.68 minutes

