Requirement already satisfied: optuna in /users/hunjael/.conda/envs/torch-st/lib/python3.10/site-packages (from -r requirements.txt (line 1)) (4.2.0)
Requirement already satisfied: ml_collections in /users/hunjael/.conda/envs/torch-st/lib/python3.10/site-packages (from -r requirements.txt (line 2)) (1.0.0)
Requirement already satisfied: alembic>=1.5.0 in /users/hunjael/.conda/envs/torch-st/lib/python3.10/site-packages (from optuna->-r requirements.txt (line 1)) (1.14.1)
Requirement already satisfied: colorlog in /users/hunjael/.conda/envs/torch-st/lib/python3.10/site-packages (from optuna->-r requirements.txt (line 1)) (6.9.0)
Requirement already satisfied: numpy in /users/hunjael/.conda/envs/torch-st/lib/python3.10/site-packages (from optuna->-r requirements.txt (line 1)) (2.2.2)
Requirement already satisfied: packaging>=20.0 in /users/hunjael/.conda/envs/torch-st/lib/python3.10/site-packages (from optuna->-r requirements.txt (line 1)) (24.2)
Requirement already satisfied: sqlalchemy>=1.4.2 in /users/hunjael/.conda/envs/torch-st/lib/python3.10/site-packages (from optuna->-r requirements.txt (line 1)) (2.0.37)
Requirement already satisfied: tqdm in /users/hunjael/.conda/envs/torch-st/lib/python3.10/site-packages (from optuna->-r requirements.txt (line 1)) (4.67.1)
Requirement already satisfied: PyYAML in /users/hunjael/.conda/envs/torch-st/lib/python3.10/site-packages (from optuna->-r requirements.txt (line 1)) (6.0.2)
Requirement already satisfied: absl-py in /users/hunjael/.conda/envs/torch-st/lib/python3.10/site-packages (from ml_collections->-r requirements.txt (line 2)) (2.1.0)
Requirement already satisfied: six in /users/hunjael/.conda/envs/torch-st/lib/python3.10/site-packages (from ml_collections->-r requirements.txt (line 2)) (1.17.0)
Requirement already satisfied: Mako in /users/hunjael/.conda/envs/torch-st/lib/python3.10/site-packages (from alembic>=1.5.0->optuna->-r requirements.txt (line 1)) (1.3.8)
Requirement already satisfied: typing-extensions>=4 in /users/hunjael/.conda/envs/torch-st/lib/python3.10/site-packages (from alembic>=1.5.0->optuna->-r requirements.txt (line 1)) (4.12.2)
Requirement already satisfied: greenlet!=0.4.17 in /users/hunjael/.conda/envs/torch-st/lib/python3.10/site-packages (from sqlalchemy>=1.4.2->optuna->-r requirements.txt (line 1)) (3.1.1)
Requirement already satisfied: MarkupSafe>=0.9.2 in /users/hunjael/.conda/envs/torch-st/lib/python3.10/site-packages (from Mako->alembic>=1.5.0->optuna->-r requirements.txt (line 1)) (3.0.2)
/users/hunjael/.conda/envs/torch-st/lib/python3.10/site-packages/tsl/datasets/metr_la.py:98: FutureWarning: 'T' is deprecated and will be removed in a future version, please use 'min' instead.
  date_range = pd.date_range(df.index[0], df.index[-1], freq='5T')
/users/hunjael/.conda/envs/torch-st/lib/python3.10/site-packages/tsl/datasets/metr_la.py:109: FutureWarning: The 'method' keyword in DataFrame.replace is deprecated and will be removed in a future version.
  df = df.replace(to_replace=0., method='ffill')

Training Model...

Epoch 1/50 - Average Train Loss (MSE): 1337.1235 - Average Val Loss (MSE): 113.3682
Epoch 2/50 - Average Train Loss (MSE): 60.0056 - Average Val Loss (MSE): 39.5198
Epoch 3/50 - Average Train Loss (MSE): 49.2915 - Average Val Loss (MSE): 39.9134
Epoch 4/50 - Average Train Loss (MSE): 48.6598 - Average Val Loss (MSE): 38.3963
Epoch 5/50 - Average Train Loss (MSE): 48.1852 - Average Val Loss (MSE): 37.6415
Epoch 6/50 - Average Train Loss (MSE): 47.8431 - Average Val Loss (MSE): 37.7792
Epoch 7/50 - Average Train Loss (MSE): 47.7011 - Average Val Loss (MSE): 37.0909
Epoch 8/50 - Average Train Loss (MSE): 47.5482 - Average Val Loss (MSE): 37.1378
Epoch 9/50 - Average Train Loss (MSE): 47.3375 - Average Val Loss (MSE): 37.2153
Epoch 10/50 - Average Train Loss (MSE): 47.3145 - Average Val Loss (MSE): 37.0278
Epoch 11/50 - Average Train Loss (MSE): 47.1365 - Average Val Loss (MSE): 36.6466
Epoch 12/50 - Average Train Loss (MSE): 47.0239 - Average Val Loss (MSE): 36.7505
Epoch 13/50 - Average Train Loss (MSE): 46.9038 - Average Val Loss (MSE): 36.6140
Epoch 14/50 - Average Train Loss (MSE): 46.7903 - Average Val Loss (MSE): 36.4438
Epoch 15/50 - Average Train Loss (MSE): 46.7360 - Average Val Loss (MSE): 36.3508
Epoch 16/50 - Average Train Loss (MSE): 46.6129 - Average Val Loss (MSE): 36.4086
Epoch 17/50 - Average Train Loss (MSE): 46.5777 - Average Val Loss (MSE): 36.3948
Epoch 18/50 - Average Train Loss (MSE): 46.4943 - Average Val Loss (MSE): 36.3012
Epoch 19/50 - Average Train Loss (MSE): 46.3975 - Average Val Loss (MSE): 36.1116
Epoch 20/50 - Average Train Loss (MSE): 46.2916 - Average Val Loss (MSE): 36.3508
Epoch 21/50 - Average Train Loss (MSE): 46.3543 - Average Val Loss (MSE): 36.0341
Epoch 22/50 - Average Train Loss (MSE): 46.2466 - Average Val Loss (MSE): 36.0232
Epoch 23/50 - Average Train Loss (MSE): 46.1693 - Average Val Loss (MSE): 36.1469
Epoch 24/50 - Average Train Loss (MSE): 46.1356 - Average Val Loss (MSE): 35.9504
Epoch 25/50 - Average Train Loss (MSE): 46.0790 - Average Val Loss (MSE): 36.0854
Epoch 26/50 - Average Train Loss (MSE): 46.0695 - Average Val Loss (MSE): 36.0230
Epoch 27/50 - Average Train Loss (MSE): 45.9927 - Average Val Loss (MSE): 36.0631
Epoch 28/50 - Average Train Loss (MSE): 45.9760 - Average Val Loss (MSE): 35.9846
Epoch 29/50 - Average Train Loss (MSE): 45.9336 - Average Val Loss (MSE): 36.0782
Epoch 30/50 - Average Train Loss (MSE): 45.8791 - Average Val Loss (MSE): 35.8859
Epoch 31/50 - Average Train Loss (MSE): 45.8223 - Average Val Loss (MSE): 36.0117
Epoch 32/50 - Average Train Loss (MSE): 45.7880 - Average Val Loss (MSE): 35.8831
Epoch 33/50 - Average Train Loss (MSE): 45.7321 - Average Val Loss (MSE): 35.7007
Epoch 34/50 - Average Train Loss (MSE): 45.7580 - Average Val Loss (MSE): 35.8803
Epoch 35/50 - Average Train Loss (MSE): 45.8099 - Average Val Loss (MSE): 35.6177
Epoch 36/50 - Average Train Loss (MSE): 45.7003 - Average Val Loss (MSE): 35.7926
Epoch 37/50 - Average Train Loss (MSE): 45.6566 - Average Val Loss (MSE): 35.6196
Epoch 38/50 - Average Train Loss (MSE): 45.6602 - Average Val Loss (MSE): 36.0548
Epoch 39/50 - Average Train Loss (MSE): 45.6406 - Average Val Loss (MSE): 35.8130
Epoch 40/50 - Average Train Loss (MSE): 45.5815 - Average Val Loss (MSE): 35.7525
Epoch 41/50 - Average Train Loss (MSE): 45.5810 - Average Val Loss (MSE): 35.5722
Epoch 42/50 - Average Train Loss (MSE): 45.5401 - Average Val Loss (MSE): 35.9319
Epoch 43/50 - Average Train Loss (MSE): 45.5882 - Average Val Loss (MSE): 35.6209
Epoch 44/50 - Average Train Loss (MSE): 45.4696 - Average Val Loss (MSE): 35.8163
Epoch 45/50 - Average Train Loss (MSE): 45.5263 - Average Val Loss (MSE): 35.6333
Epoch 46/50 - Average Train Loss (MSE): 45.4874 - Average Val Loss (MSE): 35.5632
Epoch 47/50 - Average Train Loss (MSE): 45.4969 - Average Val Loss (MSE): 35.5180
Epoch 48/50 - Average Train Loss (MSE): 45.4108 - Average Val Loss (MSE): 35.7055
Epoch 49/50 - Average Train Loss (MSE): 45.4263 - Average Val Loss (MSE): 35.7063
Epoch 50/50 - Average Train Loss (MSE): 45.4070 - Average Val Loss (MSE): 35.5363

Test Loss: 3.6287

Model Run Complete...

Total time taken for trainer execution: 2.80 minutes

