Requirement already satisfied: optuna in /users/hunjael/.conda/envs/torch-st/lib/python3.10/site-packages (from -r requirements.txt (line 1)) (4.2.0)
Requirement already satisfied: ml_collections in /users/hunjael/.conda/envs/torch-st/lib/python3.10/site-packages (from -r requirements.txt (line 2)) (1.0.0)
Requirement already satisfied: alembic>=1.5.0 in /users/hunjael/.conda/envs/torch-st/lib/python3.10/site-packages (from optuna->-r requirements.txt (line 1)) (1.14.1)
Requirement already satisfied: colorlog in /users/hunjael/.conda/envs/torch-st/lib/python3.10/site-packages (from optuna->-r requirements.txt (line 1)) (6.9.0)
Requirement already satisfied: numpy in /users/hunjael/.conda/envs/torch-st/lib/python3.10/site-packages (from optuna->-r requirements.txt (line 1)) (2.2.2)
Requirement already satisfied: packaging>=20.0 in /users/hunjael/.conda/envs/torch-st/lib/python3.10/site-packages (from optuna->-r requirements.txt (line 1)) (24.2)
Requirement already satisfied: sqlalchemy>=1.4.2 in /users/hunjael/.conda/envs/torch-st/lib/python3.10/site-packages (from optuna->-r requirements.txt (line 1)) (2.0.37)
Requirement already satisfied: tqdm in /users/hunjael/.conda/envs/torch-st/lib/python3.10/site-packages (from optuna->-r requirements.txt (line 1)) (4.67.1)
Requirement already satisfied: PyYAML in /users/hunjael/.conda/envs/torch-st/lib/python3.10/site-packages (from optuna->-r requirements.txt (line 1)) (6.0.2)
Requirement already satisfied: absl-py in /users/hunjael/.conda/envs/torch-st/lib/python3.10/site-packages (from ml_collections->-r requirements.txt (line 2)) (2.1.0)
Requirement already satisfied: six in /users/hunjael/.conda/envs/torch-st/lib/python3.10/site-packages (from ml_collections->-r requirements.txt (line 2)) (1.17.0)
Requirement already satisfied: Mako in /users/hunjael/.conda/envs/torch-st/lib/python3.10/site-packages (from alembic>=1.5.0->optuna->-r requirements.txt (line 1)) (1.3.8)
Requirement already satisfied: typing-extensions>=4 in /users/hunjael/.conda/envs/torch-st/lib/python3.10/site-packages (from alembic>=1.5.0->optuna->-r requirements.txt (line 1)) (4.12.2)
Requirement already satisfied: greenlet!=0.4.17 in /users/hunjael/.conda/envs/torch-st/lib/python3.10/site-packages (from sqlalchemy>=1.4.2->optuna->-r requirements.txt (line 1)) (3.1.1)
Requirement already satisfied: MarkupSafe>=0.9.2 in /users/hunjael/.conda/envs/torch-st/lib/python3.10/site-packages (from Mako->alembic>=1.5.0->optuna->-r requirements.txt (line 1)) (3.0.2)
/users/hunjael/.conda/envs/torch-st/lib/python3.10/site-packages/tsl/datasets/metr_la.py:98: FutureWarning: 'T' is deprecated and will be removed in a future version, please use 'min' instead.
  date_range = pd.date_range(df.index[0], df.index[-1], freq='5T')
/users/hunjael/.conda/envs/torch-st/lib/python3.10/site-packages/tsl/datasets/metr_la.py:109: FutureWarning: The 'method' keyword in DataFrame.replace is deprecated and will be removed in a future version.
  df = df.replace(to_replace=0., method='ffill')
50 epochs, 1e-3 lr, 24 hidden dim, 1 TRF layer, 3 GATConvs

Training Model...

Epoch 1/50 - Average Train Loss (MSE): 1523.7268 - Average Val Loss (MSE): 363.2340
Epoch 2/50 - Average Train Loss (MSE): 890.0562 - Average Val Loss (MSE): 401.8971
Epoch 3/50 - Average Train Loss (MSE): 825.6651 - Average Val Loss (MSE): 282.7620
Epoch 4/50 - Average Train Loss (MSE): 765.6506 - Average Val Loss (MSE): 274.8518
Epoch 5/50 - Average Train Loss (MSE): 701.4708 - Average Val Loss (MSE): 194.3729
Epoch 6/50 - Average Train Loss (MSE): 627.8273 - Average Val Loss (MSE): 179.5032
Epoch 7/50 - Average Train Loss (MSE): 538.9891 - Average Val Loss (MSE): 209.7228
Epoch 8/50 - Average Train Loss (MSE): 437.6831 - Average Val Loss (MSE): 233.0331
Epoch 9/50 - Average Train Loss (MSE): 337.6468 - Average Val Loss (MSE): 196.9059
Epoch 10/50 - Average Train Loss (MSE): 252.5547 - Average Val Loss (MSE): 148.4680
Epoch 11/50 - Average Train Loss (MSE): 192.2918 - Average Val Loss (MSE): 137.4442
Epoch 12/50 - Average Train Loss (MSE): 156.9757 - Average Val Loss (MSE): 106.4630
Epoch 13/50 - Average Train Loss (MSE): 139.0950 - Average Val Loss (MSE): 97.9594
Epoch 14/50 - Average Train Loss (MSE): 131.5611 - Average Val Loss (MSE): 90.1016
Epoch 15/50 - Average Train Loss (MSE): 128.6007 - Average Val Loss (MSE): 87.9564
Epoch 16/50 - Average Train Loss (MSE): 126.9107 - Average Val Loss (MSE): 87.7639
Epoch 17/50 - Average Train Loss (MSE): 126.0552 - Average Val Loss (MSE): 86.4301
Epoch 18/50 - Average Train Loss (MSE): 125.5387 - Average Val Loss (MSE): 85.7922
Epoch 19/50 - Average Train Loss (MSE): 124.6474 - Average Val Loss (MSE): 86.9877
Epoch 20/50 - Average Train Loss (MSE): 123.8037 - Average Val Loss (MSE): 84.3286
Epoch 21/50 - Average Train Loss (MSE): 123.3197 - Average Val Loss (MSE): 84.3949
Epoch 22/50 - Average Train Loss (MSE): 122.3403 - Average Val Loss (MSE): 83.9969
Epoch 23/50 - Average Train Loss (MSE): 121.7305 - Average Val Loss (MSE): 82.1042
Epoch 24/50 - Average Train Loss (MSE): 120.7839 - Average Val Loss (MSE): 82.0383
Epoch 25/50 - Average Train Loss (MSE): 120.1729 - Average Val Loss (MSE): 81.3497
Epoch 26/50 - Average Train Loss (MSE): 119.1865 - Average Val Loss (MSE): 82.3503
Epoch 27/50 - Average Train Loss (MSE): 118.9499 - Average Val Loss (MSE): 83.2738
Epoch 28/50 - Average Train Loss (MSE): 118.0831 - Average Val Loss (MSE): 83.4884
Epoch 29/50 - Average Train Loss (MSE): 116.9416 - Average Val Loss (MSE): 83.8086
Epoch 30/50 - Average Train Loss (MSE): 116.2170 - Average Val Loss (MSE): 83.0943
Epoch 31/50 - Average Train Loss (MSE): 115.9352 - Average Val Loss (MSE): 85.1513
Epoch 32/50 - Average Train Loss (MSE): 115.0807 - Average Val Loss (MSE): 85.1626
Epoch 33/50 - Average Train Loss (MSE): 114.9331 - Average Val Loss (MSE): 84.3508
Epoch 34/50 - Average Train Loss (MSE): 116.0033 - Average Val Loss (MSE): 87.3379
Epoch 35/50 - Average Train Loss (MSE): 115.4206 - Average Val Loss (MSE): 88.3139
Epoch 36/50 - Average Train Loss (MSE): 116.0030 - Average Val Loss (MSE): 88.5139
Epoch 37/50 - Average Train Loss (MSE): 115.2952 - Average Val Loss (MSE): 87.7469
Epoch 38/50 - Average Train Loss (MSE): 114.6263 - Average Val Loss (MSE): 83.8079
Epoch 39/50 - Average Train Loss (MSE): 116.9911 - Average Val Loss (MSE): 87.1368
Epoch 40/50 - Average Train Loss (MSE): 115.0899 - Average Val Loss (MSE): 89.5496
Epoch 41/50 - Average Train Loss (MSE): 115.1716 - Average Val Loss (MSE): 88.8361
Epoch 42/50 - Average Train Loss (MSE): 114.8684 - Average Val Loss (MSE): 87.9137
Epoch 43/50 - Average Train Loss (MSE): 115.2020 - Average Val Loss (MSE): 91.9831
Epoch 44/50 - Average Train Loss (MSE): 115.3821 - Average Val Loss (MSE): 89.6051
Epoch 45/50 - Average Train Loss (MSE): 114.7525 - Average Val Loss (MSE): 97.7789
Epoch 46/50 - Average Train Loss (MSE): 114.4345 - Average Val Loss (MSE): 89.4697
Epoch 47/50 - Average Train Loss (MSE): 114.2598 - Average Val Loss (MSE): 90.6612
Epoch 48/50 - Average Train Loss (MSE): 113.7349 - Average Val Loss (MSE): 97.4500
Epoch 49/50 - Average Train Loss (MSE): 114.5073 - Average Val Loss (MSE): 87.7524
Epoch 50/50 - Average Train Loss (MSE): 114.0183 - Average Val Loss (MSE): 89.3306

Test Loss: 7.5751

Model Run Complete...

Total time taken for trainer execution: 9.55 minutes

