Requirement already satisfied: optuna in /users/hunjael/.conda/envs/torch-st/lib/python3.10/site-packages (from -r requirements.txt (line 1)) (4.2.0)
Requirement already satisfied: ml_collections in /users/hunjael/.conda/envs/torch-st/lib/python3.10/site-packages (from -r requirements.txt (line 2)) (1.0.0)
Requirement already satisfied: alembic>=1.5.0 in /users/hunjael/.conda/envs/torch-st/lib/python3.10/site-packages (from optuna->-r requirements.txt (line 1)) (1.14.1)
Requirement already satisfied: colorlog in /users/hunjael/.conda/envs/torch-st/lib/python3.10/site-packages (from optuna->-r requirements.txt (line 1)) (6.9.0)
Requirement already satisfied: numpy in /users/hunjael/.conda/envs/torch-st/lib/python3.10/site-packages (from optuna->-r requirements.txt (line 1)) (2.2.2)
Requirement already satisfied: packaging>=20.0 in /users/hunjael/.conda/envs/torch-st/lib/python3.10/site-packages (from optuna->-r requirements.txt (line 1)) (24.2)
Requirement already satisfied: sqlalchemy>=1.4.2 in /users/hunjael/.conda/envs/torch-st/lib/python3.10/site-packages (from optuna->-r requirements.txt (line 1)) (2.0.37)
Requirement already satisfied: tqdm in /users/hunjael/.conda/envs/torch-st/lib/python3.10/site-packages (from optuna->-r requirements.txt (line 1)) (4.67.1)
Requirement already satisfied: PyYAML in /users/hunjael/.conda/envs/torch-st/lib/python3.10/site-packages (from optuna->-r requirements.txt (line 1)) (6.0.2)
Requirement already satisfied: absl-py in /users/hunjael/.conda/envs/torch-st/lib/python3.10/site-packages (from ml_collections->-r requirements.txt (line 2)) (2.1.0)
Requirement already satisfied: six in /users/hunjael/.conda/envs/torch-st/lib/python3.10/site-packages (from ml_collections->-r requirements.txt (line 2)) (1.17.0)
Requirement already satisfied: Mako in /users/hunjael/.conda/envs/torch-st/lib/python3.10/site-packages (from alembic>=1.5.0->optuna->-r requirements.txt (line 1)) (1.3.8)
Requirement already satisfied: typing-extensions>=4 in /users/hunjael/.conda/envs/torch-st/lib/python3.10/site-packages (from alembic>=1.5.0->optuna->-r requirements.txt (line 1)) (4.12.2)
Requirement already satisfied: greenlet!=0.4.17 in /users/hunjael/.conda/envs/torch-st/lib/python3.10/site-packages (from sqlalchemy>=1.4.2->optuna->-r requirements.txt (line 1)) (3.1.1)
Requirement already satisfied: MarkupSafe>=0.9.2 in /users/hunjael/.conda/envs/torch-st/lib/python3.10/site-packages (from Mako->alembic>=1.5.0->optuna->-r requirements.txt (line 1)) (3.0.2)
/users/hunjael/.conda/envs/torch-st/lib/python3.10/site-packages/tsl/datasets/metr_la.py:98: FutureWarning: 'T' is deprecated and will be removed in a future version, please use 'min' instead.
  date_range = pd.date_range(df.index[0], df.index[-1], freq='5T')
/users/hunjael/.conda/envs/torch-st/lib/python3.10/site-packages/tsl/datasets/metr_la.py:109: FutureWarning: The 'method' keyword in DataFrame.replace is deprecated and will be removed in a future version.
  df = df.replace(to_replace=0., method='ffill')

100 epochs, 2 layer self attention temporal only -- causal mask

Training Model...

Epoch 1/100 - Average Train Loss (MSE): 801.2077 - Average Val Loss (MSE): 69.1515
Epoch 2/100 - Average Train Loss (MSE): 76.6859 - Average Val Loss (MSE): 47.8009
Epoch 3/100 - Average Train Loss (MSE): 58.0569 - Average Val Loss (MSE): 41.7166
Epoch 4/100 - Average Train Loss (MSE): 54.1661 - Average Val Loss (MSE): 40.1385
Epoch 5/100 - Average Train Loss (MSE): 52.6194 - Average Val Loss (MSE): 39.7233
Epoch 6/100 - Average Train Loss (MSE): 52.3290 - Average Val Loss (MSE): 40.0846
Epoch 7/100 - Average Train Loss (MSE): 51.8775 - Average Val Loss (MSE): 40.0249
Epoch 8/100 - Average Train Loss (MSE): 51.1971 - Average Val Loss (MSE): 39.0606
Epoch 9/100 - Average Train Loss (MSE): 51.0854 - Average Val Loss (MSE): 38.8800
Epoch 10/100 - Average Train Loss (MSE): 50.7616 - Average Val Loss (MSE): 38.9558
Epoch 11/100 - Average Train Loss (MSE): 50.6444 - Average Val Loss (MSE): 38.5596
Epoch 12/100 - Average Train Loss (MSE): 50.4491 - Average Val Loss (MSE): 38.5819
Epoch 13/100 - Average Train Loss (MSE): 52.6933 - Average Val Loss (MSE): 39.1125
Epoch 14/100 - Average Train Loss (MSE): 50.9907 - Average Val Loss (MSE): 38.8558
Epoch 15/100 - Average Train Loss (MSE): 50.6988 - Average Val Loss (MSE): 38.8339
Epoch 16/100 - Average Train Loss (MSE): 50.3950 - Average Val Loss (MSE): 38.8987
Epoch 17/100 - Average Train Loss (MSE): 50.3675 - Average Val Loss (MSE): 38.6828
Epoch 18/100 - Average Train Loss (MSE): 50.2756 - Average Val Loss (MSE): 38.5570
Epoch 19/100 - Average Train Loss (MSE): 50.1039 - Average Val Loss (MSE): 39.5925
Epoch 20/100 - Average Train Loss (MSE): 50.0889 - Average Val Loss (MSE): 38.8964
Epoch 21/100 - Average Train Loss (MSE): 50.0117 - Average Val Loss (MSE): 38.4240
Epoch 22/100 - Average Train Loss (MSE): 49.9411 - Average Val Loss (MSE): 38.4899
Epoch 23/100 - Average Train Loss (MSE): 49.9073 - Average Val Loss (MSE): 38.2827
Epoch 24/100 - Average Train Loss (MSE): 49.8225 - Average Val Loss (MSE): 38.5465
Epoch 25/100 - Average Train Loss (MSE): 49.7929 - Average Val Loss (MSE): 38.9565
Epoch 26/100 - Average Train Loss (MSE): 49.6871 - Average Val Loss (MSE): 38.1982
Epoch 27/100 - Average Train Loss (MSE): 49.6753 - Average Val Loss (MSE): 38.1865
Epoch 28/100 - Average Train Loss (MSE): 49.5227 - Average Val Loss (MSE): 39.5640
Epoch 29/100 - Average Train Loss (MSE): 49.4858 - Average Val Loss (MSE): 38.1226
Epoch 30/100 - Average Train Loss (MSE): 49.4473 - Average Val Loss (MSE): 38.6782
Epoch 31/100 - Average Train Loss (MSE): 49.4192 - Average Val Loss (MSE): 37.9195
Epoch 32/100 - Average Train Loss (MSE): 49.5215 - Average Val Loss (MSE): 38.1111
Epoch 33/100 - Average Train Loss (MSE): 49.7754 - Average Val Loss (MSE): 38.6080
Epoch 34/100 - Average Train Loss (MSE): 49.3638 - Average Val Loss (MSE): 37.9911
Epoch 35/100 - Average Train Loss (MSE): 49.3363 - Average Val Loss (MSE): 38.0987
Epoch 36/100 - Average Train Loss (MSE): 49.2690 - Average Val Loss (MSE): 37.9713
Epoch 37/100 - Average Train Loss (MSE): 49.0167 - Average Val Loss (MSE): 37.6518
Epoch 38/100 - Average Train Loss (MSE): 48.8500 - Average Val Loss (MSE): 37.4499
Epoch 39/100 - Average Train Loss (MSE): 48.6897 - Average Val Loss (MSE): 37.2583
Epoch 40/100 - Average Train Loss (MSE): 48.5256 - Average Val Loss (MSE): 38.0240
Epoch 41/100 - Average Train Loss (MSE): 48.5493 - Average Val Loss (MSE): 37.3311
Epoch 42/100 - Average Train Loss (MSE): 48.4585 - Average Val Loss (MSE): 37.5113
Epoch 43/100 - Average Train Loss (MSE): 48.3903 - Average Val Loss (MSE): 37.9713
Epoch 44/100 - Average Train Loss (MSE): 48.3669 - Average Val Loss (MSE): 37.4022
Epoch 45/100 - Average Train Loss (MSE): 48.3627 - Average Val Loss (MSE): 37.7059
Epoch 46/100 - Average Train Loss (MSE): 48.2402 - Average Val Loss (MSE): 37.8853
Epoch 47/100 - Average Train Loss (MSE): 48.0372 - Average Val Loss (MSE): 37.0879
Epoch 48/100 - Average Train Loss (MSE): 48.1266 - Average Val Loss (MSE): 37.0249
Epoch 49/100 - Average Train Loss (MSE): 48.0258 - Average Val Loss (MSE): 37.3746
Epoch 50/100 - Average Train Loss (MSE): 47.9652 - Average Val Loss (MSE): 37.2372
Epoch 51/100 - Average Train Loss (MSE): 47.9891 - Average Val Loss (MSE): 37.1586
Epoch 52/100 - Average Train Loss (MSE): 47.9500 - Average Val Loss (MSE): 37.1824
Epoch 53/100 - Average Train Loss (MSE): 47.8339 - Average Val Loss (MSE): 36.7464
Epoch 54/100 - Average Train Loss (MSE): 47.7699 - Average Val Loss (MSE): 37.2962
Epoch 55/100 - Average Train Loss (MSE): 47.7634 - Average Val Loss (MSE): 36.9495
Epoch 56/100 - Average Train Loss (MSE): 47.7415 - Average Val Loss (MSE): 37.3107
Epoch 57/100 - Average Train Loss (MSE): 47.6788 - Average Val Loss (MSE): 36.5727
Epoch 58/100 - Average Train Loss (MSE): 47.6953 - Average Val Loss (MSE): 36.9203
Epoch 59/100 - Average Train Loss (MSE): 47.6718 - Average Val Loss (MSE): 36.9989
Epoch 60/100 - Average Train Loss (MSE): 47.5155 - Average Val Loss (MSE): 37.2096
Epoch 61/100 - Average Train Loss (MSE): 47.5305 - Average Val Loss (MSE): 37.0149
Epoch 62/100 - Average Train Loss (MSE): 47.4227 - Average Val Loss (MSE): 36.8843
Epoch 63/100 - Average Train Loss (MSE): 47.4501 - Average Val Loss (MSE): 36.7005
Epoch 64/100 - Average Train Loss (MSE): 47.4201 - Average Val Loss (MSE): 36.4386
Epoch 65/100 - Average Train Loss (MSE): 47.3853 - Average Val Loss (MSE): 37.1578
Epoch 66/100 - Average Train Loss (MSE): 47.3947 - Average Val Loss (MSE): 36.8898
Epoch 67/100 - Average Train Loss (MSE): 47.2108 - Average Val Loss (MSE): 36.7493
Epoch 68/100 - Average Train Loss (MSE): 47.3871 - Average Val Loss (MSE): 36.7071
Epoch 69/100 - Average Train Loss (MSE): 47.2949 - Average Val Loss (MSE): 37.0534
Epoch 70/100 - Average Train Loss (MSE): 47.1852 - Average Val Loss (MSE): 36.7400
Epoch 71/100 - Average Train Loss (MSE): 47.1503 - Average Val Loss (MSE): 36.5496
Epoch 72/100 - Average Train Loss (MSE): 47.1709 - Average Val Loss (MSE): 36.7960
Epoch 73/100 - Average Train Loss (MSE): 47.0628 - Average Val Loss (MSE): 36.4021
Epoch 74/100 - Average Train Loss (MSE): 47.0889 - Average Val Loss (MSE): 36.5695
Epoch 75/100 - Average Train Loss (MSE): 47.0890 - Average Val Loss (MSE): 36.9821
Epoch 76/100 - Average Train Loss (MSE): 47.0017 - Average Val Loss (MSE): 36.6403
Epoch 77/100 - Average Train Loss (MSE): 47.0313 - Average Val Loss (MSE): 36.5418
Epoch 78/100 - Average Train Loss (MSE): 46.9508 - Average Val Loss (MSE): 36.3896
Epoch 79/100 - Average Train Loss (MSE): 46.8647 - Average Val Loss (MSE): 36.6572
Epoch 80/100 - Average Train Loss (MSE): 46.8838 - Average Val Loss (MSE): 37.1487
Epoch 81/100 - Average Train Loss (MSE): 46.8800 - Average Val Loss (MSE): 36.5093
Epoch 82/100 - Average Train Loss (MSE): 46.8752 - Average Val Loss (MSE): 36.7700
Epoch 83/100 - Average Train Loss (MSE): 46.7426 - Average Val Loss (MSE): 36.6392
Epoch 84/100 - Average Train Loss (MSE): 46.8315 - Average Val Loss (MSE): 36.3055
Epoch 85/100 - Average Train Loss (MSE): 46.7753 - Average Val Loss (MSE): 36.7393
Epoch 86/100 - Average Train Loss (MSE): 46.7672 - Average Val Loss (MSE): 36.3392
Epoch 87/100 - Average Train Loss (MSE): 46.7179 - Average Val Loss (MSE): 36.7215
Epoch 88/100 - Average Train Loss (MSE): 46.8048 - Average Val Loss (MSE): 36.4762
Epoch 89/100 - Average Train Loss (MSE): 46.7426 - Average Val Loss (MSE): 36.5567
Epoch 90/100 - Average Train Loss (MSE): 46.6642 - Average Val Loss (MSE): 36.1259
Epoch 91/100 - Average Train Loss (MSE): 46.5955 - Average Val Loss (MSE): 36.4303
Epoch 92/100 - Average Train Loss (MSE): 46.6161 - Average Val Loss (MSE): 36.8341
Epoch 93/100 - Average Train Loss (MSE): 46.5986 - Average Val Loss (MSE): 36.5396
Epoch 94/100 - Average Train Loss (MSE): 46.5765 - Average Val Loss (MSE): 36.3240
Epoch 95/100 - Average Train Loss (MSE): 46.5451 - Average Val Loss (MSE): 36.3807
Epoch 96/100 - Average Train Loss (MSE): 46.4860 - Average Val Loss (MSE): 36.1541
Epoch 97/100 - Average Train Loss (MSE): 46.5716 - Average Val Loss (MSE): 36.9975
Epoch 98/100 - Average Train Loss (MSE): 46.5650 - Average Val Loss (MSE): 36.7534
Epoch 99/100 - Average Train Loss (MSE): 46.5255 - Average Val Loss (MSE): 36.1676
Epoch 100/100 - Average Train Loss (MSE): 46.4144 - Average Val Loss (MSE): 36.4005

Test Loss: 3.9347

Model Run Complete...

Total time taken for trainer execution: 38.74 minutes

