Requirement already satisfied: optuna in /users/hunjael/.conda/envs/torch-st/lib/python3.10/site-packages (from -r requirements.txt (line 1)) (4.2.0)
Requirement already satisfied: ml_collections in /users/hunjael/.conda/envs/torch-st/lib/python3.10/site-packages (from -r requirements.txt (line 2)) (1.0.0)
Requirement already satisfied: alembic>=1.5.0 in /users/hunjael/.conda/envs/torch-st/lib/python3.10/site-packages (from optuna->-r requirements.txt (line 1)) (1.14.1)
Requirement already satisfied: colorlog in /users/hunjael/.conda/envs/torch-st/lib/python3.10/site-packages (from optuna->-r requirements.txt (line 1)) (6.9.0)
Requirement already satisfied: numpy in /users/hunjael/.conda/envs/torch-st/lib/python3.10/site-packages (from optuna->-r requirements.txt (line 1)) (2.2.2)
Requirement already satisfied: packaging>=20.0 in /users/hunjael/.conda/envs/torch-st/lib/python3.10/site-packages (from optuna->-r requirements.txt (line 1)) (24.2)
Requirement already satisfied: sqlalchemy>=1.4.2 in /users/hunjael/.conda/envs/torch-st/lib/python3.10/site-packages (from optuna->-r requirements.txt (line 1)) (2.0.37)
Requirement already satisfied: tqdm in /users/hunjael/.conda/envs/torch-st/lib/python3.10/site-packages (from optuna->-r requirements.txt (line 1)) (4.67.1)
Requirement already satisfied: PyYAML in /users/hunjael/.conda/envs/torch-st/lib/python3.10/site-packages (from optuna->-r requirements.txt (line 1)) (6.0.2)
Requirement already satisfied: absl-py in /users/hunjael/.conda/envs/torch-st/lib/python3.10/site-packages (from ml_collections->-r requirements.txt (line 2)) (2.1.0)
Requirement already satisfied: six in /users/hunjael/.conda/envs/torch-st/lib/python3.10/site-packages (from ml_collections->-r requirements.txt (line 2)) (1.17.0)
Requirement already satisfied: Mako in /users/hunjael/.conda/envs/torch-st/lib/python3.10/site-packages (from alembic>=1.5.0->optuna->-r requirements.txt (line 1)) (1.3.8)
Requirement already satisfied: typing-extensions>=4 in /users/hunjael/.conda/envs/torch-st/lib/python3.10/site-packages (from alembic>=1.5.0->optuna->-r requirements.txt (line 1)) (4.12.2)
Requirement already satisfied: greenlet!=0.4.17 in /users/hunjael/.conda/envs/torch-st/lib/python3.10/site-packages (from sqlalchemy>=1.4.2->optuna->-r requirements.txt (line 1)) (3.1.1)
Requirement already satisfied: MarkupSafe>=0.9.2 in /users/hunjael/.conda/envs/torch-st/lib/python3.10/site-packages (from Mako->alembic>=1.5.0->optuna->-r requirements.txt (line 1)) (3.0.2)
/users/hunjael/.conda/envs/torch-st/lib/python3.10/site-packages/tsl/datasets/metr_la.py:98: FutureWarning: 'T' is deprecated and will be removed in a future version, please use 'min' instead.
  date_range = pd.date_range(df.index[0], df.index[-1], freq='5T')
/users/hunjael/.conda/envs/torch-st/lib/python3.10/site-packages/tsl/datasets/metr_la.py:109: FutureWarning: The 'method' keyword in DataFrame.replace is deprecated and will be removed in a future version.
  df = df.replace(to_replace=0., method='ffill')

100 epochs, 2 layer self attention temporal only

Training Model...

Epoch 1/100 - Average Train Loss (MSE): 329.8736 - Average Val Loss (MSE): 114.1733
Epoch 2/100 - Average Train Loss (MSE): 114.0127 - Average Val Loss (MSE): 77.4688
Epoch 3/100 - Average Train Loss (MSE): 120.8357 - Average Val Loss (MSE): 92.3738
Epoch 4/100 - Average Train Loss (MSE): 106.8732 - Average Val Loss (MSE): 80.9540
Epoch 5/100 - Average Train Loss (MSE): 101.8392 - Average Val Loss (MSE): 74.5641
Epoch 6/100 - Average Train Loss (MSE): 95.5385 - Average Val Loss (MSE): 70.7333
Epoch 7/100 - Average Train Loss (MSE): 88.5802 - Average Val Loss (MSE): 63.7843
Epoch 8/100 - Average Train Loss (MSE): 81.9517 - Average Val Loss (MSE): 65.7523
Epoch 9/100 - Average Train Loss (MSE): 84.0545 - Average Val Loss (MSE): 59.1252
Epoch 10/100 - Average Train Loss (MSE): 84.2489 - Average Val Loss (MSE): 57.5257
Epoch 11/100 - Average Train Loss (MSE): 85.5728 - Average Val Loss (MSE): 58.0398
Epoch 12/100 - Average Train Loss (MSE): 83.8644 - Average Val Loss (MSE): 72.0574
Epoch 13/100 - Average Train Loss (MSE): 84.5087 - Average Val Loss (MSE): 65.3671
Epoch 14/100 - Average Train Loss (MSE): 88.3802 - Average Val Loss (MSE): 71.9269
Epoch 15/100 - Average Train Loss (MSE): 85.4366 - Average Val Loss (MSE): 74.4170
Epoch 16/100 - Average Train Loss (MSE): 84.1578 - Average Val Loss (MSE): 74.6784
Epoch 17/100 - Average Train Loss (MSE): 86.1450 - Average Val Loss (MSE): 65.4610
Epoch 18/100 - Average Train Loss (MSE): 84.6273 - Average Val Loss (MSE): 75.9807
Epoch 19/100 - Average Train Loss (MSE): 81.8109 - Average Val Loss (MSE): 68.8554
Epoch 20/100 - Average Train Loss (MSE): 80.3318 - Average Val Loss (MSE): 60.1201
Epoch 21/100 - Average Train Loss (MSE): 77.9174 - Average Val Loss (MSE): 54.8981
Epoch 22/100 - Average Train Loss (MSE): 75.6726 - Average Val Loss (MSE): 52.9056
Epoch 23/100 - Average Train Loss (MSE): 73.2242 - Average Val Loss (MSE): 51.3994
Epoch 24/100 - Average Train Loss (MSE): 71.3351 - Average Val Loss (MSE): 52.4397
Epoch 25/100 - Average Train Loss (MSE): 75.3005 - Average Val Loss (MSE): 56.7244
Epoch 26/100 - Average Train Loss (MSE): 77.3063 - Average Val Loss (MSE): 59.8197
Epoch 27/100 - Average Train Loss (MSE): 76.0450 - Average Val Loss (MSE): 65.6161
Epoch 28/100 - Average Train Loss (MSE): 75.5671 - Average Val Loss (MSE): 72.0939
Epoch 29/100 - Average Train Loss (MSE): 81.1316 - Average Val Loss (MSE): 67.0560
Epoch 30/100 - Average Train Loss (MSE): 81.2752 - Average Val Loss (MSE): 70.4595
Epoch 31/100 - Average Train Loss (MSE): 80.5955 - Average Val Loss (MSE): 64.2745
Epoch 32/100 - Average Train Loss (MSE): 77.5081 - Average Val Loss (MSE): 61.9636
Epoch 33/100 - Average Train Loss (MSE): 73.5620 - Average Val Loss (MSE): 57.0788
Epoch 34/100 - Average Train Loss (MSE): 73.5395 - Average Val Loss (MSE): 55.5515
Epoch 35/100 - Average Train Loss (MSE): 73.7028 - Average Val Loss (MSE): 57.3563
Epoch 36/100 - Average Train Loss (MSE): 75.9075 - Average Val Loss (MSE): 54.3701
Epoch 37/100 - Average Train Loss (MSE): 73.0728 - Average Val Loss (MSE): 53.4491
Epoch 38/100 - Average Train Loss (MSE): 72.9333 - Average Val Loss (MSE): 53.0647
Epoch 39/100 - Average Train Loss (MSE): 72.4851 - Average Val Loss (MSE): 52.4968
Epoch 40/100 - Average Train Loss (MSE): 74.7952 - Average Val Loss (MSE): 53.4976
Epoch 41/100 - Average Train Loss (MSE): 73.5011 - Average Val Loss (MSE): 53.4936
Epoch 42/100 - Average Train Loss (MSE): 73.1758 - Average Val Loss (MSE): 55.2761
Epoch 43/100 - Average Train Loss (MSE): 75.7706 - Average Val Loss (MSE): 51.4447
Epoch 44/100 - Average Train Loss (MSE): 75.9136 - Average Val Loss (MSE): 51.5562
Epoch 45/100 - Average Train Loss (MSE): 74.9652 - Average Val Loss (MSE): 53.1689
Epoch 46/100 - Average Train Loss (MSE): 81.7905 - Average Val Loss (MSE): 62.5671
Epoch 47/100 - Average Train Loss (MSE): 80.4541 - Average Val Loss (MSE): 63.3690
Epoch 48/100 - Average Train Loss (MSE): 78.1510 - Average Val Loss (MSE): 57.0934
Epoch 49/100 - Average Train Loss (MSE): 78.4211 - Average Val Loss (MSE): 59.3097
Epoch 50/100 - Average Train Loss (MSE): 82.3939 - Average Val Loss (MSE): 59.6525
Epoch 51/100 - Average Train Loss (MSE): 78.1890 - Average Val Loss (MSE): 60.3655
Epoch 52/100 - Average Train Loss (MSE): 79.4437 - Average Val Loss (MSE): 54.4736
Epoch 53/100 - Average Train Loss (MSE): 85.2796 - Average Val Loss (MSE): 61.2112
Epoch 54/100 - Average Train Loss (MSE): 80.1617 - Average Val Loss (MSE): 55.8197
Epoch 55/100 - Average Train Loss (MSE): 82.4292 - Average Val Loss (MSE): 72.7733
Epoch 56/100 - Average Train Loss (MSE): 76.0823 - Average Val Loss (MSE): 59.0101
Epoch 57/100 - Average Train Loss (MSE): 71.8427 - Average Val Loss (MSE): 55.6135
Epoch 58/100 - Average Train Loss (MSE): 68.8326 - Average Val Loss (MSE): 72.8490
Epoch 59/100 - Average Train Loss (MSE): 67.8752 - Average Val Loss (MSE): 60.5255
Epoch 60/100 - Average Train Loss (MSE): 67.9617 - Average Val Loss (MSE): 70.0826
Epoch 61/100 - Average Train Loss (MSE): 67.3631 - Average Val Loss (MSE): 62.2799
Epoch 62/100 - Average Train Loss (MSE): 66.9475 - Average Val Loss (MSE): 54.5158
Epoch 63/100 - Average Train Loss (MSE): 66.5765 - Average Val Loss (MSE): 50.9503
Epoch 64/100 - Average Train Loss (MSE): 66.9290 - Average Val Loss (MSE): 51.8242
Epoch 65/100 - Average Train Loss (MSE): 67.1962 - Average Val Loss (MSE): 50.4704
Epoch 66/100 - Average Train Loss (MSE): 67.5771 - Average Val Loss (MSE): 51.7040
Epoch 67/100 - Average Train Loss (MSE): 68.9429 - Average Val Loss (MSE): 56.6872
Epoch 68/100 - Average Train Loss (MSE): 66.9519 - Average Val Loss (MSE): 53.6248
Epoch 69/100 - Average Train Loss (MSE): 68.2016 - Average Val Loss (MSE): 59.0749
Epoch 70/100 - Average Train Loss (MSE): 68.8714 - Average Val Loss (MSE): 74.5706
Epoch 71/100 - Average Train Loss (MSE): 67.0805 - Average Val Loss (MSE): 70.2399
Epoch 72/100 - Average Train Loss (MSE): 66.8121 - Average Val Loss (MSE): 68.2180
Epoch 73/100 - Average Train Loss (MSE): 67.1761 - Average Val Loss (MSE): 72.5591
Epoch 74/100 - Average Train Loss (MSE): 66.6712 - Average Val Loss (MSE): 74.0912
Epoch 75/100 - Average Train Loss (MSE): 66.5027 - Average Val Loss (MSE): 62.8819
Epoch 76/100 - Average Train Loss (MSE): 67.8669 - Average Val Loss (MSE): 94.4513
Epoch 77/100 - Average Train Loss (MSE): 67.4855 - Average Val Loss (MSE): 93.5979
Epoch 78/100 - Average Train Loss (MSE): 66.7214 - Average Val Loss (MSE): 83.8225
Epoch 79/100 - Average Train Loss (MSE): 94.5715 - Average Val Loss (MSE): 63.6127
Epoch 80/100 - Average Train Loss (MSE): 99.6754 - Average Val Loss (MSE): 57.7966
Epoch 81/100 - Average Train Loss (MSE): 83.4010 - Average Val Loss (MSE): 48.9591
Epoch 82/100 - Average Train Loss (MSE): 85.2094 - Average Val Loss (MSE): 60.8638
Epoch 83/100 - Average Train Loss (MSE): 82.8899 - Average Val Loss (MSE): 57.6566
Epoch 84/100 - Average Train Loss (MSE): 82.0813 - Average Val Loss (MSE): 55.2458
Epoch 85/100 - Average Train Loss (MSE): 82.7687 - Average Val Loss (MSE): 56.1949
Epoch 86/100 - Average Train Loss (MSE): 80.8974 - Average Val Loss (MSE): 56.0398
Epoch 87/100 - Average Train Loss (MSE): 82.5253 - Average Val Loss (MSE): 60.0852
Epoch 88/100 - Average Train Loss (MSE): 77.8706 - Average Val Loss (MSE): 60.8983
Epoch 89/100 - Average Train Loss (MSE): 74.7433 - Average Val Loss (MSE): 62.5466
Epoch 90/100 - Average Train Loss (MSE): 76.0840 - Average Val Loss (MSE): 52.6074
Epoch 91/100 - Average Train Loss (MSE): 75.7069 - Average Val Loss (MSE): 52.8512
Epoch 92/100 - Average Train Loss (MSE): 75.1431 - Average Val Loss (MSE): 49.6353
Epoch 93/100 - Average Train Loss (MSE): 78.5685 - Average Val Loss (MSE): 50.8661
Epoch 94/100 - Average Train Loss (MSE): 75.5612 - Average Val Loss (MSE): 55.2062
Epoch 95/100 - Average Train Loss (MSE): 82.0899 - Average Val Loss (MSE): 54.3574
Epoch 96/100 - Average Train Loss (MSE): 78.3890 - Average Val Loss (MSE): 56.4387
Epoch 97/100 - Average Train Loss (MSE): 77.9426 - Average Val Loss (MSE): 57.1439
Epoch 98/100 - Average Train Loss (MSE): 80.6631 - Average Val Loss (MSE): 55.5131
Epoch 99/100 - Average Train Loss (MSE): 80.6584 - Average Val Loss (MSE): 54.9312
Epoch 100/100 - Average Train Loss (MSE): 76.6451 - Average Val Loss (MSE): 50.9406

Test Loss: 5.1323

Model Run Complete...

Total time taken for trainer execution: 35.58 minutes

