Requirement already satisfied: optuna in /users/hunjael/.conda/envs/torch-st/lib/python3.10/site-packages (from -r requirements.txt (line 1)) (4.2.0)
Requirement already satisfied: ml_collections in /users/hunjael/.conda/envs/torch-st/lib/python3.10/site-packages (from -r requirements.txt (line 2)) (1.0.0)
Requirement already satisfied: alembic>=1.5.0 in /users/hunjael/.conda/envs/torch-st/lib/python3.10/site-packages (from optuna->-r requirements.txt (line 1)) (1.14.1)
Requirement already satisfied: colorlog in /users/hunjael/.conda/envs/torch-st/lib/python3.10/site-packages (from optuna->-r requirements.txt (line 1)) (6.9.0)
Requirement already satisfied: numpy in /users/hunjael/.conda/envs/torch-st/lib/python3.10/site-packages (from optuna->-r requirements.txt (line 1)) (2.2.2)
Requirement already satisfied: packaging>=20.0 in /users/hunjael/.conda/envs/torch-st/lib/python3.10/site-packages (from optuna->-r requirements.txt (line 1)) (24.2)
Requirement already satisfied: sqlalchemy>=1.4.2 in /users/hunjael/.conda/envs/torch-st/lib/python3.10/site-packages (from optuna->-r requirements.txt (line 1)) (2.0.37)
Requirement already satisfied: tqdm in /users/hunjael/.conda/envs/torch-st/lib/python3.10/site-packages (from optuna->-r requirements.txt (line 1)) (4.67.1)
Requirement already satisfied: PyYAML in /users/hunjael/.conda/envs/torch-st/lib/python3.10/site-packages (from optuna->-r requirements.txt (line 1)) (6.0.2)
Requirement already satisfied: absl-py in /users/hunjael/.conda/envs/torch-st/lib/python3.10/site-packages (from ml_collections->-r requirements.txt (line 2)) (2.1.0)
Requirement already satisfied: six in /users/hunjael/.conda/envs/torch-st/lib/python3.10/site-packages (from ml_collections->-r requirements.txt (line 2)) (1.17.0)
Requirement already satisfied: Mako in /users/hunjael/.conda/envs/torch-st/lib/python3.10/site-packages (from alembic>=1.5.0->optuna->-r requirements.txt (line 1)) (1.3.8)
Requirement already satisfied: typing-extensions>=4 in /users/hunjael/.conda/envs/torch-st/lib/python3.10/site-packages (from alembic>=1.5.0->optuna->-r requirements.txt (line 1)) (4.12.2)
Requirement already satisfied: greenlet!=0.4.17 in /users/hunjael/.conda/envs/torch-st/lib/python3.10/site-packages (from sqlalchemy>=1.4.2->optuna->-r requirements.txt (line 1)) (3.1.1)
Requirement already satisfied: MarkupSafe>=0.9.2 in /users/hunjael/.conda/envs/torch-st/lib/python3.10/site-packages (from Mako->alembic>=1.5.0->optuna->-r requirements.txt (line 1)) (3.0.2)
/users/hunjael/.conda/envs/torch-st/lib/python3.10/site-packages/tsl/datasets/metr_la.py:98: FutureWarning: 'T' is deprecated and will be removed in a future version, please use 'min' instead.
  date_range = pd.date_range(df.index[0], df.index[-1], freq='5T')
/users/hunjael/.conda/envs/torch-st/lib/python3.10/site-packages/tsl/datasets/metr_la.py:109: FutureWarning: The 'method' keyword in DataFrame.replace is deprecated and will be removed in a future version.
  df = df.replace(to_replace=0., method='ffill')

temporal only model, 150 epochs, lr=0.005

Training Model...

Epoch 1/250 - Average Train Loss (MSE): 2731.9515 - Average Val Loss (MSE): 1348.7375
Epoch 2/250 - Average Train Loss (MSE): 496.8154 - Average Val Loss (MSE): 185.9454
Epoch 3/250 - Average Train Loss (MSE): 181.8219 - Average Val Loss (MSE): 147.5585
Epoch 4/250 - Average Train Loss (MSE): 119.0010 - Average Val Loss (MSE): 62.3162
Epoch 5/250 - Average Train Loss (MSE): 70.3273 - Average Val Loss (MSE): 50.9383
Epoch 6/250 - Average Train Loss (MSE): 61.8357 - Average Val Loss (MSE): 46.7430
Epoch 7/250 - Average Train Loss (MSE): 58.3096 - Average Val Loss (MSE): 44.5311
Epoch 8/250 - Average Train Loss (MSE): 56.6251 - Average Val Loss (MSE): 43.5063
Epoch 9/250 - Average Train Loss (MSE): 55.6938 - Average Val Loss (MSE): 42.8427
Epoch 10/250 - Average Train Loss (MSE): 54.8076 - Average Val Loss (MSE): 42.3284
Epoch 11/250 - Average Train Loss (MSE): 54.4797 - Average Val Loss (MSE): 42.0397
Epoch 12/250 - Average Train Loss (MSE): 53.9629 - Average Val Loss (MSE): 41.9926
Epoch 13/250 - Average Train Loss (MSE): 53.6555 - Average Val Loss (MSE): 41.5216
Epoch 14/250 - Average Train Loss (MSE): 53.4369 - Average Val Loss (MSE): 41.3882
Epoch 15/250 - Average Train Loss (MSE): 52.9485 - Average Val Loss (MSE): 40.8874
Epoch 16/250 - Average Train Loss (MSE): 52.6935 - Average Val Loss (MSE): 40.9635
Epoch 17/250 - Average Train Loss (MSE): 52.6189 - Average Val Loss (MSE): 40.8650
Epoch 18/250 - Average Train Loss (MSE): 52.5601 - Average Val Loss (MSE): 41.0057
Epoch 19/250 - Average Train Loss (MSE): 52.3334 - Average Val Loss (MSE): 40.5171
Epoch 20/250 - Average Train Loss (MSE): 52.0443 - Average Val Loss (MSE): 40.3896
Epoch 21/250 - Average Train Loss (MSE): 52.1170 - Average Val Loss (MSE): 40.5857
Epoch 22/250 - Average Train Loss (MSE): 51.8872 - Average Val Loss (MSE): 40.5194
Epoch 23/250 - Average Train Loss (MSE): 51.8859 - Average Val Loss (MSE): 40.1089
Epoch 24/250 - Average Train Loss (MSE): 51.5932 - Average Val Loss (MSE): 40.6353
Epoch 25/250 - Average Train Loss (MSE): 51.7315 - Average Val Loss (MSE): 40.4502
Epoch 26/250 - Average Train Loss (MSE): 51.5658 - Average Val Loss (MSE): 40.1952
Epoch 27/250 - Average Train Loss (MSE): 51.4427 - Average Val Loss (MSE): 40.1229
Epoch 28/250 - Average Train Loss (MSE): 51.4440 - Average Val Loss (MSE): 39.8175
Epoch 29/250 - Average Train Loss (MSE): 51.3079 - Average Val Loss (MSE): 39.8059
Epoch 30/250 - Average Train Loss (MSE): 51.1662 - Average Val Loss (MSE): 39.8587
Epoch 31/250 - Average Train Loss (MSE): 51.1324 - Average Val Loss (MSE): 39.7419
Epoch 32/250 - Average Train Loss (MSE): 51.1093 - Average Val Loss (MSE): 39.5950
Epoch 33/250 - Average Train Loss (MSE): 50.8988 - Average Val Loss (MSE): 39.4933
Epoch 34/250 - Average Train Loss (MSE): 50.8842 - Average Val Loss (MSE): 39.3961
Epoch 35/250 - Average Train Loss (MSE): 50.8111 - Average Val Loss (MSE): 39.4368
Epoch 36/250 - Average Train Loss (MSE): 50.6666 - Average Val Loss (MSE): 39.5898
Epoch 37/250 - Average Train Loss (MSE): 50.5740 - Average Val Loss (MSE): 39.7786
Epoch 38/250 - Average Train Loss (MSE): 50.6025 - Average Val Loss (MSE): 39.4086
Epoch 39/250 - Average Train Loss (MSE): 50.4222 - Average Val Loss (MSE): 39.0658
Epoch 40/250 - Average Train Loss (MSE): 50.3297 - Average Val Loss (MSE): 39.0827
Epoch 41/250 - Average Train Loss (MSE): 50.2154 - Average Val Loss (MSE): 38.9875
Epoch 42/250 - Average Train Loss (MSE): 50.2645 - Average Val Loss (MSE): 39.0331
Epoch 43/250 - Average Train Loss (MSE): 50.1382 - Average Val Loss (MSE): 38.8138
Epoch 44/250 - Average Train Loss (MSE): 50.0171 - Average Val Loss (MSE): 38.8988
Epoch 45/250 - Average Train Loss (MSE): 49.9777 - Average Val Loss (MSE): 39.0575
Epoch 46/250 - Average Train Loss (MSE): 49.9814 - Average Val Loss (MSE): 38.4556
Epoch 47/250 - Average Train Loss (MSE): 49.8923 - Average Val Loss (MSE): 38.7742
Epoch 48/250 - Average Train Loss (MSE): 49.8641 - Average Val Loss (MSE): 38.5675
Epoch 49/250 - Average Train Loss (MSE): 49.8881 - Average Val Loss (MSE): 38.5562
Epoch 50/250 - Average Train Loss (MSE): 49.7359 - Average Val Loss (MSE): 38.5699
Epoch 51/250 - Average Train Loss (MSE): 49.7034 - Average Val Loss (MSE): 38.2935
Epoch 52/250 - Average Train Loss (MSE): 49.7150 - Average Val Loss (MSE): 38.8237
Epoch 53/250 - Average Train Loss (MSE): 49.6054 - Average Val Loss (MSE): 38.3537
Epoch 54/250 - Average Train Loss (MSE): 49.5733 - Average Val Loss (MSE): 38.3084
Epoch 55/250 - Average Train Loss (MSE): 49.6385 - Average Val Loss (MSE): 38.3456
Epoch 56/250 - Average Train Loss (MSE): 49.6125 - Average Val Loss (MSE): 38.6048
Epoch 57/250 - Average Train Loss (MSE): 49.4686 - Average Val Loss (MSE): 38.4275
Epoch 58/250 - Average Train Loss (MSE): 49.4694 - Average Val Loss (MSE): 38.2923
Epoch 59/250 - Average Train Loss (MSE): 49.5218 - Average Val Loss (MSE): 38.4042
Epoch 60/250 - Average Train Loss (MSE): 49.5728 - Average Val Loss (MSE): 38.3890
Epoch 61/250 - Average Train Loss (MSE): 49.3634 - Average Val Loss (MSE): 38.1747
Epoch 62/250 - Average Train Loss (MSE): 49.3472 - Average Val Loss (MSE): 38.0774
Epoch 63/250 - Average Train Loss (MSE): 49.2042 - Average Val Loss (MSE): 38.1136
Epoch 64/250 - Average Train Loss (MSE): 49.2797 - Average Val Loss (MSE): 38.2436
Epoch 65/250 - Average Train Loss (MSE): 49.2192 - Average Val Loss (MSE): 38.2385
Epoch 66/250 - Average Train Loss (MSE): 49.2841 - Average Val Loss (MSE): 37.9832
Epoch 67/250 - Average Train Loss (MSE): 49.1826 - Average Val Loss (MSE): 38.0144
Epoch 68/250 - Average Train Loss (MSE): 49.1374 - Average Val Loss (MSE): 37.9464
Epoch 69/250 - Average Train Loss (MSE): 49.1475 - Average Val Loss (MSE): 37.9257
Epoch 70/250 - Average Train Loss (MSE): 49.1639 - Average Val Loss (MSE): 38.0192
Epoch 71/250 - Average Train Loss (MSE): 49.1271 - Average Val Loss (MSE): 38.0014
Epoch 72/250 - Average Train Loss (MSE): 49.0895 - Average Val Loss (MSE): 38.1561
Epoch 73/250 - Average Train Loss (MSE): 49.0491 - Average Val Loss (MSE): 37.9293
Epoch 74/250 - Average Train Loss (MSE): 49.0180 - Average Val Loss (MSE): 37.9220
Epoch 75/250 - Average Train Loss (MSE): 49.0621 - Average Val Loss (MSE): 37.8478
Epoch 76/250 - Average Train Loss (MSE): 48.9673 - Average Val Loss (MSE): 37.8697
Epoch 77/250 - Average Train Loss (MSE): 49.0659 - Average Val Loss (MSE): 37.9750
Epoch 78/250 - Average Train Loss (MSE): 48.9905 - Average Val Loss (MSE): 38.1214
Epoch 79/250 - Average Train Loss (MSE): 48.9657 - Average Val Loss (MSE): 37.9091
Epoch 80/250 - Average Train Loss (MSE): 48.9706 - Average Val Loss (MSE): 37.8084
Epoch 81/250 - Average Train Loss (MSE): 48.9451 - Average Val Loss (MSE): 37.7611
Epoch 82/250 - Average Train Loss (MSE): 48.9468 - Average Val Loss (MSE): 37.8958
Epoch 83/250 - Average Train Loss (MSE): 48.8798 - Average Val Loss (MSE): 38.1449
Epoch 84/250 - Average Train Loss (MSE): 48.9374 - Average Val Loss (MSE): 37.8427
Epoch 85/250 - Average Train Loss (MSE): 48.7848 - Average Val Loss (MSE): 37.7755
Epoch 86/250 - Average Train Loss (MSE): 48.9020 - Average Val Loss (MSE): 37.6766
Epoch 87/250 - Average Train Loss (MSE): 48.8716 - Average Val Loss (MSE): 37.7758
Epoch 88/250 - Average Train Loss (MSE): 48.8450 - Average Val Loss (MSE): 37.7324
Epoch 89/250 - Average Train Loss (MSE): 48.7572 - Average Val Loss (MSE): 37.7093
Epoch 90/250 - Average Train Loss (MSE): 48.8044 - Average Val Loss (MSE): 37.7580
Epoch 91/250 - Average Train Loss (MSE): 48.7662 - Average Val Loss (MSE): 37.7528
Epoch 92/250 - Average Train Loss (MSE): 48.8548 - Average Val Loss (MSE): 37.8746
Epoch 93/250 - Average Train Loss (MSE): 48.7170 - Average Val Loss (MSE): 37.5642
Epoch 94/250 - Average Train Loss (MSE): 48.8078 - Average Val Loss (MSE): 37.5393
Epoch 95/250 - Average Train Loss (MSE): 48.6369 - Average Val Loss (MSE): 37.5334
Epoch 96/250 - Average Train Loss (MSE): 48.7276 - Average Val Loss (MSE): 37.8322
Epoch 97/250 - Average Train Loss (MSE): 48.6823 - Average Val Loss (MSE): 37.7983
Epoch 98/250 - Average Train Loss (MSE): 48.7504 - Average Val Loss (MSE): 37.5492
Epoch 99/250 - Average Train Loss (MSE): 48.6333 - Average Val Loss (MSE): 37.7857
Epoch 100/250 - Average Train Loss (MSE): 48.6971 - Average Val Loss (MSE): 37.4976
Epoch 101/250 - Average Train Loss (MSE): 48.6414 - Average Val Loss (MSE): 37.9074
Epoch 102/250 - Average Train Loss (MSE): 48.6114 - Average Val Loss (MSE): 37.5839
Epoch 103/250 - Average Train Loss (MSE): 48.6212 - Average Val Loss (MSE): 37.5138
Epoch 104/250 - Average Train Loss (MSE): 48.6167 - Average Val Loss (MSE): 37.4180
Epoch 105/250 - Average Train Loss (MSE): 48.6013 - Average Val Loss (MSE): 37.4754
Epoch 106/250 - Average Train Loss (MSE): 48.6034 - Average Val Loss (MSE): 37.5481
Epoch 107/250 - Average Train Loss (MSE): 48.5901 - Average Val Loss (MSE): 37.4787
Epoch 108/250 - Average Train Loss (MSE): 48.5610 - Average Val Loss (MSE): 37.3702
Epoch 109/250 - Average Train Loss (MSE): 48.5600 - Average Val Loss (MSE): 37.6241
Epoch 110/250 - Average Train Loss (MSE): 48.6114 - Average Val Loss (MSE): 37.5186
Epoch 111/250 - Average Train Loss (MSE): 48.5142 - Average Val Loss (MSE): 37.9247
Epoch 112/250 - Average Train Loss (MSE): 48.6123 - Average Val Loss (MSE): 37.5292
Epoch 113/250 - Average Train Loss (MSE): 48.5469 - Average Val Loss (MSE): 37.4707
Epoch 114/250 - Average Train Loss (MSE): 48.5158 - Average Val Loss (MSE): 37.3220
Epoch 115/250 - Average Train Loss (MSE): 48.5120 - Average Val Loss (MSE): 37.4641
Epoch 116/250 - Average Train Loss (MSE): 48.4679 - Average Val Loss (MSE): 37.3707
Epoch 117/250 - Average Train Loss (MSE): 48.4779 - Average Val Loss (MSE): 37.5411
Epoch 118/250 - Average Train Loss (MSE): 48.4449 - Average Val Loss (MSE): 37.3385
Epoch 119/250 - Average Train Loss (MSE): 48.4232 - Average Val Loss (MSE): 37.6396
Epoch 120/250 - Average Train Loss (MSE): 48.4913 - Average Val Loss (MSE): 37.6488
Epoch 121/250 - Average Train Loss (MSE): 48.4149 - Average Val Loss (MSE): 37.4002
Epoch 122/250 - Average Train Loss (MSE): 48.3976 - Average Val Loss (MSE): 37.1982
Epoch 123/250 - Average Train Loss (MSE): 48.3546 - Average Val Loss (MSE): 37.2085
Epoch 124/250 - Average Train Loss (MSE): 48.4338 - Average Val Loss (MSE): 37.2169
Epoch 125/250 - Average Train Loss (MSE): 48.4077 - Average Val Loss (MSE): 37.1927
Epoch 126/250 - Average Train Loss (MSE): 48.3870 - Average Val Loss (MSE): 37.2777
Epoch 127/250 - Average Train Loss (MSE): 48.3783 - Average Val Loss (MSE): 37.2337
Epoch 128/250 - Average Train Loss (MSE): 48.4201 - Average Val Loss (MSE): 37.3594
Epoch 129/250 - Average Train Loss (MSE): 48.3096 - Average Val Loss (MSE): 37.6089
Epoch 130/250 - Average Train Loss (MSE): 48.3135 - Average Val Loss (MSE): 37.2370
Epoch 131/250 - Average Train Loss (MSE): 48.2781 - Average Val Loss (MSE): 37.3241
Epoch 132/250 - Average Train Loss (MSE): 48.2804 - Average Val Loss (MSE): 37.2496
Epoch 133/250 - Average Train Loss (MSE): 48.3775 - Average Val Loss (MSE): 37.2852
Epoch 134/250 - Average Train Loss (MSE): 48.2971 - Average Val Loss (MSE): 37.2630
Epoch 135/250 - Average Train Loss (MSE): 48.3054 - Average Val Loss (MSE): 37.1784
Epoch 136/250 - Average Train Loss (MSE): 48.2793 - Average Val Loss (MSE): 37.3836
Epoch 137/250 - Average Train Loss (MSE): 48.3203 - Average Val Loss (MSE): 37.3715
Epoch 138/250 - Average Train Loss (MSE): 48.2277 - Average Val Loss (MSE): 37.2629
Epoch 139/250 - Average Train Loss (MSE): 48.2777 - Average Val Loss (MSE): 37.4771
Epoch 140/250 - Average Train Loss (MSE): 48.2498 - Average Val Loss (MSE): 37.2237
Epoch 141/250 - Average Train Loss (MSE): 48.2831 - Average Val Loss (MSE): 37.5823
Epoch 142/250 - Average Train Loss (MSE): 48.2806 - Average Val Loss (MSE): 37.2989
Epoch 143/250 - Average Train Loss (MSE): 48.2092 - Average Val Loss (MSE): 37.3694
Epoch 144/250 - Average Train Loss (MSE): 48.2188 - Average Val Loss (MSE): 37.1873
Epoch 145/250 - Average Train Loss (MSE): 48.1857 - Average Val Loss (MSE): 37.2856
Epoch 146/250 - Average Train Loss (MSE): 48.1948 - Average Val Loss (MSE): 37.8928
Epoch 147/250 - Average Train Loss (MSE): 48.2403 - Average Val Loss (MSE): 37.2442
Epoch 148/250 - Average Train Loss (MSE): 48.1693 - Average Val Loss (MSE): 37.5119
Epoch 149/250 - Average Train Loss (MSE): 48.2174 - Average Val Loss (MSE): 37.1922
Epoch 150/250 - Average Train Loss (MSE): 48.2316 - Average Val Loss (MSE): 37.5407
Epoch 151/250 - Average Train Loss (MSE): 48.2166 - Average Val Loss (MSE): 37.5869
Epoch 152/250 - Average Train Loss (MSE): 48.2116 - Average Val Loss (MSE): 37.2447
Epoch 153/250 - Average Train Loss (MSE): 48.1888 - Average Val Loss (MSE): 37.1341
Epoch 154/250 - Average Train Loss (MSE): 48.2061 - Average Val Loss (MSE): 37.3212
Epoch 155/250 - Average Train Loss (MSE): 48.1032 - Average Val Loss (MSE): 37.1940
Epoch 156/250 - Average Train Loss (MSE): 48.1710 - Average Val Loss (MSE): 37.3778
Epoch 157/250 - Average Train Loss (MSE): 48.1318 - Average Val Loss (MSE): 37.2221
Epoch 158/250 - Average Train Loss (MSE): 48.1106 - Average Val Loss (MSE): 37.2620
Epoch 159/250 - Average Train Loss (MSE): 48.1541 - Average Val Loss (MSE): 37.3078
Epoch 160/250 - Average Train Loss (MSE): 48.1294 - Average Val Loss (MSE): 37.3009
Epoch 161/250 - Average Train Loss (MSE): 48.0850 - Average Val Loss (MSE): 37.1775
Epoch 162/250 - Average Train Loss (MSE): 48.2442 - Average Val Loss (MSE): 37.1348
Epoch 163/250 - Average Train Loss (MSE): 48.0779 - Average Val Loss (MSE): 37.1040
Epoch 164/250 - Average Train Loss (MSE): 48.0643 - Average Val Loss (MSE): 37.4372
Epoch 165/250 - Average Train Loss (MSE): 48.0671 - Average Val Loss (MSE): 37.2927
Epoch 166/250 - Average Train Loss (MSE): 48.1422 - Average Val Loss (MSE): 37.1926
Epoch 167/250 - Average Train Loss (MSE): 48.0652 - Average Val Loss (MSE): 37.1068
Epoch 168/250 - Average Train Loss (MSE): 48.0490 - Average Val Loss (MSE): 37.3549
Epoch 169/250 - Average Train Loss (MSE): 48.0097 - Average Val Loss (MSE): 37.2291
Epoch 170/250 - Average Train Loss (MSE): 48.1083 - Average Val Loss (MSE): 37.2601
Epoch 171/250 - Average Train Loss (MSE): 48.0923 - Average Val Loss (MSE): 37.2157
Epoch 172/250 - Average Train Loss (MSE): 48.0100 - Average Val Loss (MSE): 37.1173
Epoch 173/250 - Average Train Loss (MSE): 48.1020 - Average Val Loss (MSE): 37.1824
Epoch 174/250 - Average Train Loss (MSE): 48.0411 - Average Val Loss (MSE): 37.0884
Epoch 175/250 - Average Train Loss (MSE): 48.0257 - Average Val Loss (MSE): 37.3363
Epoch 176/250 - Average Train Loss (MSE): 48.0216 - Average Val Loss (MSE): 37.0945
Epoch 177/250 - Average Train Loss (MSE): 48.0135 - Average Val Loss (MSE): 37.3828
Epoch 178/250 - Average Train Loss (MSE): 48.0376 - Average Val Loss (MSE): 37.1719
Epoch 179/250 - Average Train Loss (MSE): 47.9726 - Average Val Loss (MSE): 37.1526
Epoch 180/250 - Average Train Loss (MSE): 48.0352 - Average Val Loss (MSE): 37.1180
Epoch 181/250 - Average Train Loss (MSE): 47.9819 - Average Val Loss (MSE): 37.0724
Epoch 182/250 - Average Train Loss (MSE): 47.9936 - Average Val Loss (MSE): 37.0284
Epoch 183/250 - Average Train Loss (MSE): 48.0239 - Average Val Loss (MSE): 37.0516
Epoch 184/250 - Average Train Loss (MSE): 47.9919 - Average Val Loss (MSE): 37.0283
Epoch 185/250 - Average Train Loss (MSE): 47.9766 - Average Val Loss (MSE): 37.1109
Epoch 186/250 - Average Train Loss (MSE): 47.9914 - Average Val Loss (MSE): 37.3157
Epoch 187/250 - Average Train Loss (MSE): 47.9579 - Average Val Loss (MSE): 37.0715
Epoch 188/250 - Average Train Loss (MSE): 47.9194 - Average Val Loss (MSE): 37.0876
Epoch 189/250 - Average Train Loss (MSE): 47.9517 - Average Val Loss (MSE): 37.0899
Epoch 190/250 - Average Train Loss (MSE): 47.9206 - Average Val Loss (MSE): 37.2546
Epoch 191/250 - Average Train Loss (MSE): 47.9707 - Average Val Loss (MSE): 37.0296
Epoch 192/250 - Average Train Loss (MSE): 47.9517 - Average Val Loss (MSE): 36.9915
Epoch 193/250 - Average Train Loss (MSE): 47.9345 - Average Val Loss (MSE): 37.0107
Epoch 194/250 - Average Train Loss (MSE): 48.0380 - Average Val Loss (MSE): 37.0737
Epoch 195/250 - Average Train Loss (MSE): 47.8783 - Average Val Loss (MSE): 37.1764
Epoch 196/250 - Average Train Loss (MSE): 47.9107 - Average Val Loss (MSE): 37.2242
Epoch 197/250 - Average Train Loss (MSE): 47.9555 - Average Val Loss (MSE): 37.1405
Epoch 198/250 - Average Train Loss (MSE): 47.8995 - Average Val Loss (MSE): 36.9614
Epoch 199/250 - Average Train Loss (MSE): 47.8738 - Average Val Loss (MSE): 37.5046
Epoch 200/250 - Average Train Loss (MSE): 47.9519 - Average Val Loss (MSE): 36.9821
Epoch 201/250 - Average Train Loss (MSE): 47.9205 - Average Val Loss (MSE): 36.9529
Epoch 202/250 - Average Train Loss (MSE): 47.8905 - Average Val Loss (MSE): 37.2025
Epoch 203/250 - Average Train Loss (MSE): 47.8842 - Average Val Loss (MSE): 36.8989
Epoch 204/250 - Average Train Loss (MSE): 47.9004 - Average Val Loss (MSE): 37.0790
Epoch 205/250 - Average Train Loss (MSE): 47.9249 - Average Val Loss (MSE): 37.1669
Epoch 206/250 - Average Train Loss (MSE): 47.9168 - Average Val Loss (MSE): 37.0717
Epoch 207/250 - Average Train Loss (MSE): 47.9230 - Average Val Loss (MSE): 37.1130
Epoch 208/250 - Average Train Loss (MSE): 47.9231 - Average Val Loss (MSE): 37.0105
Epoch 209/250 - Average Train Loss (MSE): 47.8568 - Average Val Loss (MSE): 37.1123
Epoch 210/250 - Average Train Loss (MSE): 47.8553 - Average Val Loss (MSE): 37.0594
Epoch 211/250 - Average Train Loss (MSE): 47.8856 - Average Val Loss (MSE): 37.0271
Epoch 212/250 - Average Train Loss (MSE): 47.8716 - Average Val Loss (MSE): 36.8745
Epoch 213/250 - Average Train Loss (MSE): 47.8487 - Average Val Loss (MSE): 37.0009
Epoch 214/250 - Average Train Loss (MSE): 47.8009 - Average Val Loss (MSE): 37.1116
Epoch 215/250 - Average Train Loss (MSE): 47.8854 - Average Val Loss (MSE): 37.1297
Epoch 216/250 - Average Train Loss (MSE): 47.8906 - Average Val Loss (MSE): 37.3156
Epoch 217/250 - Average Train Loss (MSE): 47.8896 - Average Val Loss (MSE): 37.1379
Epoch 218/250 - Average Train Loss (MSE): 47.8375 - Average Val Loss (MSE): 37.0028
Epoch 219/250 - Average Train Loss (MSE): 47.9123 - Average Val Loss (MSE): 36.9915
Epoch 220/250 - Average Train Loss (MSE): 47.9365 - Average Val Loss (MSE): 37.0377
Epoch 221/250 - Average Train Loss (MSE): 47.8356 - Average Val Loss (MSE): 37.0403
Epoch 222/250 - Average Train Loss (MSE): 47.8585 - Average Val Loss (MSE): 37.0627
Epoch 223/250 - Average Train Loss (MSE): 47.8595 - Average Val Loss (MSE): 37.1395
Epoch 224/250 - Average Train Loss (MSE): 47.8677 - Average Val Loss (MSE): 36.8971
Epoch 225/250 - Average Train Loss (MSE): 47.8337 - Average Val Loss (MSE): 36.9940
Epoch 226/250 - Average Train Loss (MSE): 47.8422 - Average Val Loss (MSE): 36.9791
Epoch 227/250 - Average Train Loss (MSE): 47.8479 - Average Val Loss (MSE): 37.0076
Epoch 228/250 - Average Train Loss (MSE): 47.8314 - Average Val Loss (MSE): 36.9825
Epoch 229/250 - Average Train Loss (MSE): 47.7989 - Average Val Loss (MSE): 36.9062
Epoch 230/250 - Average Train Loss (MSE): 47.7789 - Average Val Loss (MSE): 37.1460
Epoch 231/250 - Average Train Loss (MSE): 47.8785 - Average Val Loss (MSE): 36.9997
Epoch 232/250 - Average Train Loss (MSE): 47.8134 - Average Val Loss (MSE): 37.0010
Epoch 233/250 - Average Train Loss (MSE): 47.8955 - Average Val Loss (MSE): 37.0136
Epoch 234/250 - Average Train Loss (MSE): 47.7867 - Average Val Loss (MSE): 37.0535
Epoch 235/250 - Average Train Loss (MSE): 47.7587 - Average Val Loss (MSE): 37.0032
Epoch 236/250 - Average Train Loss (MSE): 47.7769 - Average Val Loss (MSE): 37.0400
Epoch 237/250 - Average Train Loss (MSE): 47.8188 - Average Val Loss (MSE): 37.0560
Epoch 238/250 - Average Train Loss (MSE): 47.7841 - Average Val Loss (MSE): 37.0070
Epoch 239/250 - Average Train Loss (MSE): 47.8023 - Average Val Loss (MSE): 36.9477
Epoch 240/250 - Average Train Loss (MSE): 47.7778 - Average Val Loss (MSE): 37.0648
Epoch 241/250 - Average Train Loss (MSE): 47.7488 - Average Val Loss (MSE): 36.9456
Epoch 242/250 - Average Train Loss (MSE): 47.7706 - Average Val Loss (MSE): 36.9091
Epoch 243/250 - Average Train Loss (MSE): 47.7665 - Average Val Loss (MSE): 37.1207
Epoch 244/250 - Average Train Loss (MSE): 47.7972 - Average Val Loss (MSE): 36.9206
Epoch 245/250 - Average Train Loss (MSE): 47.7765 - Average Val Loss (MSE): 36.9025
Epoch 246/250 - Average Train Loss (MSE): 47.7734 - Average Val Loss (MSE): 36.9300
Epoch 247/250 - Average Train Loss (MSE): 47.7702 - Average Val Loss (MSE): 36.9235
Epoch 248/250 - Average Train Loss (MSE): 47.7311 - Average Val Loss (MSE): 36.9340
Epoch 249/250 - Average Train Loss (MSE): 47.7832 - Average Val Loss (MSE): 36.8438
Epoch 250/250 - Average Train Loss (MSE): 47.7954 - Average Val Loss (MSE): 36.9150

Test Loss: 3.8702

Model Run Complete...

Total time taken for trainer execution: 13.03 minutes

