Requirement already satisfied: optuna in /users/hunjael/.conda/envs/torch-st/lib/python3.10/site-packages (from -r requirements.txt (line 1)) (4.2.0)
Requirement already satisfied: ml_collections in /users/hunjael/.conda/envs/torch-st/lib/python3.10/site-packages (from -r requirements.txt (line 2)) (1.0.0)
Requirement already satisfied: alembic>=1.5.0 in /users/hunjael/.conda/envs/torch-st/lib/python3.10/site-packages (from optuna->-r requirements.txt (line 1)) (1.14.1)
Requirement already satisfied: colorlog in /users/hunjael/.conda/envs/torch-st/lib/python3.10/site-packages (from optuna->-r requirements.txt (line 1)) (6.9.0)
Requirement already satisfied: numpy in /users/hunjael/.conda/envs/torch-st/lib/python3.10/site-packages (from optuna->-r requirements.txt (line 1)) (2.2.2)
Requirement already satisfied: packaging>=20.0 in /users/hunjael/.conda/envs/torch-st/lib/python3.10/site-packages (from optuna->-r requirements.txt (line 1)) (24.2)
Requirement already satisfied: sqlalchemy>=1.4.2 in /users/hunjael/.conda/envs/torch-st/lib/python3.10/site-packages (from optuna->-r requirements.txt (line 1)) (2.0.37)
Requirement already satisfied: tqdm in /users/hunjael/.conda/envs/torch-st/lib/python3.10/site-packages (from optuna->-r requirements.txt (line 1)) (4.67.1)
Requirement already satisfied: PyYAML in /users/hunjael/.conda/envs/torch-st/lib/python3.10/site-packages (from optuna->-r requirements.txt (line 1)) (6.0.2)
Requirement already satisfied: absl-py in /users/hunjael/.conda/envs/torch-st/lib/python3.10/site-packages (from ml_collections->-r requirements.txt (line 2)) (2.1.0)
Requirement already satisfied: six in /users/hunjael/.conda/envs/torch-st/lib/python3.10/site-packages (from ml_collections->-r requirements.txt (line 2)) (1.17.0)
Requirement already satisfied: Mako in /users/hunjael/.conda/envs/torch-st/lib/python3.10/site-packages (from alembic>=1.5.0->optuna->-r requirements.txt (line 1)) (1.3.8)
Requirement already satisfied: typing-extensions>=4 in /users/hunjael/.conda/envs/torch-st/lib/python3.10/site-packages (from alembic>=1.5.0->optuna->-r requirements.txt (line 1)) (4.12.2)
Requirement already satisfied: greenlet!=0.4.17 in /users/hunjael/.conda/envs/torch-st/lib/python3.10/site-packages (from sqlalchemy>=1.4.2->optuna->-r requirements.txt (line 1)) (3.1.1)
Requirement already satisfied: MarkupSafe>=0.9.2 in /users/hunjael/.conda/envs/torch-st/lib/python3.10/site-packages (from Mako->alembic>=1.5.0->optuna->-r requirements.txt (line 1)) (3.0.2)
/users/hunjael/.conda/envs/torch-st/lib/python3.10/site-packages/tsl/datasets/metr_la.py:98: FutureWarning: 'T' is deprecated and will be removed in a future version, please use 'min' instead.
  date_range = pd.date_range(df.index[0], df.index[-1], freq='5T')
/users/hunjael/.conda/envs/torch-st/lib/python3.10/site-packages/tsl/datasets/metr_la.py:109: FutureWarning: The 'method' keyword in DataFrame.replace is deprecated and will be removed in a future version.
  df = df.replace(to_replace=0., method='ffill')
100 epochs, true self attention (fixed previous mistake) + 1 layer GCN

Training Model...

Epoch 1/100 - Average Train Loss (MSE): 679.9649 - Average Val Loss (MSE): 43.3949
Epoch 2/100 - Average Train Loss (MSE): 55.0863 - Average Val Loss (MSE): 40.8547
Epoch 3/100 - Average Train Loss (MSE): 52.3250 - Average Val Loss (MSE): 39.3851
Epoch 4/100 - Average Train Loss (MSE): 50.9419 - Average Val Loss (MSE): 38.5780
Epoch 5/100 - Average Train Loss (MSE): 50.1202 - Average Val Loss (MSE): 38.4307
Epoch 6/100 - Average Train Loss (MSE): 49.8724 - Average Val Loss (MSE): 39.4800
Epoch 7/100 - Average Train Loss (MSE): 49.4196 - Average Val Loss (MSE): 38.1654
Epoch 8/100 - Average Train Loss (MSE): 49.2602 - Average Val Loss (MSE): 37.9239
Epoch 9/100 - Average Train Loss (MSE): 48.7877 - Average Val Loss (MSE): 37.2581
Epoch 10/100 - Average Train Loss (MSE): 48.3501 - Average Val Loss (MSE): 37.3710
Epoch 11/100 - Average Train Loss (MSE): 48.2047 - Average Val Loss (MSE): 37.2195
Epoch 12/100 - Average Train Loss (MSE): 47.9107 - Average Val Loss (MSE): 36.7415
Epoch 13/100 - Average Train Loss (MSE): 47.5601 - Average Val Loss (MSE): 36.4047
Epoch 14/100 - Average Train Loss (MSE): 47.4373 - Average Val Loss (MSE): 36.6636
Epoch 15/100 - Average Train Loss (MSE): 47.2606 - Average Val Loss (MSE): 36.4127
Epoch 16/100 - Average Train Loss (MSE): 47.3084 - Average Val Loss (MSE): 35.8800
Epoch 17/100 - Average Train Loss (MSE): 47.1536 - Average Val Loss (MSE): 36.4131
Epoch 18/100 - Average Train Loss (MSE): 47.1324 - Average Val Loss (MSE): 37.7734
Epoch 19/100 - Average Train Loss (MSE): 47.1713 - Average Val Loss (MSE): 36.1437
Epoch 20/100 - Average Train Loss (MSE): 46.9207 - Average Val Loss (MSE): 35.6657
Epoch 21/100 - Average Train Loss (MSE): 46.7873 - Average Val Loss (MSE): 35.7110
Epoch 22/100 - Average Train Loss (MSE): 46.8163 - Average Val Loss (MSE): 35.7922
Epoch 23/100 - Average Train Loss (MSE): 46.6825 - Average Val Loss (MSE): 35.7084
Epoch 24/100 - Average Train Loss (MSE): 46.6204 - Average Val Loss (MSE): 35.6960
Epoch 25/100 - Average Train Loss (MSE): 46.6383 - Average Val Loss (MSE): 35.4762
Epoch 26/100 - Average Train Loss (MSE): 46.5969 - Average Val Loss (MSE): 35.4242
Epoch 27/100 - Average Train Loss (MSE): 46.4459 - Average Val Loss (MSE): 35.2778
Epoch 28/100 - Average Train Loss (MSE): 46.4201 - Average Val Loss (MSE): 35.5810
Epoch 29/100 - Average Train Loss (MSE): 46.5058 - Average Val Loss (MSE): 36.0852
Epoch 30/100 - Average Train Loss (MSE): 46.4418 - Average Val Loss (MSE): 35.3238
Epoch 31/100 - Average Train Loss (MSE): 46.3418 - Average Val Loss (MSE): 35.6377
Epoch 32/100 - Average Train Loss (MSE): 46.4075 - Average Val Loss (MSE): 35.2395
Epoch 33/100 - Average Train Loss (MSE): 46.2025 - Average Val Loss (MSE): 35.3493
Epoch 34/100 - Average Train Loss (MSE): 46.3941 - Average Val Loss (MSE): 35.9964
Epoch 35/100 - Average Train Loss (MSE): 46.3416 - Average Val Loss (MSE): 35.2193
Epoch 36/100 - Average Train Loss (MSE): 46.1682 - Average Val Loss (MSE): 35.4833
Epoch 37/100 - Average Train Loss (MSE): 46.2559 - Average Val Loss (MSE): 36.1142
Epoch 38/100 - Average Train Loss (MSE): 46.2501 - Average Val Loss (MSE): 35.2258
Epoch 39/100 - Average Train Loss (MSE): 46.1306 - Average Val Loss (MSE): 35.5954
Epoch 40/100 - Average Train Loss (MSE): 46.1731 - Average Val Loss (MSE): 35.8564
Epoch 41/100 - Average Train Loss (MSE): 46.0894 - Average Val Loss (MSE): 35.2170
Epoch 42/100 - Average Train Loss (MSE): 46.0606 - Average Val Loss (MSE): 35.0347
Epoch 43/100 - Average Train Loss (MSE): 46.2177 - Average Val Loss (MSE): 35.4751
Epoch 44/100 - Average Train Loss (MSE): 45.9889 - Average Val Loss (MSE): 35.2060
Epoch 45/100 - Average Train Loss (MSE): 45.9664 - Average Val Loss (MSE): 35.3341
Epoch 46/100 - Average Train Loss (MSE): 46.1109 - Average Val Loss (MSE): 35.1084
Epoch 47/100 - Average Train Loss (MSE): 45.9734 - Average Val Loss (MSE): 35.3591
Epoch 48/100 - Average Train Loss (MSE): 46.0862 - Average Val Loss (MSE): 35.0270
Epoch 49/100 - Average Train Loss (MSE): 46.0058 - Average Val Loss (MSE): 35.1696
Epoch 50/100 - Average Train Loss (MSE): 46.0432 - Average Val Loss (MSE): 34.9750
Epoch 51/100 - Average Train Loss (MSE): 45.8892 - Average Val Loss (MSE): 35.1302
Epoch 52/100 - Average Train Loss (MSE): 45.9456 - Average Val Loss (MSE): 35.6735
Epoch 53/100 - Average Train Loss (MSE): 46.0005 - Average Val Loss (MSE): 35.2698
Epoch 54/100 - Average Train Loss (MSE): 45.9737 - Average Val Loss (MSE): 35.6716
Epoch 55/100 - Average Train Loss (MSE): 45.8767 - Average Val Loss (MSE): 35.0095
Epoch 56/100 - Average Train Loss (MSE): 45.8933 - Average Val Loss (MSE): 34.9876
Epoch 57/100 - Average Train Loss (MSE): 45.9635 - Average Val Loss (MSE): 35.4314
Epoch 58/100 - Average Train Loss (MSE): 45.8756 - Average Val Loss (MSE): 34.9683
Epoch 59/100 - Average Train Loss (MSE): 45.8290 - Average Val Loss (MSE): 34.8936
Epoch 60/100 - Average Train Loss (MSE): 45.9213 - Average Val Loss (MSE): 35.0041
Epoch 61/100 - Average Train Loss (MSE): 45.8832 - Average Val Loss (MSE): 35.1614
Epoch 62/100 - Average Train Loss (MSE): 45.9021 - Average Val Loss (MSE): 34.8928
Epoch 63/100 - Average Train Loss (MSE): 45.7873 - Average Val Loss (MSE): 35.0623
Epoch 64/100 - Average Train Loss (MSE): 45.9018 - Average Val Loss (MSE): 35.6361
Epoch 65/100 - Average Train Loss (MSE): 45.8818 - Average Val Loss (MSE): 35.6389
Epoch 66/100 - Average Train Loss (MSE): 45.8415 - Average Val Loss (MSE): 34.9025
Epoch 67/100 - Average Train Loss (MSE): 45.8010 - Average Val Loss (MSE): 34.9357
Epoch 68/100 - Average Train Loss (MSE): 45.8258 - Average Val Loss (MSE): 34.9435
Epoch 69/100 - Average Train Loss (MSE): 45.8025 - Average Val Loss (MSE): 35.0241
Epoch 70/100 - Average Train Loss (MSE): 45.8441 - Average Val Loss (MSE): 34.9513
Epoch 71/100 - Average Train Loss (MSE): 45.7808 - Average Val Loss (MSE): 34.8662
Epoch 72/100 - Average Train Loss (MSE): 45.6836 - Average Val Loss (MSE): 35.4544
Epoch 73/100 - Average Train Loss (MSE): 45.7525 - Average Val Loss (MSE): 34.9881
Epoch 74/100 - Average Train Loss (MSE): 45.7544 - Average Val Loss (MSE): 35.4680
Epoch 75/100 - Average Train Loss (MSE): 45.7866 - Average Val Loss (MSE): 34.7300
Epoch 76/100 - Average Train Loss (MSE): 45.7167 - Average Val Loss (MSE): 34.9594
Epoch 77/100 - Average Train Loss (MSE): 45.7916 - Average Val Loss (MSE): 34.9636
Epoch 78/100 - Average Train Loss (MSE): 45.7322 - Average Val Loss (MSE): 35.0542
Epoch 79/100 - Average Train Loss (MSE): 45.6927 - Average Val Loss (MSE): 34.8829
Epoch 80/100 - Average Train Loss (MSE): 45.7699 - Average Val Loss (MSE): 35.0288
Epoch 81/100 - Average Train Loss (MSE): 45.6872 - Average Val Loss (MSE): 34.8727
Epoch 82/100 - Average Train Loss (MSE): 45.7285 - Average Val Loss (MSE): 34.7581
Epoch 83/100 - Average Train Loss (MSE): 45.6678 - Average Val Loss (MSE): 35.0831
Epoch 84/100 - Average Train Loss (MSE): 45.8871 - Average Val Loss (MSE): 35.3394
Epoch 85/100 - Average Train Loss (MSE): 45.6972 - Average Val Loss (MSE): 34.8935
Epoch 86/100 - Average Train Loss (MSE): 45.6628 - Average Val Loss (MSE): 34.8467
Epoch 87/100 - Average Train Loss (MSE): 45.7210 - Average Val Loss (MSE): 34.7667
Epoch 88/100 - Average Train Loss (MSE): 45.6369 - Average Val Loss (MSE): 34.9193
Epoch 89/100 - Average Train Loss (MSE): 45.6581 - Average Val Loss (MSE): 34.9657
Epoch 90/100 - Average Train Loss (MSE): 45.7538 - Average Val Loss (MSE): 34.8725
Epoch 91/100 - Average Train Loss (MSE): 45.7258 - Average Val Loss (MSE): 34.9909
Epoch 92/100 - Average Train Loss (MSE): 45.6779 - Average Val Loss (MSE): 34.7449
Epoch 93/100 - Average Train Loss (MSE): 45.6429 - Average Val Loss (MSE): 35.0935
Epoch 94/100 - Average Train Loss (MSE): 45.5972 - Average Val Loss (MSE): 34.8198
Epoch 95/100 - Average Train Loss (MSE): 45.5965 - Average Val Loss (MSE): 34.8350
Epoch 96/100 - Average Train Loss (MSE): 45.6473 - Average Val Loss (MSE): 34.8232
Epoch 97/100 - Average Train Loss (MSE): 45.6407 - Average Val Loss (MSE): 34.8407
Epoch 98/100 - Average Train Loss (MSE): 45.6311 - Average Val Loss (MSE): 34.9001
Epoch 99/100 - Average Train Loss (MSE): 45.5860 - Average Val Loss (MSE): 35.0212
Epoch 100/100 - Average Train Loss (MSE): 45.6618 - Average Val Loss (MSE): 35.1796

Test Loss: 3.6207

Model Run Complete...

Total time taken for trainer execution: 5.17 minutes

