Requirement already satisfied: optuna in /users/hunjael/.conda/envs/torch-st/lib/python3.10/site-packages (from -r requirements.txt (line 1)) (4.2.0)
Requirement already satisfied: ml_collections in /users/hunjael/.conda/envs/torch-st/lib/python3.10/site-packages (from -r requirements.txt (line 2)) (1.0.0)
Requirement already satisfied: alembic>=1.5.0 in /users/hunjael/.conda/envs/torch-st/lib/python3.10/site-packages (from optuna->-r requirements.txt (line 1)) (1.14.1)
Requirement already satisfied: colorlog in /users/hunjael/.conda/envs/torch-st/lib/python3.10/site-packages (from optuna->-r requirements.txt (line 1)) (6.9.0)
Requirement already satisfied: numpy in /users/hunjael/.conda/envs/torch-st/lib/python3.10/site-packages (from optuna->-r requirements.txt (line 1)) (2.2.2)
Requirement already satisfied: packaging>=20.0 in /users/hunjael/.conda/envs/torch-st/lib/python3.10/site-packages (from optuna->-r requirements.txt (line 1)) (24.2)
Requirement already satisfied: sqlalchemy>=1.4.2 in /users/hunjael/.conda/envs/torch-st/lib/python3.10/site-packages (from optuna->-r requirements.txt (line 1)) (2.0.37)
Requirement already satisfied: tqdm in /users/hunjael/.conda/envs/torch-st/lib/python3.10/site-packages (from optuna->-r requirements.txt (line 1)) (4.67.1)
Requirement already satisfied: PyYAML in /users/hunjael/.conda/envs/torch-st/lib/python3.10/site-packages (from optuna->-r requirements.txt (line 1)) (6.0.2)
Requirement already satisfied: absl-py in /users/hunjael/.conda/envs/torch-st/lib/python3.10/site-packages (from ml_collections->-r requirements.txt (line 2)) (2.1.0)
Requirement already satisfied: six in /users/hunjael/.conda/envs/torch-st/lib/python3.10/site-packages (from ml_collections->-r requirements.txt (line 2)) (1.17.0)
Requirement already satisfied: Mako in /users/hunjael/.conda/envs/torch-st/lib/python3.10/site-packages (from alembic>=1.5.0->optuna->-r requirements.txt (line 1)) (1.3.8)
Requirement already satisfied: typing-extensions>=4 in /users/hunjael/.conda/envs/torch-st/lib/python3.10/site-packages (from alembic>=1.5.0->optuna->-r requirements.txt (line 1)) (4.12.2)
Requirement already satisfied: greenlet!=0.4.17 in /users/hunjael/.conda/envs/torch-st/lib/python3.10/site-packages (from sqlalchemy>=1.4.2->optuna->-r requirements.txt (line 1)) (3.1.1)
Requirement already satisfied: MarkupSafe>=0.9.2 in /users/hunjael/.conda/envs/torch-st/lib/python3.10/site-packages (from Mako->alembic>=1.5.0->optuna->-r requirements.txt (line 1)) (3.0.2)
/users/hunjael/.conda/envs/torch-st/lib/python3.10/site-packages/tsl/datasets/metr_la.py:98: FutureWarning: 'T' is deprecated and will be removed in a future version, please use 'min' instead.
  date_range = pd.date_range(df.index[0], df.index[-1], freq='5T')
/users/hunjael/.conda/envs/torch-st/lib/python3.10/site-packages/tsl/datasets/metr_la.py:109: FutureWarning: The 'method' keyword in DataFrame.replace is deprecated and will be removed in a future version.
  df = df.replace(to_replace=0., method='ffill')

100 epochs, 2 layer self attention temporal only -- no causal mask

Training Model...

Epoch 1/100 - Average Train Loss (MSE): 727.4523 - Average Val Loss (MSE): 66.2927
Epoch 2/100 - Average Train Loss (MSE): 56.9238 - Average Val Loss (MSE): 40.6303
Epoch 3/100 - Average Train Loss (MSE): 51.4058 - Average Val Loss (MSE): 39.3762
Epoch 4/100 - Average Train Loss (MSE): 50.6132 - Average Val Loss (MSE): 38.8219
Epoch 5/100 - Average Train Loss (MSE): 50.5199 - Average Val Loss (MSE): 39.0400
Epoch 6/100 - Average Train Loss (MSE): 49.8446 - Average Val Loss (MSE): 38.0974
Epoch 7/100 - Average Train Loss (MSE): 49.3743 - Average Val Loss (MSE): 38.4282
Epoch 8/100 - Average Train Loss (MSE): 49.2178 - Average Val Loss (MSE): 38.1551
Epoch 9/100 - Average Train Loss (MSE): 48.8151 - Average Val Loss (MSE): 38.4591
Epoch 10/100 - Average Train Loss (MSE): 48.8579 - Average Val Loss (MSE): 38.1940
Epoch 11/100 - Average Train Loss (MSE): 48.5191 - Average Val Loss (MSE): 38.3344
Epoch 12/100 - Average Train Loss (MSE): 48.4481 - Average Val Loss (MSE): 38.2454
Epoch 13/100 - Average Train Loss (MSE): 48.2343 - Average Val Loss (MSE): 38.3643
Epoch 14/100 - Average Train Loss (MSE): 48.2074 - Average Val Loss (MSE): 38.3220
Epoch 15/100 - Average Train Loss (MSE): 48.1058 - Average Val Loss (MSE): 38.0202
Epoch 16/100 - Average Train Loss (MSE): 47.7999 - Average Val Loss (MSE): 37.4142
Epoch 17/100 - Average Train Loss (MSE): 47.4860 - Average Val Loss (MSE): 37.3355
Epoch 18/100 - Average Train Loss (MSE): 47.6240 - Average Val Loss (MSE): 37.2167
Epoch 19/100 - Average Train Loss (MSE): 47.4693 - Average Val Loss (MSE): 37.6428
Epoch 20/100 - Average Train Loss (MSE): 47.3140 - Average Val Loss (MSE): 37.7876
Epoch 21/100 - Average Train Loss (MSE): 47.1939 - Average Val Loss (MSE): 37.6531
Epoch 22/100 - Average Train Loss (MSE): 46.9536 - Average Val Loss (MSE): 36.8908
Epoch 23/100 - Average Train Loss (MSE): 46.8624 - Average Val Loss (MSE): 37.2375
Epoch 24/100 - Average Train Loss (MSE): 46.8518 - Average Val Loss (MSE): 36.1968
Epoch 25/100 - Average Train Loss (MSE): 46.5982 - Average Val Loss (MSE): 36.7354
Epoch 26/100 - Average Train Loss (MSE): 46.6407 - Average Val Loss (MSE): 35.9988
Epoch 27/100 - Average Train Loss (MSE): 46.6186 - Average Val Loss (MSE): 36.2579
Epoch 28/100 - Average Train Loss (MSE): 46.5325 - Average Val Loss (MSE): 36.8623
Epoch 29/100 - Average Train Loss (MSE): 46.6610 - Average Val Loss (MSE): 36.0577
Epoch 30/100 - Average Train Loss (MSE): 46.4037 - Average Val Loss (MSE): 36.1740
Epoch 31/100 - Average Train Loss (MSE): 46.2957 - Average Val Loss (MSE): 35.9490
Epoch 32/100 - Average Train Loss (MSE): 46.2658 - Average Val Loss (MSE): 35.6852
Epoch 33/100 - Average Train Loss (MSE): 46.1914 - Average Val Loss (MSE): 36.2593
Epoch 34/100 - Average Train Loss (MSE): 46.0946 - Average Val Loss (MSE): 37.1780
Epoch 35/100 - Average Train Loss (MSE): 45.9813 - Average Val Loss (MSE): 35.7001
Epoch 36/100 - Average Train Loss (MSE): 45.9385 - Average Val Loss (MSE): 35.6984
Epoch 37/100 - Average Train Loss (MSE): 45.8448 - Average Val Loss (MSE): 35.6809
Epoch 38/100 - Average Train Loss (MSE): 45.8266 - Average Val Loss (MSE): 35.9225
Epoch 39/100 - Average Train Loss (MSE): 45.7614 - Average Val Loss (MSE): 35.4858
Epoch 40/100 - Average Train Loss (MSE): 45.7964 - Average Val Loss (MSE): 35.5803
Epoch 41/100 - Average Train Loss (MSE): 45.6654 - Average Val Loss (MSE): 35.2077
Epoch 42/100 - Average Train Loss (MSE): 45.6169 - Average Val Loss (MSE): 35.6411
Epoch 43/100 - Average Train Loss (MSE): 45.5570 - Average Val Loss (MSE): 35.3852
Epoch 44/100 - Average Train Loss (MSE): 45.4644 - Average Val Loss (MSE): 35.1909
Epoch 45/100 - Average Train Loss (MSE): 45.5046 - Average Val Loss (MSE): 35.2366
Epoch 46/100 - Average Train Loss (MSE): 45.4967 - Average Val Loss (MSE): 35.4877
Epoch 47/100 - Average Train Loss (MSE): 45.4470 - Average Val Loss (MSE): 35.5020
Epoch 48/100 - Average Train Loss (MSE): 45.3114 - Average Val Loss (MSE): 35.2739
Epoch 49/100 - Average Train Loss (MSE): 45.3306 - Average Val Loss (MSE): 35.3433
Epoch 50/100 - Average Train Loss (MSE): 45.3135 - Average Val Loss (MSE): 35.0909
Epoch 51/100 - Average Train Loss (MSE): 45.2825 - Average Val Loss (MSE): 35.2845
Epoch 52/100 - Average Train Loss (MSE): 45.2223 - Average Val Loss (MSE): 34.9737
Epoch 53/100 - Average Train Loss (MSE): 45.1868 - Average Val Loss (MSE): 35.1327
Epoch 54/100 - Average Train Loss (MSE): 45.2032 - Average Val Loss (MSE): 35.4196
Epoch 55/100 - Average Train Loss (MSE): 45.1538 - Average Val Loss (MSE): 35.2595
Epoch 56/100 - Average Train Loss (MSE): 45.0941 - Average Val Loss (MSE): 35.3890
Epoch 57/100 - Average Train Loss (MSE): 45.0899 - Average Val Loss (MSE): 34.9421
Epoch 58/100 - Average Train Loss (MSE): 45.0327 - Average Val Loss (MSE): 35.1923
Epoch 59/100 - Average Train Loss (MSE): 44.9674 - Average Val Loss (MSE): 35.3771
Epoch 60/100 - Average Train Loss (MSE): 44.9492 - Average Val Loss (MSE): 35.4852
Epoch 61/100 - Average Train Loss (MSE): 44.9799 - Average Val Loss (MSE): 35.3409
Epoch 62/100 - Average Train Loss (MSE): 44.8945 - Average Val Loss (MSE): 35.0501
Epoch 63/100 - Average Train Loss (MSE): 44.8388 - Average Val Loss (MSE): 35.0774
Epoch 64/100 - Average Train Loss (MSE): 44.8072 - Average Val Loss (MSE): 35.4684
Epoch 65/100 - Average Train Loss (MSE): 44.8482 - Average Val Loss (MSE): 34.8485
Epoch 66/100 - Average Train Loss (MSE): 44.7704 - Average Val Loss (MSE): 35.0476
Epoch 67/100 - Average Train Loss (MSE): 44.7495 - Average Val Loss (MSE): 34.8702
Epoch 68/100 - Average Train Loss (MSE): 44.7627 - Average Val Loss (MSE): 34.9652
Epoch 69/100 - Average Train Loss (MSE): 44.7078 - Average Val Loss (MSE): 35.0568
Epoch 70/100 - Average Train Loss (MSE): 44.7208 - Average Val Loss (MSE): 35.0265
Epoch 71/100 - Average Train Loss (MSE): 44.6054 - Average Val Loss (MSE): 35.1161
Epoch 72/100 - Average Train Loss (MSE): 44.6046 - Average Val Loss (MSE): 34.7240
Epoch 73/100 - Average Train Loss (MSE): 44.6151 - Average Val Loss (MSE): 34.9596
Epoch 74/100 - Average Train Loss (MSE): 44.6914 - Average Val Loss (MSE): 35.0474
Epoch 75/100 - Average Train Loss (MSE): 44.6336 - Average Val Loss (MSE): 35.0294
Epoch 76/100 - Average Train Loss (MSE): 44.6540 - Average Val Loss (MSE): 35.1435
Epoch 77/100 - Average Train Loss (MSE): 44.5971 - Average Val Loss (MSE): 35.0712
Epoch 78/100 - Average Train Loss (MSE): 44.5821 - Average Val Loss (MSE): 35.0847
Epoch 79/100 - Average Train Loss (MSE): 44.5188 - Average Val Loss (MSE): 35.2345
Epoch 80/100 - Average Train Loss (MSE): 44.4543 - Average Val Loss (MSE): 34.8661
Epoch 81/100 - Average Train Loss (MSE): 44.4050 - Average Val Loss (MSE): 34.7100
Epoch 82/100 - Average Train Loss (MSE): 44.3998 - Average Val Loss (MSE): 35.3073
Epoch 83/100 - Average Train Loss (MSE): 44.4319 - Average Val Loss (MSE): 35.2219
Epoch 84/100 - Average Train Loss (MSE): 44.3524 - Average Val Loss (MSE): 35.1408
Epoch 85/100 - Average Train Loss (MSE): 44.4154 - Average Val Loss (MSE): 35.1576
Epoch 86/100 - Average Train Loss (MSE): 44.3545 - Average Val Loss (MSE): 34.8411
Epoch 87/100 - Average Train Loss (MSE): 44.3089 - Average Val Loss (MSE): 35.0462
Epoch 88/100 - Average Train Loss (MSE): 44.2219 - Average Val Loss (MSE): 35.1353
Epoch 89/100 - Average Train Loss (MSE): 44.2644 - Average Val Loss (MSE): 34.9241
Epoch 90/100 - Average Train Loss (MSE): 44.2796 - Average Val Loss (MSE): 34.8938
Epoch 91/100 - Average Train Loss (MSE): 44.2840 - Average Val Loss (MSE): 34.8820
Epoch 92/100 - Average Train Loss (MSE): 44.3070 - Average Val Loss (MSE): 34.9771
Epoch 93/100 - Average Train Loss (MSE): 44.2592 - Average Val Loss (MSE): 34.9545
Epoch 94/100 - Average Train Loss (MSE): 44.1678 - Average Val Loss (MSE): 34.7931
Epoch 95/100 - Average Train Loss (MSE): 44.1855 - Average Val Loss (MSE): 35.0468
Epoch 96/100 - Average Train Loss (MSE): 44.1785 - Average Val Loss (MSE): 35.0452
Epoch 97/100 - Average Train Loss (MSE): 44.1448 - Average Val Loss (MSE): 34.8268
Epoch 98/100 - Average Train Loss (MSE): 44.1004 - Average Val Loss (MSE): 34.9872
Epoch 99/100 - Average Train Loss (MSE): 44.1398 - Average Val Loss (MSE): 35.0930
Epoch 100/100 - Average Train Loss (MSE): 44.0957 - Average Val Loss (MSE): 35.2253

Test Loss: 3.8048

Model Run Complete...

Total time taken for trainer execution: 33.36 minutes

