Requirement already satisfied: optuna in /users/hunjael/.conda/envs/torch-st/lib/python3.10/site-packages (from -r requirements.txt (line 1)) (4.2.0)
Requirement already satisfied: ml_collections in /users/hunjael/.conda/envs/torch-st/lib/python3.10/site-packages (from -r requirements.txt (line 2)) (1.0.0)
Requirement already satisfied: alembic>=1.5.0 in /users/hunjael/.conda/envs/torch-st/lib/python3.10/site-packages (from optuna->-r requirements.txt (line 1)) (1.14.1)
Requirement already satisfied: colorlog in /users/hunjael/.conda/envs/torch-st/lib/python3.10/site-packages (from optuna->-r requirements.txt (line 1)) (6.9.0)
Requirement already satisfied: numpy in /users/hunjael/.conda/envs/torch-st/lib/python3.10/site-packages (from optuna->-r requirements.txt (line 1)) (2.2.2)
Requirement already satisfied: packaging>=20.0 in /users/hunjael/.conda/envs/torch-st/lib/python3.10/site-packages (from optuna->-r requirements.txt (line 1)) (24.2)
Requirement already satisfied: sqlalchemy>=1.4.2 in /users/hunjael/.conda/envs/torch-st/lib/python3.10/site-packages (from optuna->-r requirements.txt (line 1)) (2.0.37)
Requirement already satisfied: tqdm in /users/hunjael/.conda/envs/torch-st/lib/python3.10/site-packages (from optuna->-r requirements.txt (line 1)) (4.67.1)
Requirement already satisfied: PyYAML in /users/hunjael/.conda/envs/torch-st/lib/python3.10/site-packages (from optuna->-r requirements.txt (line 1)) (6.0.2)
Requirement already satisfied: absl-py in /users/hunjael/.conda/envs/torch-st/lib/python3.10/site-packages (from ml_collections->-r requirements.txt (line 2)) (2.1.0)
Requirement already satisfied: six in /users/hunjael/.conda/envs/torch-st/lib/python3.10/site-packages (from ml_collections->-r requirements.txt (line 2)) (1.17.0)
Requirement already satisfied: Mako in /users/hunjael/.conda/envs/torch-st/lib/python3.10/site-packages (from alembic>=1.5.0->optuna->-r requirements.txt (line 1)) (1.3.8)
Requirement already satisfied: typing-extensions>=4 in /users/hunjael/.conda/envs/torch-st/lib/python3.10/site-packages (from alembic>=1.5.0->optuna->-r requirements.txt (line 1)) (4.12.2)
Requirement already satisfied: greenlet!=0.4.17 in /users/hunjael/.conda/envs/torch-st/lib/python3.10/site-packages (from sqlalchemy>=1.4.2->optuna->-r requirements.txt (line 1)) (3.1.1)
Requirement already satisfied: MarkupSafe>=0.9.2 in /users/hunjael/.conda/envs/torch-st/lib/python3.10/site-packages (from Mako->alembic>=1.5.0->optuna->-r requirements.txt (line 1)) (3.0.2)
/users/hunjael/.conda/envs/torch-st/lib/python3.10/site-packages/tsl/datasets/metr_la.py:98: FutureWarning: 'T' is deprecated and will be removed in a future version, please use 'min' instead.
  date_range = pd.date_range(df.index[0], df.index[-1], freq='5T')
/users/hunjael/.conda/envs/torch-st/lib/python3.10/site-packages/tsl/datasets/metr_la.py:109: FutureWarning: The 'method' keyword in DataFrame.replace is deprecated and will be removed in a future version.
  df = df.replace(to_replace=0., method='ffill')

Training Model...

Epoch 1/100 - Average Train Loss (MSE): 696.5157 - Average Val Loss (MSE): 42.7061
Epoch 2/100 - Average Train Loss (MSE): 51.4235 - Average Val Loss (MSE): 40.1431
Epoch 3/100 - Average Train Loss (MSE): 49.8365 - Average Val Loss (MSE): 39.2104
Epoch 4/100 - Average Train Loss (MSE): 49.1031 - Average Val Loss (MSE): 38.7353
Epoch 5/100 - Average Train Loss (MSE): 48.5665 - Average Val Loss (MSE): 38.4058
Epoch 6/100 - Average Train Loss (MSE): 48.1871 - Average Val Loss (MSE): 38.2310
Epoch 7/100 - Average Train Loss (MSE): 47.7555 - Average Val Loss (MSE): 38.1374
Epoch 8/100 - Average Train Loss (MSE): 47.4006 - Average Val Loss (MSE): 37.5414
Epoch 9/100 - Average Train Loss (MSE): 47.0067 - Average Val Loss (MSE): 37.3309
Epoch 10/100 - Average Train Loss (MSE): 46.7151 - Average Val Loss (MSE): 37.3999
Epoch 11/100 - Average Train Loss (MSE): 46.4617 - Average Val Loss (MSE): 37.2645
Epoch 12/100 - Average Train Loss (MSE): 46.0568 - Average Val Loss (MSE): 36.7257
Epoch 13/100 - Average Train Loss (MSE): 45.7886 - Average Val Loss (MSE): 36.5671
Epoch 14/100 - Average Train Loss (MSE): 45.5026 - Average Val Loss (MSE): 36.4706
Epoch 15/100 - Average Train Loss (MSE): 45.1776 - Average Val Loss (MSE): 36.2763
Epoch 16/100 - Average Train Loss (MSE): 44.8398 - Average Val Loss (MSE): 36.1499
Epoch 17/100 - Average Train Loss (MSE): 44.5990 - Average Val Loss (MSE): 35.7177
Epoch 18/100 - Average Train Loss (MSE): 44.2742 - Average Val Loss (MSE): 35.6548
Epoch 19/100 - Average Train Loss (MSE): 43.9722 - Average Val Loss (MSE): 35.4583
Epoch 20/100 - Average Train Loss (MSE): 43.7238 - Average Val Loss (MSE): 35.3036
Epoch 21/100 - Average Train Loss (MSE): 43.4850 - Average Val Loss (MSE): 35.2428
Epoch 22/100 - Average Train Loss (MSE): 43.2631 - Average Val Loss (MSE): 35.0420
Epoch 23/100 - Average Train Loss (MSE): 43.0384 - Average Val Loss (MSE): 34.9643
Epoch 24/100 - Average Train Loss (MSE): 42.9215 - Average Val Loss (MSE): 34.7451
Epoch 25/100 - Average Train Loss (MSE): 42.6902 - Average Val Loss (MSE): 34.7615
Epoch 26/100 - Average Train Loss (MSE): 42.5091 - Average Val Loss (MSE): 34.5857
Epoch 27/100 - Average Train Loss (MSE): 42.4015 - Average Val Loss (MSE): 34.6763
Epoch 28/100 - Average Train Loss (MSE): 42.2570 - Average Val Loss (MSE): 34.3188
Epoch 29/100 - Average Train Loss (MSE): 42.1013 - Average Val Loss (MSE): 34.2804
Epoch 30/100 - Average Train Loss (MSE): 41.9729 - Average Val Loss (MSE): 34.2734
Epoch 31/100 - Average Train Loss (MSE): 41.9035 - Average Val Loss (MSE): 34.5552
Epoch 32/100 - Average Train Loss (MSE): 41.7443 - Average Val Loss (MSE): 34.0766
Epoch 33/100 - Average Train Loss (MSE): 41.6706 - Average Val Loss (MSE): 34.5129
Epoch 34/100 - Average Train Loss (MSE): 41.5746 - Average Val Loss (MSE): 34.8160
Epoch 35/100 - Average Train Loss (MSE): 41.4967 - Average Val Loss (MSE): 34.2922
Epoch 36/100 - Average Train Loss (MSE): 41.4056 - Average Val Loss (MSE): 34.1318
Epoch 37/100 - Average Train Loss (MSE): 41.3356 - Average Val Loss (MSE): 34.3338
Epoch 38/100 - Average Train Loss (MSE): 41.3179 - Average Val Loss (MSE): 34.1222
Epoch 39/100 - Average Train Loss (MSE): 41.1314 - Average Val Loss (MSE): 34.1296
Epoch 40/100 - Average Train Loss (MSE): 41.0980 - Average Val Loss (MSE): 33.8715
Epoch 41/100 - Average Train Loss (MSE): 41.0225 - Average Val Loss (MSE): 33.9883
Epoch 42/100 - Average Train Loss (MSE): 40.9601 - Average Val Loss (MSE): 33.8810
Epoch 43/100 - Average Train Loss (MSE): 40.8916 - Average Val Loss (MSE): 33.9619
Epoch 44/100 - Average Train Loss (MSE): 40.8097 - Average Val Loss (MSE): 34.1666
Epoch 45/100 - Average Train Loss (MSE): 40.7504 - Average Val Loss (MSE): 33.7967
Epoch 46/100 - Average Train Loss (MSE): 40.7510 - Average Val Loss (MSE): 33.8623
Epoch 47/100 - Average Train Loss (MSE): 40.6611 - Average Val Loss (MSE): 33.9243
Epoch 48/100 - Average Train Loss (MSE): 40.6285 - Average Val Loss (MSE): 34.1780
Epoch 49/100 - Average Train Loss (MSE): 40.5630 - Average Val Loss (MSE): 33.7721
Epoch 50/100 - Average Train Loss (MSE): 40.5437 - Average Val Loss (MSE): 33.9123
Epoch 51/100 - Average Train Loss (MSE): 40.4682 - Average Val Loss (MSE): 33.5835
Epoch 52/100 - Average Train Loss (MSE): 40.4084 - Average Val Loss (MSE): 33.8765
Epoch 53/100 - Average Train Loss (MSE): 40.3905 - Average Val Loss (MSE): 33.7136
Epoch 54/100 - Average Train Loss (MSE): 40.3247 - Average Val Loss (MSE): 34.3011
Epoch 55/100 - Average Train Loss (MSE): 40.3205 - Average Val Loss (MSE): 33.7582
Epoch 56/100 - Average Train Loss (MSE): 40.2101 - Average Val Loss (MSE): 33.9600
Epoch 57/100 - Average Train Loss (MSE): 40.2223 - Average Val Loss (MSE): 33.8513
Epoch 58/100 - Average Train Loss (MSE): 40.1760 - Average Val Loss (MSE): 34.1326
Epoch 59/100 - Average Train Loss (MSE): 40.1426 - Average Val Loss (MSE): 33.6258
Epoch 60/100 - Average Train Loss (MSE): 40.1751 - Average Val Loss (MSE): 34.3109
Epoch 61/100 - Average Train Loss (MSE): 40.0878 - Average Val Loss (MSE): 34.1277
Epoch 62/100 - Average Train Loss (MSE): 40.0185 - Average Val Loss (MSE): 33.7639
Epoch 63/100 - Average Train Loss (MSE): 39.9904 - Average Val Loss (MSE): 33.9526
Epoch 64/100 - Average Train Loss (MSE): 39.9627 - Average Val Loss (MSE): 34.0924
Epoch 65/100 - Average Train Loss (MSE): 39.9606 - Average Val Loss (MSE): 33.7729
Epoch 66/100 - Average Train Loss (MSE): 39.9022 - Average Val Loss (MSE): 33.7266
Epoch 67/100 - Average Train Loss (MSE): 39.8400 - Average Val Loss (MSE): 33.9870
Epoch 68/100 - Average Train Loss (MSE): 39.8215 - Average Val Loss (MSE): 34.0833
Epoch 69/100 - Average Train Loss (MSE): 39.8481 - Average Val Loss (MSE): 33.9764
Epoch 70/100 - Average Train Loss (MSE): 39.7744 - Average Val Loss (MSE): 33.5837
Epoch 71/100 - Average Train Loss (MSE): 39.7791 - Average Val Loss (MSE): 33.7633
Epoch 72/100 - Average Train Loss (MSE): 39.7396 - Average Val Loss (MSE): 33.7707
Epoch 73/100 - Average Train Loss (MSE): 39.7367 - Average Val Loss (MSE): 34.0616
Epoch 74/100 - Average Train Loss (MSE): 39.7199 - Average Val Loss (MSE): 33.8042
Epoch 75/100 - Average Train Loss (MSE): 39.6568 - Average Val Loss (MSE): 34.0569
Epoch 76/100 - Average Train Loss (MSE): 39.6676 - Average Val Loss (MSE): 34.2266
Epoch 77/100 - Average Train Loss (MSE): 39.5663 - Average Val Loss (MSE): 33.7738
Epoch 78/100 - Average Train Loss (MSE): 39.5960 - Average Val Loss (MSE): 33.8660
Epoch 79/100 - Average Train Loss (MSE): 39.5555 - Average Val Loss (MSE): 33.8547
Epoch 80/100 - Average Train Loss (MSE): 39.5628 - Average Val Loss (MSE): 33.6891
Epoch 81/100 - Average Train Loss (MSE): 39.5166 - Average Val Loss (MSE): 33.7572
Epoch 82/100 - Average Train Loss (MSE): 39.4591 - Average Val Loss (MSE): 33.9310
Epoch 83/100 - Average Train Loss (MSE): 39.4046 - Average Val Loss (MSE): 33.7221
Epoch 84/100 - Average Train Loss (MSE): 39.4061 - Average Val Loss (MSE): 33.9974
Epoch 85/100 - Average Train Loss (MSE): 39.4037 - Average Val Loss (MSE): 33.7980
Epoch 86/100 - Average Train Loss (MSE): 39.4036 - Average Val Loss (MSE): 33.9217
Epoch 87/100 - Average Train Loss (MSE): 39.4168 - Average Val Loss (MSE): 33.6382
Epoch 88/100 - Average Train Loss (MSE): 39.3372 - Average Val Loss (MSE): 33.8925
Epoch 89/100 - Average Train Loss (MSE): 39.3517 - Average Val Loss (MSE): 33.8286
Epoch 90/100 - Average Train Loss (MSE): 39.3303 - Average Val Loss (MSE): 33.6349
Epoch 91/100 - Average Train Loss (MSE): 39.2649 - Average Val Loss (MSE): 33.8312
Epoch 92/100 - Average Train Loss (MSE): 39.2913 - Average Val Loss (MSE): 34.2544
Epoch 93/100 - Average Train Loss (MSE): 39.2544 - Average Val Loss (MSE): 33.9713
Epoch 94/100 - Average Train Loss (MSE): 39.2606 - Average Val Loss (MSE): 33.5354
Epoch 95/100 - Average Train Loss (MSE): 39.2270 - Average Val Loss (MSE): 33.7467
Epoch 96/100 - Average Train Loss (MSE): 39.2277 - Average Val Loss (MSE): 33.8387
Epoch 97/100 - Average Train Loss (MSE): 39.2110 - Average Val Loss (MSE): 33.6369
Epoch 98/100 - Average Train Loss (MSE): 39.1366 - Average Val Loss (MSE): 33.6376
Epoch 99/100 - Average Train Loss (MSE): 39.1465 - Average Val Loss (MSE): 34.2600
Epoch 100/100 - Average Train Loss (MSE): 39.1513 - Average Val Loss (MSE): 33.9994

Test Loss: 3.7465

Model Run Complete...

