Requirement already satisfied: optuna in /users/hunjael/.conda/envs/torch-st/lib/python3.10/site-packages (from -r requirements.txt (line 1)) (4.2.0)
Requirement already satisfied: ml_collections in /users/hunjael/.conda/envs/torch-st/lib/python3.10/site-packages (from -r requirements.txt (line 2)) (1.0.0)
Requirement already satisfied: alembic>=1.5.0 in /users/hunjael/.conda/envs/torch-st/lib/python3.10/site-packages (from optuna->-r requirements.txt (line 1)) (1.14.1)
Requirement already satisfied: colorlog in /users/hunjael/.conda/envs/torch-st/lib/python3.10/site-packages (from optuna->-r requirements.txt (line 1)) (6.9.0)
Requirement already satisfied: numpy in /users/hunjael/.conda/envs/torch-st/lib/python3.10/site-packages (from optuna->-r requirements.txt (line 1)) (2.2.2)
Requirement already satisfied: packaging>=20.0 in /users/hunjael/.conda/envs/torch-st/lib/python3.10/site-packages (from optuna->-r requirements.txt (line 1)) (24.2)
Requirement already satisfied: sqlalchemy>=1.4.2 in /users/hunjael/.conda/envs/torch-st/lib/python3.10/site-packages (from optuna->-r requirements.txt (line 1)) (2.0.37)
Requirement already satisfied: tqdm in /users/hunjael/.conda/envs/torch-st/lib/python3.10/site-packages (from optuna->-r requirements.txt (line 1)) (4.67.1)
Requirement already satisfied: PyYAML in /users/hunjael/.conda/envs/torch-st/lib/python3.10/site-packages (from optuna->-r requirements.txt (line 1)) (6.0.2)
Requirement already satisfied: absl-py in /users/hunjael/.conda/envs/torch-st/lib/python3.10/site-packages (from ml_collections->-r requirements.txt (line 2)) (2.1.0)
Requirement already satisfied: six in /users/hunjael/.conda/envs/torch-st/lib/python3.10/site-packages (from ml_collections->-r requirements.txt (line 2)) (1.17.0)
Requirement already satisfied: Mako in /users/hunjael/.conda/envs/torch-st/lib/python3.10/site-packages (from alembic>=1.5.0->optuna->-r requirements.txt (line 1)) (1.3.8)
Requirement already satisfied: typing-extensions>=4 in /users/hunjael/.conda/envs/torch-st/lib/python3.10/site-packages (from alembic>=1.5.0->optuna->-r requirements.txt (line 1)) (4.12.2)
Requirement already satisfied: greenlet!=0.4.17 in /users/hunjael/.conda/envs/torch-st/lib/python3.10/site-packages (from sqlalchemy>=1.4.2->optuna->-r requirements.txt (line 1)) (3.1.1)
Requirement already satisfied: MarkupSafe>=0.9.2 in /users/hunjael/.conda/envs/torch-st/lib/python3.10/site-packages (from Mako->alembic>=1.5.0->optuna->-r requirements.txt (line 1)) (3.0.2)
/users/hunjael/.conda/envs/torch-st/lib/python3.10/site-packages/tsl/datasets/metr_la.py:98: FutureWarning: 'T' is deprecated and will be removed in a future version, please use 'min' instead.
  date_range = pd.date_range(df.index[0], df.index[-1], freq='5T')
/users/hunjael/.conda/envs/torch-st/lib/python3.10/site-packages/tsl/datasets/metr_la.py:109: FutureWarning: The 'method' keyword in DataFrame.replace is deprecated and will be removed in a future version.
  df = df.replace(to_replace=0., method='ffill')

Training Model...

Epoch 1/50 - Average Train Loss (MSE): 1344.6650 - Average Val Loss (MSE): 180.9815
Epoch 2/50 - Average Train Loss (MSE): 123.7973 - Average Val Loss (MSE): 74.6384
Epoch 3/50 - Average Train Loss (MSE): 83.4241 - Average Val Loss (MSE): 55.5924
Epoch 4/50 - Average Train Loss (MSE): 57.2737 - Average Val Loss (MSE): 42.3894
Epoch 5/50 - Average Train Loss (MSE): 51.6835 - Average Val Loss (MSE): 39.4109
Epoch 6/50 - Average Train Loss (MSE): 50.0584 - Average Val Loss (MSE): 39.3032
Epoch 7/50 - Average Train Loss (MSE): 49.2215 - Average Val Loss (MSE): 37.8929
Epoch 8/50 - Average Train Loss (MSE): 48.7339 - Average Val Loss (MSE): 37.9866
Epoch 9/50 - Average Train Loss (MSE): 48.3383 - Average Val Loss (MSE): 37.4536
Epoch 10/50 - Average Train Loss (MSE): 48.0072 - Average Val Loss (MSE): 37.3633
Epoch 11/50 - Average Train Loss (MSE): 47.8672 - Average Val Loss (MSE): 36.7750
Epoch 12/50 - Average Train Loss (MSE): 47.4377 - Average Val Loss (MSE): 36.5399
Epoch 13/50 - Average Train Loss (MSE): 47.2123 - Average Val Loss (MSE): 36.9072
Epoch 14/50 - Average Train Loss (MSE): 47.1031 - Average Val Loss (MSE): 37.0902
Epoch 15/50 - Average Train Loss (MSE): 46.8408 - Average Val Loss (MSE): 36.7441
Epoch 16/50 - Average Train Loss (MSE): 46.7136 - Average Val Loss (MSE): 35.9589
Epoch 17/50 - Average Train Loss (MSE): 46.5122 - Average Val Loss (MSE): 36.2181
Epoch 18/50 - Average Train Loss (MSE): 46.4641 - Average Val Loss (MSE): 36.2474
Epoch 19/50 - Average Train Loss (MSE): 46.2710 - Average Val Loss (MSE): 35.9210
Epoch 20/50 - Average Train Loss (MSE): 46.1419 - Average Val Loss (MSE): 36.2159
Epoch 21/50 - Average Train Loss (MSE): 46.0870 - Average Val Loss (MSE): 35.7065
Epoch 22/50 - Average Train Loss (MSE): 45.9953 - Average Val Loss (MSE): 35.6755
Epoch 23/50 - Average Train Loss (MSE): 45.9100 - Average Val Loss (MSE): 35.8112
Epoch 24/50 - Average Train Loss (MSE): 45.8079 - Average Val Loss (MSE): 35.5395
Epoch 25/50 - Average Train Loss (MSE): 45.6805 - Average Val Loss (MSE): 35.4731
Epoch 26/50 - Average Train Loss (MSE): 45.6757 - Average Val Loss (MSE): 35.6136
Epoch 27/50 - Average Train Loss (MSE): 45.5120 - Average Val Loss (MSE): 35.4245
Epoch 28/50 - Average Train Loss (MSE): 45.5173 - Average Val Loss (MSE): 35.4466
Epoch 29/50 - Average Train Loss (MSE): 45.3538 - Average Val Loss (MSE): 35.2174
Epoch 30/50 - Average Train Loss (MSE): 45.2870 - Average Val Loss (MSE): 35.3185
Epoch 31/50 - Average Train Loss (MSE): 45.2595 - Average Val Loss (MSE): 35.2975
Epoch 32/50 - Average Train Loss (MSE): 45.1724 - Average Val Loss (MSE): 35.2073
Epoch 33/50 - Average Train Loss (MSE): 45.1089 - Average Val Loss (MSE): 35.2308
Epoch 34/50 - Average Train Loss (MSE): 45.1149 - Average Val Loss (MSE): 35.2723
Epoch 35/50 - Average Train Loss (MSE): 45.0125 - Average Val Loss (MSE): 35.0448
Epoch 36/50 - Average Train Loss (MSE): 44.9606 - Average Val Loss (MSE): 35.3552
Epoch 37/50 - Average Train Loss (MSE): 44.9376 - Average Val Loss (MSE): 35.1009
Epoch 38/50 - Average Train Loss (MSE): 44.9361 - Average Val Loss (MSE): 35.0366
Epoch 39/50 - Average Train Loss (MSE): 44.8194 - Average Val Loss (MSE): 34.9582
Epoch 40/50 - Average Train Loss (MSE): 44.7522 - Average Val Loss (MSE): 35.1341
Epoch 41/50 - Average Train Loss (MSE): 44.6671 - Average Val Loss (MSE): 35.0698
Epoch 42/50 - Average Train Loss (MSE): 44.7262 - Average Val Loss (MSE): 35.7679
Epoch 43/50 - Average Train Loss (MSE): 44.6567 - Average Val Loss (MSE): 35.0793
Epoch 44/50 - Average Train Loss (MSE): 44.6102 - Average Val Loss (MSE): 35.2677
Epoch 45/50 - Average Train Loss (MSE): 44.5932 - Average Val Loss (MSE): 35.1826
Epoch 46/50 - Average Train Loss (MSE): 44.5816 - Average Val Loss (MSE): 35.3727
Epoch 47/50 - Average Train Loss (MSE): 44.5171 - Average Val Loss (MSE): 34.9002
Epoch 48/50 - Average Train Loss (MSE): 44.4640 - Average Val Loss (MSE): 35.2196
Epoch 49/50 - Average Train Loss (MSE): 44.4889 - Average Val Loss (MSE): 35.0598
Epoch 50/50 - Average Train Loss (MSE): 44.4248 - Average Val Loss (MSE): 35.0317

Test Loss: 3.6352

Model Run Complete...

Total time taken for trainer execution: 5.81 minutes

