Requirement already satisfied: optuna in /users/hunjael/.conda/envs/torch-st/lib/python3.10/site-packages (from -r requirements.txt (line 1)) (4.2.0)
Requirement already satisfied: ml_collections in /users/hunjael/.conda/envs/torch-st/lib/python3.10/site-packages (from -r requirements.txt (line 2)) (1.0.0)
Requirement already satisfied: alembic>=1.5.0 in /users/hunjael/.conda/envs/torch-st/lib/python3.10/site-packages (from optuna->-r requirements.txt (line 1)) (1.14.1)
Requirement already satisfied: colorlog in /users/hunjael/.conda/envs/torch-st/lib/python3.10/site-packages (from optuna->-r requirements.txt (line 1)) (6.9.0)
Requirement already satisfied: numpy in /users/hunjael/.conda/envs/torch-st/lib/python3.10/site-packages (from optuna->-r requirements.txt (line 1)) (2.2.2)
Requirement already satisfied: packaging>=20.0 in /users/hunjael/.conda/envs/torch-st/lib/python3.10/site-packages (from optuna->-r requirements.txt (line 1)) (24.2)
Requirement already satisfied: sqlalchemy>=1.4.2 in /users/hunjael/.conda/envs/torch-st/lib/python3.10/site-packages (from optuna->-r requirements.txt (line 1)) (2.0.37)
Requirement already satisfied: tqdm in /users/hunjael/.conda/envs/torch-st/lib/python3.10/site-packages (from optuna->-r requirements.txt (line 1)) (4.67.1)
Requirement already satisfied: PyYAML in /users/hunjael/.conda/envs/torch-st/lib/python3.10/site-packages (from optuna->-r requirements.txt (line 1)) (6.0.2)
Requirement already satisfied: absl-py in /users/hunjael/.conda/envs/torch-st/lib/python3.10/site-packages (from ml_collections->-r requirements.txt (line 2)) (2.1.0)
Requirement already satisfied: six in /users/hunjael/.conda/envs/torch-st/lib/python3.10/site-packages (from ml_collections->-r requirements.txt (line 2)) (1.17.0)
Requirement already satisfied: Mako in /users/hunjael/.conda/envs/torch-st/lib/python3.10/site-packages (from alembic>=1.5.0->optuna->-r requirements.txt (line 1)) (1.3.8)
Requirement already satisfied: typing-extensions>=4 in /users/hunjael/.conda/envs/torch-st/lib/python3.10/site-packages (from alembic>=1.5.0->optuna->-r requirements.txt (line 1)) (4.12.2)
Requirement already satisfied: greenlet!=0.4.17 in /users/hunjael/.conda/envs/torch-st/lib/python3.10/site-packages (from sqlalchemy>=1.4.2->optuna->-r requirements.txt (line 1)) (3.1.1)
Requirement already satisfied: MarkupSafe>=0.9.2 in /users/hunjael/.conda/envs/torch-st/lib/python3.10/site-packages (from Mako->alembic>=1.5.0->optuna->-r requirements.txt (line 1)) (3.0.2)
/users/hunjael/.conda/envs/torch-st/lib/python3.10/site-packages/tsl/datasets/metr_la.py:98: FutureWarning: 'T' is deprecated and will be removed in a future version, please use 'min' instead.
  date_range = pd.date_range(df.index[0], df.index[-1], freq='5T')
/users/hunjael/.conda/envs/torch-st/lib/python3.10/site-packages/tsl/datasets/metr_la.py:109: FutureWarning: The 'method' keyword in DataFrame.replace is deprecated and will be removed in a future version.
  df = df.replace(to_replace=0., method='ffill')

Training Model...

Epoch 1/50 - Average Train Loss (MSE): 387.5031 - Average Val Loss (MSE): 43.6279
Epoch 2/50 - Average Train Loss (MSE): 53.9086 - Average Val Loss (MSE): 41.9691
Epoch 3/50 - Average Train Loss (MSE): 51.5905 - Average Val Loss (MSE): 39.3654
Epoch 4/50 - Average Train Loss (MSE): 50.1977 - Average Val Loss (MSE): 38.9279
Epoch 5/50 - Average Train Loss (MSE): 49.5018 - Average Val Loss (MSE): 38.2268
Epoch 6/50 - Average Train Loss (MSE): 49.1770 - Average Val Loss (MSE): 38.3412
Epoch 7/50 - Average Train Loss (MSE): 48.5319 - Average Val Loss (MSE): 38.1479
Epoch 8/50 - Average Train Loss (MSE): 48.2914 - Average Val Loss (MSE): 37.1895
Epoch 9/50 - Average Train Loss (MSE): 47.8562 - Average Val Loss (MSE): 38.2627
Epoch 10/50 - Average Train Loss (MSE): 47.4394 - Average Val Loss (MSE): 36.4291
Epoch 11/50 - Average Train Loss (MSE): 47.3328 - Average Val Loss (MSE): 36.7651
Epoch 12/50 - Average Train Loss (MSE): 47.0121 - Average Val Loss (MSE): 36.2807
Epoch 13/50 - Average Train Loss (MSE): 46.8498 - Average Val Loss (MSE): 36.1862
Epoch 14/50 - Average Train Loss (MSE): 46.6506 - Average Val Loss (MSE): 36.1198
Epoch 15/50 - Average Train Loss (MSE): 46.7668 - Average Val Loss (MSE): 37.0669
Epoch 16/50 - Average Train Loss (MSE): 46.3495 - Average Val Loss (MSE): 35.6946
Epoch 17/50 - Average Train Loss (MSE): 46.2874 - Average Val Loss (MSE): 36.5874
Epoch 18/50 - Average Train Loss (MSE): 46.2793 - Average Val Loss (MSE): 35.5796
Epoch 19/50 - Average Train Loss (MSE): 46.1930 - Average Val Loss (MSE): 35.9360
Epoch 20/50 - Average Train Loss (MSE): 45.9668 - Average Val Loss (MSE): 35.9487
Epoch 21/50 - Average Train Loss (MSE): 46.0640 - Average Val Loss (MSE): 35.6885
Epoch 22/50 - Average Train Loss (MSE): 46.0064 - Average Val Loss (MSE): 35.7701
Epoch 23/50 - Average Train Loss (MSE): 45.9378 - Average Val Loss (MSE): 36.0030
Epoch 24/50 - Average Train Loss (MSE): 45.8120 - Average Val Loss (MSE): 35.5574
Epoch 25/50 - Average Train Loss (MSE): 45.8487 - Average Val Loss (MSE): 35.2324
Epoch 26/50 - Average Train Loss (MSE): 45.7264 - Average Val Loss (MSE): 35.5882
Epoch 27/50 - Average Train Loss (MSE): 45.7503 - Average Val Loss (MSE): 35.4278
Epoch 28/50 - Average Train Loss (MSE): 45.6724 - Average Val Loss (MSE): 35.1728
Epoch 29/50 - Average Train Loss (MSE): 45.5062 - Average Val Loss (MSE): 35.2550
Epoch 30/50 - Average Train Loss (MSE): 45.5212 - Average Val Loss (MSE): 35.0120
Epoch 31/50 - Average Train Loss (MSE): 45.5928 - Average Val Loss (MSE): 35.3531
Epoch 32/50 - Average Train Loss (MSE): 45.5136 - Average Val Loss (MSE): 35.0695
Epoch 33/50 - Average Train Loss (MSE): 45.3491 - Average Val Loss (MSE): 34.9264
Epoch 34/50 - Average Train Loss (MSE): 45.3320 - Average Val Loss (MSE): 34.8783
Epoch 35/50 - Average Train Loss (MSE): 45.2725 - Average Val Loss (MSE): 34.7602
Epoch 36/50 - Average Train Loss (MSE): 45.2953 - Average Val Loss (MSE): 34.9149
Epoch 37/50 - Average Train Loss (MSE): 45.3854 - Average Val Loss (MSE): 35.1767
Epoch 38/50 - Average Train Loss (MSE): 45.0807 - Average Val Loss (MSE): 34.6841
Epoch 39/50 - Average Train Loss (MSE): 45.0965 - Average Val Loss (MSE): 35.6386
Epoch 40/50 - Average Train Loss (MSE): 45.0595 - Average Val Loss (MSE): 35.0891
Epoch 41/50 - Average Train Loss (MSE): 44.9566 - Average Val Loss (MSE): 35.6372
Epoch 42/50 - Average Train Loss (MSE): 44.9704 - Average Val Loss (MSE): 34.7458
Epoch 43/50 - Average Train Loss (MSE): 44.9424 - Average Val Loss (MSE): 34.8012
Epoch 44/50 - Average Train Loss (MSE): 44.8484 - Average Val Loss (MSE): 35.0648
Epoch 45/50 - Average Train Loss (MSE): 44.9615 - Average Val Loss (MSE): 34.7340
Epoch 46/50 - Average Train Loss (MSE): 44.8717 - Average Val Loss (MSE): 34.6883
Epoch 47/50 - Average Train Loss (MSE): 44.8097 - Average Val Loss (MSE): 34.6311
Epoch 48/50 - Average Train Loss (MSE): 44.6950 - Average Val Loss (MSE): 34.5620
Epoch 49/50 - Average Train Loss (MSE): 44.7050 - Average Val Loss (MSE): 34.7223
Epoch 50/50 - Average Train Loss (MSE): 44.7434 - Average Val Loss (MSE): 34.4238

Test Loss: 3.6605

Model Run Complete...

Total time taken for trainer execution: 14.03 minutes

