Requirement already satisfied: optuna in /users/hunjael/.conda/envs/torch-st/lib/python3.10/site-packages (from -r requirements.txt (line 1)) (4.2.0)
Requirement already satisfied: ml_collections in /users/hunjael/.conda/envs/torch-st/lib/python3.10/site-packages (from -r requirements.txt (line 2)) (1.0.0)
Requirement already satisfied: alembic>=1.5.0 in /users/hunjael/.conda/envs/torch-st/lib/python3.10/site-packages (from optuna->-r requirements.txt (line 1)) (1.14.1)
Requirement already satisfied: colorlog in /users/hunjael/.conda/envs/torch-st/lib/python3.10/site-packages (from optuna->-r requirements.txt (line 1)) (6.9.0)
Requirement already satisfied: numpy in /users/hunjael/.conda/envs/torch-st/lib/python3.10/site-packages (from optuna->-r requirements.txt (line 1)) (2.2.2)
Requirement already satisfied: packaging>=20.0 in /users/hunjael/.conda/envs/torch-st/lib/python3.10/site-packages (from optuna->-r requirements.txt (line 1)) (24.2)
Requirement already satisfied: sqlalchemy>=1.4.2 in /users/hunjael/.conda/envs/torch-st/lib/python3.10/site-packages (from optuna->-r requirements.txt (line 1)) (2.0.37)
Requirement already satisfied: tqdm in /users/hunjael/.conda/envs/torch-st/lib/python3.10/site-packages (from optuna->-r requirements.txt (line 1)) (4.67.1)
Requirement already satisfied: PyYAML in /users/hunjael/.conda/envs/torch-st/lib/python3.10/site-packages (from optuna->-r requirements.txt (line 1)) (6.0.2)
Requirement already satisfied: absl-py in /users/hunjael/.conda/envs/torch-st/lib/python3.10/site-packages (from ml_collections->-r requirements.txt (line 2)) (2.1.0)
Requirement already satisfied: six in /users/hunjael/.conda/envs/torch-st/lib/python3.10/site-packages (from ml_collections->-r requirements.txt (line 2)) (1.17.0)
Requirement already satisfied: Mako in /users/hunjael/.conda/envs/torch-st/lib/python3.10/site-packages (from alembic>=1.5.0->optuna->-r requirements.txt (line 1)) (1.3.8)
Requirement already satisfied: typing-extensions>=4 in /users/hunjael/.conda/envs/torch-st/lib/python3.10/site-packages (from alembic>=1.5.0->optuna->-r requirements.txt (line 1)) (4.12.2)
Requirement already satisfied: greenlet!=0.4.17 in /users/hunjael/.conda/envs/torch-st/lib/python3.10/site-packages (from sqlalchemy>=1.4.2->optuna->-r requirements.txt (line 1)) (3.1.1)
Requirement already satisfied: MarkupSafe>=0.9.2 in /users/hunjael/.conda/envs/torch-st/lib/python3.10/site-packages (from Mako->alembic>=1.5.0->optuna->-r requirements.txt (line 1)) (3.0.2)
/users/hunjael/.conda/envs/torch-st/lib/python3.10/site-packages/tsl/datasets/metr_la.py:98: FutureWarning: 'T' is deprecated and will be removed in a future version, please use 'min' instead.
  date_range = pd.date_range(df.index[0], df.index[-1], freq='5T')
/users/hunjael/.conda/envs/torch-st/lib/python3.10/site-packages/tsl/datasets/metr_la.py:109: FutureWarning: The 'method' keyword in DataFrame.replace is deprecated and will be removed in a future version.
  df = df.replace(to_replace=0., method='ffill')

Training Model...

Epoch 1/50 - Average Train Loss (MSE): 754.6153 - Average Val Loss (MSE): 146.8263
Epoch 2/50 - Average Train Loss (MSE): 96.1729 - Average Val Loss (MSE): 64.2042
Epoch 3/50 - Average Train Loss (MSE): 72.1138 - Average Val Loss (MSE): 47.7897
Epoch 4/50 - Average Train Loss (MSE): 59.3183 - Average Val Loss (MSE): 43.3489
Epoch 5/50 - Average Train Loss (MSE): 55.1974 - Average Val Loss (MSE): 41.0451
Epoch 6/50 - Average Train Loss (MSE): 53.0791 - Average Val Loss (MSE): 39.6403
Epoch 7/50 - Average Train Loss (MSE): 51.5234 - Average Val Loss (MSE): 38.9495
Epoch 8/50 - Average Train Loss (MSE): 50.3822 - Average Val Loss (MSE): 38.5082
Epoch 9/50 - Average Train Loss (MSE): 49.8566 - Average Val Loss (MSE): 38.5238
Epoch 10/50 - Average Train Loss (MSE): 49.6985 - Average Val Loss (MSE): 39.0018
Epoch 11/50 - Average Train Loss (MSE): 49.4384 - Average Val Loss (MSE): 37.9028
Epoch 12/50 - Average Train Loss (MSE): 49.0077 - Average Val Loss (MSE): 37.2660
Epoch 13/50 - Average Train Loss (MSE): 48.5168 - Average Val Loss (MSE): 37.1878
Epoch 14/50 - Average Train Loss (MSE): 48.1139 - Average Val Loss (MSE): 37.0643
Epoch 15/50 - Average Train Loss (MSE): 47.8183 - Average Val Loss (MSE): 37.2823
Epoch 16/50 - Average Train Loss (MSE): 47.7172 - Average Val Loss (MSE): 36.1142
Epoch 17/50 - Average Train Loss (MSE): 47.3579 - Average Val Loss (MSE): 36.8374
Epoch 18/50 - Average Train Loss (MSE): 47.2192 - Average Val Loss (MSE): 36.8588
Epoch 19/50 - Average Train Loss (MSE): 47.2044 - Average Val Loss (MSE): 36.9688
Epoch 20/50 - Average Train Loss (MSE): 47.0806 - Average Val Loss (MSE): 36.1951
Epoch 21/50 - Average Train Loss (MSE): 46.7948 - Average Val Loss (MSE): 35.6492
Epoch 22/50 - Average Train Loss (MSE): 46.8176 - Average Val Loss (MSE): 35.8783
Epoch 23/50 - Average Train Loss (MSE): 46.6588 - Average Val Loss (MSE): 36.6756
Epoch 24/50 - Average Train Loss (MSE): 46.5342 - Average Val Loss (MSE): 35.5175
Epoch 25/50 - Average Train Loss (MSE): 46.4530 - Average Val Loss (MSE): 35.6375
Epoch 26/50 - Average Train Loss (MSE): 46.3252 - Average Val Loss (MSE): 35.4354
Epoch 27/50 - Average Train Loss (MSE): 46.3622 - Average Val Loss (MSE): 35.5171
Epoch 28/50 - Average Train Loss (MSE): 46.0508 - Average Val Loss (MSE): 35.3139
Epoch 29/50 - Average Train Loss (MSE): 46.0391 - Average Val Loss (MSE): 37.0708
Epoch 30/50 - Average Train Loss (MSE): 45.9070 - Average Val Loss (MSE): 35.5715
Epoch 31/50 - Average Train Loss (MSE): 45.8391 - Average Val Loss (MSE): 35.1907
Epoch 32/50 - Average Train Loss (MSE): 45.8343 - Average Val Loss (MSE): 36.3615
Epoch 33/50 - Average Train Loss (MSE): 45.7035 - Average Val Loss (MSE): 35.0001
Epoch 34/50 - Average Train Loss (MSE): 45.7351 - Average Val Loss (MSE): 35.6399
Epoch 35/50 - Average Train Loss (MSE): 45.5640 - Average Val Loss (MSE): 35.2467
Epoch 36/50 - Average Train Loss (MSE): 45.4446 - Average Val Loss (MSE): 34.8955
Epoch 37/50 - Average Train Loss (MSE): 45.4606 - Average Val Loss (MSE): 34.8326
Epoch 38/50 - Average Train Loss (MSE): 45.1954 - Average Val Loss (MSE): 34.8444
Epoch 39/50 - Average Train Loss (MSE): 45.3390 - Average Val Loss (MSE): 34.7739
Epoch 40/50 - Average Train Loss (MSE): 45.0588 - Average Val Loss (MSE): 34.5115
Epoch 41/50 - Average Train Loss (MSE): 44.9578 - Average Val Loss (MSE): 34.4520
Epoch 42/50 - Average Train Loss (MSE): 44.7956 - Average Val Loss (MSE): 34.4843
Epoch 43/50 - Average Train Loss (MSE): 44.7570 - Average Val Loss (MSE): 34.2200
Epoch 44/50 - Average Train Loss (MSE): 44.7642 - Average Val Loss (MSE): 34.2124
Epoch 45/50 - Average Train Loss (MSE): 44.6344 - Average Val Loss (MSE): 35.1442
Epoch 46/50 - Average Train Loss (MSE): 44.4690 - Average Val Loss (MSE): 34.6367
Epoch 47/50 - Average Train Loss (MSE): 44.3953 - Average Val Loss (MSE): 34.4612
Epoch 48/50 - Average Train Loss (MSE): 44.2941 - Average Val Loss (MSE): 34.1636
Epoch 49/50 - Average Train Loss (MSE): 44.2193 - Average Val Loss (MSE): 34.3887
Epoch 50/50 - Average Train Loss (MSE): 44.1962 - Average Val Loss (MSE): 34.2761

Test Loss: 3.6636

Model Run Complete...

Total time taken for trainer execution: 16.69 minutes

