Requirement already satisfied: optuna in /users/hunjael/.conda/envs/torch-st/lib/python3.10/site-packages (from -r requirements.txt (line 1)) (4.2.0)
Requirement already satisfied: ml_collections in /users/hunjael/.conda/envs/torch-st/lib/python3.10/site-packages (from -r requirements.txt (line 2)) (1.0.0)
Requirement already satisfied: alembic>=1.5.0 in /users/hunjael/.conda/envs/torch-st/lib/python3.10/site-packages (from optuna->-r requirements.txt (line 1)) (1.14.1)
Requirement already satisfied: colorlog in /users/hunjael/.conda/envs/torch-st/lib/python3.10/site-packages (from optuna->-r requirements.txt (line 1)) (6.9.0)
Requirement already satisfied: numpy in /users/hunjael/.conda/envs/torch-st/lib/python3.10/site-packages (from optuna->-r requirements.txt (line 1)) (2.2.2)
Requirement already satisfied: packaging>=20.0 in /users/hunjael/.conda/envs/torch-st/lib/python3.10/site-packages (from optuna->-r requirements.txt (line 1)) (24.2)
Requirement already satisfied: sqlalchemy>=1.4.2 in /users/hunjael/.conda/envs/torch-st/lib/python3.10/site-packages (from optuna->-r requirements.txt (line 1)) (2.0.37)
Requirement already satisfied: tqdm in /users/hunjael/.conda/envs/torch-st/lib/python3.10/site-packages (from optuna->-r requirements.txt (line 1)) (4.67.1)
Requirement already satisfied: PyYAML in /users/hunjael/.conda/envs/torch-st/lib/python3.10/site-packages (from optuna->-r requirements.txt (line 1)) (6.0.2)
Requirement already satisfied: absl-py in /users/hunjael/.conda/envs/torch-st/lib/python3.10/site-packages (from ml_collections->-r requirements.txt (line 2)) (2.1.0)
Requirement already satisfied: six in /users/hunjael/.conda/envs/torch-st/lib/python3.10/site-packages (from ml_collections->-r requirements.txt (line 2)) (1.17.0)
Requirement already satisfied: Mako in /users/hunjael/.conda/envs/torch-st/lib/python3.10/site-packages (from alembic>=1.5.0->optuna->-r requirements.txt (line 1)) (1.3.8)
Requirement already satisfied: typing-extensions>=4 in /users/hunjael/.conda/envs/torch-st/lib/python3.10/site-packages (from alembic>=1.5.0->optuna->-r requirements.txt (line 1)) (4.12.2)
Requirement already satisfied: greenlet!=0.4.17 in /users/hunjael/.conda/envs/torch-st/lib/python3.10/site-packages (from sqlalchemy>=1.4.2->optuna->-r requirements.txt (line 1)) (3.1.1)
Requirement already satisfied: MarkupSafe>=0.9.2 in /users/hunjael/.conda/envs/torch-st/lib/python3.10/site-packages (from Mako->alembic>=1.5.0->optuna->-r requirements.txt (line 1)) (3.0.2)
/users/hunjael/.conda/envs/torch-st/lib/python3.10/site-packages/tsl/datasets/metr_la.py:98: FutureWarning: 'T' is deprecated and will be removed in a future version, please use 'min' instead.
  date_range = pd.date_range(df.index[0], df.index[-1], freq='5T')
/users/hunjael/.conda/envs/torch-st/lib/python3.10/site-packages/tsl/datasets/metr_la.py:109: FutureWarning: The 'method' keyword in DataFrame.replace is deprecated and will be removed in a future version.
  df = df.replace(to_replace=0., method='ffill')

Training Model...

Epoch 1/50 - Average Train Loss (MSE): 576.8886 - Average Val Loss (MSE): 159.8065
Epoch 2/50 - Average Train Loss (MSE): 172.5754 - Average Val Loss (MSE): 153.0719
Epoch 3/50 - Average Train Loss (MSE): 154.1747 - Average Val Loss (MSE): 184.0577
Epoch 4/50 - Average Train Loss (MSE): 151.4276 - Average Val Loss (MSE): 179.6106
Epoch 5/50 - Average Train Loss (MSE): 149.7006 - Average Val Loss (MSE): 190.1674
Epoch 6/50 - Average Train Loss (MSE): 154.9245 - Average Val Loss (MSE): 204.0146
Epoch 7/50 - Average Train Loss (MSE): 151.0717 - Average Val Loss (MSE): 204.9308
Epoch 8/50 - Average Train Loss (MSE): 150.4336 - Average Val Loss (MSE): 209.9624
Epoch 9/50 - Average Train Loss (MSE): 150.0793 - Average Val Loss (MSE): 224.0965
Epoch 10/50 - Average Train Loss (MSE): 150.7303 - Average Val Loss (MSE): 215.2082
Epoch 11/50 - Average Train Loss (MSE): 149.9756 - Average Val Loss (MSE): 198.6728
Epoch 12/50 - Average Train Loss (MSE): 150.5858 - Average Val Loss (MSE): 213.8050
Epoch 13/50 - Average Train Loss (MSE): 150.5388 - Average Val Loss (MSE): 207.2105
Epoch 14/50 - Average Train Loss (MSE): 151.0131 - Average Val Loss (MSE): 211.6630
Epoch 15/50 - Average Train Loss (MSE): 150.1459 - Average Val Loss (MSE): 219.8622
Epoch 16/50 - Average Train Loss (MSE): 149.7616 - Average Val Loss (MSE): 215.2889
Epoch 17/50 - Average Train Loss (MSE): 150.1153 - Average Val Loss (MSE): 223.3843
Epoch 18/50 - Average Train Loss (MSE): 149.8621 - Average Val Loss (MSE): 217.0129
Epoch 19/50 - Average Train Loss (MSE): 150.2957 - Average Val Loss (MSE): 205.1718
Epoch 20/50 - Average Train Loss (MSE): 150.1042 - Average Val Loss (MSE): 224.0353
Epoch 21/50 - Average Train Loss (MSE): 150.1914 - Average Val Loss (MSE): 199.0905
Epoch 22/50 - Average Train Loss (MSE): 150.3213 - Average Val Loss (MSE): 211.4803
Epoch 23/50 - Average Train Loss (MSE): 150.8229 - Average Val Loss (MSE): 226.5862
Epoch 24/50 - Average Train Loss (MSE): 150.0329 - Average Val Loss (MSE): 240.1105
Epoch 25/50 - Average Train Loss (MSE): 149.6446 - Average Val Loss (MSE): 243.3110
Epoch 26/50 - Average Train Loss (MSE): 4128051.9984 - Average Val Loss (MSE): 3619.6916
Epoch 27/50 - Average Train Loss (MSE): 16624.6454 - Average Val Loss (MSE): 1214.9040
Epoch 28/50 - Average Train Loss (MSE): 3897.0863 - Average Val Loss (MSE): 781.9724
Epoch 29/50 - Average Train Loss (MSE): 1417.6842 - Average Val Loss (MSE): 594.3654
Epoch 30/50 - Average Train Loss (MSE): 775.2051 - Average Val Loss (MSE): 459.4311
Epoch 31/50 - Average Train Loss (MSE): 559.1016 - Average Val Loss (MSE): 373.0996
Epoch 32/50 - Average Train Loss (MSE): 448.5381 - Average Val Loss (MSE): 315.9778
Epoch 33/50 - Average Train Loss (MSE): 381.8408 - Average Val Loss (MSE): 280.6971
Epoch 34/50 - Average Train Loss (MSE): 338.3152 - Average Val Loss (MSE): 252.0251
Epoch 35/50 - Average Train Loss (MSE): 309.3419 - Average Val Loss (MSE): 231.0094
Epoch 36/50 - Average Train Loss (MSE): 288.2917 - Average Val Loss (MSE): 216.4260
Epoch 37/50 - Average Train Loss (MSE): 272.1339 - Average Val Loss (MSE): 206.5550
Epoch 38/50 - Average Train Loss (MSE): 259.4479 - Average Val Loss (MSE): 198.9808
Epoch 39/50 - Average Train Loss (MSE): 248.7732 - Average Val Loss (MSE): 195.2778
Epoch 40/50 - Average Train Loss (MSE): 239.2560 - Average Val Loss (MSE): 189.2103
Epoch 41/50 - Average Train Loss (MSE): 231.0466 - Average Val Loss (MSE): 186.5135
Epoch 42/50 - Average Train Loss (MSE): 223.6485 - Average Val Loss (MSE): 184.5073
Epoch 43/50 - Average Train Loss (MSE): 217.1878 - Average Val Loss (MSE): 182.3035
Epoch 44/50 - Average Train Loss (MSE): 211.5707 - Average Val Loss (MSE): 179.8713
Epoch 45/50 - Average Train Loss (MSE): 206.4892 - Average Val Loss (MSE): 178.6170
Epoch 46/50 - Average Train Loss (MSE): 201.7316 - Average Val Loss (MSE): 174.6424
Epoch 47/50 - Average Train Loss (MSE): 198.0562 - Average Val Loss (MSE): 174.7751
Epoch 48/50 - Average Train Loss (MSE): 194.7378 - Average Val Loss (MSE): 172.2937
Epoch 49/50 - Average Train Loss (MSE): 191.7603 - Average Val Loss (MSE): 170.6624
Epoch 50/50 - Average Train Loss (MSE): 189.2316 - Average Val Loss (MSE): 169.3008

Test Loss: 10.5703

Model Run Complete...

Total time taken for trainer execution: 9.22 minutes

