Requirement already satisfied: optuna in /users/hunjael/.conda/envs/torch-st/lib/python3.10/site-packages (from -r requirements.txt (line 1)) (4.2.0)
Requirement already satisfied: ml_collections in /users/hunjael/.conda/envs/torch-st/lib/python3.10/site-packages (from -r requirements.txt (line 2)) (1.0.0)
Requirement already satisfied: alembic>=1.5.0 in /users/hunjael/.conda/envs/torch-st/lib/python3.10/site-packages (from optuna->-r requirements.txt (line 1)) (1.14.1)
Requirement already satisfied: colorlog in /users/hunjael/.conda/envs/torch-st/lib/python3.10/site-packages (from optuna->-r requirements.txt (line 1)) (6.9.0)
Requirement already satisfied: numpy in /users/hunjael/.conda/envs/torch-st/lib/python3.10/site-packages (from optuna->-r requirements.txt (line 1)) (2.2.2)
Requirement already satisfied: packaging>=20.0 in /users/hunjael/.conda/envs/torch-st/lib/python3.10/site-packages (from optuna->-r requirements.txt (line 1)) (24.2)
Requirement already satisfied: sqlalchemy>=1.4.2 in /users/hunjael/.conda/envs/torch-st/lib/python3.10/site-packages (from optuna->-r requirements.txt (line 1)) (2.0.37)
Requirement already satisfied: tqdm in /users/hunjael/.conda/envs/torch-st/lib/python3.10/site-packages (from optuna->-r requirements.txt (line 1)) (4.67.1)
Requirement already satisfied: PyYAML in /users/hunjael/.conda/envs/torch-st/lib/python3.10/site-packages (from optuna->-r requirements.txt (line 1)) (6.0.2)
Requirement already satisfied: absl-py in /users/hunjael/.conda/envs/torch-st/lib/python3.10/site-packages (from ml_collections->-r requirements.txt (line 2)) (2.1.0)
Requirement already satisfied: six in /users/hunjael/.conda/envs/torch-st/lib/python3.10/site-packages (from ml_collections->-r requirements.txt (line 2)) (1.17.0)
Requirement already satisfied: Mako in /users/hunjael/.conda/envs/torch-st/lib/python3.10/site-packages (from alembic>=1.5.0->optuna->-r requirements.txt (line 1)) (1.3.8)
Requirement already satisfied: typing-extensions>=4 in /users/hunjael/.conda/envs/torch-st/lib/python3.10/site-packages (from alembic>=1.5.0->optuna->-r requirements.txt (line 1)) (4.12.2)
Requirement already satisfied: greenlet!=0.4.17 in /users/hunjael/.conda/envs/torch-st/lib/python3.10/site-packages (from sqlalchemy>=1.4.2->optuna->-r requirements.txt (line 1)) (3.1.1)
Requirement already satisfied: MarkupSafe>=0.9.2 in /users/hunjael/.conda/envs/torch-st/lib/python3.10/site-packages (from Mako->alembic>=1.5.0->optuna->-r requirements.txt (line 1)) (3.0.2)
/users/hunjael/.conda/envs/torch-st/lib/python3.10/site-packages/tsl/datasets/metr_la.py:98: FutureWarning: 'T' is deprecated and will be removed in a future version, please use 'min' instead.
  date_range = pd.date_range(df.index[0], df.index[-1], freq='5T')
/users/hunjael/.conda/envs/torch-st/lib/python3.10/site-packages/tsl/datasets/metr_la.py:109: FutureWarning: The 'method' keyword in DataFrame.replace is deprecated and will be removed in a future version.
  df = df.replace(to_replace=0., method='ffill')

CONFIG DESCRIPTION: self attention + 1 layer GCN
100ep lr0.001

Training Model...

Epoch 1/250 - Average Train Loss (MSE): 921.9116 - Average Val Loss (MSE): 144.2293
Epoch 2/250 - Average Train Loss (MSE): 123.1804 - Average Val Loss (MSE): 79.5729
Epoch 3/250 - Average Train Loss (MSE): 99.3991 - Average Val Loss (MSE): 77.2255
Epoch 4/250 - Average Train Loss (MSE): 96.7619 - Average Val Loss (MSE): 76.0534
Epoch 5/250 - Average Train Loss (MSE): 94.8007 - Average Val Loss (MSE): 72.3530
Epoch 6/250 - Average Train Loss (MSE): 92.9275 - Average Val Loss (MSE): 71.7135
Epoch 7/250 - Average Train Loss (MSE): 91.3596 - Average Val Loss (MSE): 70.2457
Epoch 8/250 - Average Train Loss (MSE): 90.1109 - Average Val Loss (MSE): 69.1976
Epoch 9/250 - Average Train Loss (MSE): 88.9961 - Average Val Loss (MSE): 69.1312
Epoch 10/250 - Average Train Loss (MSE): 88.1113 - Average Val Loss (MSE): 67.4558
Epoch 11/250 - Average Train Loss (MSE): 87.4585 - Average Val Loss (MSE): 66.1169
Epoch 12/250 - Average Train Loss (MSE): 86.6642 - Average Val Loss (MSE): 66.3795
Epoch 13/250 - Average Train Loss (MSE): 86.1882 - Average Val Loss (MSE): 65.1988
Epoch 14/250 - Average Train Loss (MSE): 85.6349 - Average Val Loss (MSE): 64.3362
Epoch 15/250 - Average Train Loss (MSE): 85.2315 - Average Val Loss (MSE): 64.5733
Epoch 16/250 - Average Train Loss (MSE): 84.7836 - Average Val Loss (MSE): 64.2737
Epoch 17/250 - Average Train Loss (MSE): 84.3010 - Average Val Loss (MSE): 63.4587
Epoch 18/250 - Average Train Loss (MSE): 83.8640 - Average Val Loss (MSE): 64.4293
Epoch 19/250 - Average Train Loss (MSE): 83.3625 - Average Val Loss (MSE): 62.3613
Epoch 20/250 - Average Train Loss (MSE): 83.0419 - Average Val Loss (MSE): 61.8364
Epoch 21/250 - Average Train Loss (MSE): 82.7885 - Average Val Loss (MSE): 61.4000
Epoch 22/250 - Average Train Loss (MSE): 82.2314 - Average Val Loss (MSE): 61.4527
Epoch 23/250 - Average Train Loss (MSE): 81.9751 - Average Val Loss (MSE): 60.7991
Epoch 24/250 - Average Train Loss (MSE): 81.6741 - Average Val Loss (MSE): 61.0215
Epoch 25/250 - Average Train Loss (MSE): 81.5277 - Average Val Loss (MSE): 61.5287
Epoch 26/250 - Average Train Loss (MSE): 81.2236 - Average Val Loss (MSE): 60.3420
Epoch 27/250 - Average Train Loss (MSE): 80.8134 - Average Val Loss (MSE): 60.5356
Epoch 28/250 - Average Train Loss (MSE): 80.6100 - Average Val Loss (MSE): 61.1794
Epoch 29/250 - Average Train Loss (MSE): 80.4289 - Average Val Loss (MSE): 59.4779
Epoch 30/250 - Average Train Loss (MSE): 80.0070 - Average Val Loss (MSE): 59.6292
Epoch 31/250 - Average Train Loss (MSE): 79.7120 - Average Val Loss (MSE): 58.7344
Epoch 32/250 - Average Train Loss (MSE): 79.3738 - Average Val Loss (MSE): 59.1690
Epoch 33/250 - Average Train Loss (MSE): 79.2967 - Average Val Loss (MSE): 58.3720
Epoch 34/250 - Average Train Loss (MSE): 78.8351 - Average Val Loss (MSE): 59.1179
Epoch 35/250 - Average Train Loss (MSE): 78.8515 - Average Val Loss (MSE): 58.6623
Epoch 36/250 - Average Train Loss (MSE): 78.6900 - Average Val Loss (MSE): 58.9074
Epoch 37/250 - Average Train Loss (MSE): 78.5970 - Average Val Loss (MSE): 58.2301
Epoch 38/250 - Average Train Loss (MSE): 78.4294 - Average Val Loss (MSE): 57.9706
Epoch 39/250 - Average Train Loss (MSE): 78.4415 - Average Val Loss (MSE): 58.3118
Epoch 40/250 - Average Train Loss (MSE): 78.2670 - Average Val Loss (MSE): 58.1668
Epoch 41/250 - Average Train Loss (MSE): 78.4515 - Average Val Loss (MSE): 57.7678
Epoch 42/250 - Average Train Loss (MSE): 77.9831 - Average Val Loss (MSE): 57.6342
Epoch 43/250 - Average Train Loss (MSE): 77.9552 - Average Val Loss (MSE): 57.2704
Epoch 44/250 - Average Train Loss (MSE): 77.9430 - Average Val Loss (MSE): 57.3041
Epoch 45/250 - Average Train Loss (MSE): 77.9431 - Average Val Loss (MSE): 57.5072
Epoch 46/250 - Average Train Loss (MSE): 77.7315 - Average Val Loss (MSE): 57.2560
Epoch 47/250 - Average Train Loss (MSE): 77.7583 - Average Val Loss (MSE): 57.1415
Epoch 48/250 - Average Train Loss (MSE): 77.6709 - Average Val Loss (MSE): 57.3982
Epoch 49/250 - Average Train Loss (MSE): 77.6432 - Average Val Loss (MSE): 57.6204
Epoch 50/250 - Average Train Loss (MSE): 77.6610 - Average Val Loss (MSE): 57.4350
Epoch 51/250 - Average Train Loss (MSE): 77.6419 - Average Val Loss (MSE): 57.4520
Epoch 52/250 - Average Train Loss (MSE): 77.4246 - Average Val Loss (MSE): 58.0917
Epoch 53/250 - Average Train Loss (MSE): 77.3078 - Average Val Loss (MSE): 56.9522
Epoch 54/250 - Average Train Loss (MSE): 77.5267 - Average Val Loss (MSE): 57.8480
Epoch 55/250 - Average Train Loss (MSE): 77.2874 - Average Val Loss (MSE): 56.7754
Epoch 56/250 - Average Train Loss (MSE): 77.2712 - Average Val Loss (MSE): 58.6261
Epoch 57/250 - Average Train Loss (MSE): 77.4539 - Average Val Loss (MSE): 56.9674
Epoch 58/250 - Average Train Loss (MSE): 77.2625 - Average Val Loss (MSE): 56.9911
Epoch 59/250 - Average Train Loss (MSE): 77.1539 - Average Val Loss (MSE): 57.3137
Epoch 60/250 - Average Train Loss (MSE): 77.2142 - Average Val Loss (MSE): 57.3295
Epoch 61/250 - Average Train Loss (MSE): 77.2168 - Average Val Loss (MSE): 57.4147
Epoch 62/250 - Average Train Loss (MSE): 77.2390 - Average Val Loss (MSE): 57.3000
Epoch 63/250 - Average Train Loss (MSE): 77.0985 - Average Val Loss (MSE): 57.1218
Epoch 64/250 - Average Train Loss (MSE): 77.1057 - Average Val Loss (MSE): 57.2562
Epoch 65/250 - Average Train Loss (MSE): 76.9581 - Average Val Loss (MSE): 58.3024
Epoch 66/250 - Average Train Loss (MSE): 77.0165 - Average Val Loss (MSE): 57.6796
Epoch 67/250 - Average Train Loss (MSE): 77.0947 - Average Val Loss (MSE): 57.3962
Epoch 68/250 - Average Train Loss (MSE): 76.9835 - Average Val Loss (MSE): 57.2342
Epoch 69/250 - Average Train Loss (MSE): 76.7006 - Average Val Loss (MSE): 56.7259
Epoch 70/250 - Average Train Loss (MSE): 76.8261 - Average Val Loss (MSE): 57.1397
Epoch 71/250 - Average Train Loss (MSE): 76.8571 - Average Val Loss (MSE): 58.5845
Epoch 72/250 - Average Train Loss (MSE): 77.0198 - Average Val Loss (MSE): 57.1396
Epoch 73/250 - Average Train Loss (MSE): 76.9305 - Average Val Loss (MSE): 56.7189
Epoch 74/250 - Average Train Loss (MSE): 76.9920 - Average Val Loss (MSE): 57.5554
Epoch 75/250 - Average Train Loss (MSE): 76.7927 - Average Val Loss (MSE): 56.6517
Epoch 76/250 - Average Train Loss (MSE): 76.7117 - Average Val Loss (MSE): 56.7316
Epoch 77/250 - Average Train Loss (MSE): 77.0226 - Average Val Loss (MSE): 57.3054
Epoch 78/250 - Average Train Loss (MSE): 76.5950 - Average Val Loss (MSE): 56.7554
Epoch 79/250 - Average Train Loss (MSE): 76.6760 - Average Val Loss (MSE): 56.9741
Epoch 80/250 - Average Train Loss (MSE): 76.6101 - Average Val Loss (MSE): 56.5900
Epoch 81/250 - Average Train Loss (MSE): 76.6851 - Average Val Loss (MSE): 56.7935
Epoch 82/250 - Average Train Loss (MSE): 76.6899 - Average Val Loss (MSE): 57.1954
Epoch 83/250 - Average Train Loss (MSE): 76.8285 - Average Val Loss (MSE): 56.5039
Epoch 84/250 - Average Train Loss (MSE): 76.7519 - Average Val Loss (MSE): 56.8112
Epoch 85/250 - Average Train Loss (MSE): 76.6536 - Average Val Loss (MSE): 58.0980
Epoch 86/250 - Average Train Loss (MSE): 76.6461 - Average Val Loss (MSE): 56.5908
Epoch 87/250 - Average Train Loss (MSE): 76.8339 - Average Val Loss (MSE): 57.0932
Epoch 88/250 - Average Train Loss (MSE): 76.7807 - Average Val Loss (MSE): 57.2646
Epoch 89/250 - Average Train Loss (MSE): 76.6951 - Average Val Loss (MSE): 57.0008
Epoch 90/250 - Average Train Loss (MSE): 76.6919 - Average Val Loss (MSE): 57.2324
Epoch 91/250 - Average Train Loss (MSE): 76.4957 - Average Val Loss (MSE): 57.3417
Epoch 92/250 - Average Train Loss (MSE): 76.5992 - Average Val Loss (MSE): 57.3330
Epoch 93/250 - Average Train Loss (MSE): 76.4851 - Average Val Loss (MSE): 56.3247
Epoch 94/250 - Average Train Loss (MSE): 76.4693 - Average Val Loss (MSE): 56.4525
Epoch 95/250 - Average Train Loss (MSE): 76.4196 - Average Val Loss (MSE): 56.6750
Epoch 96/250 - Average Train Loss (MSE): 76.4996 - Average Val Loss (MSE): 56.1844
Epoch 97/250 - Average Train Loss (MSE): 76.6069 - Average Val Loss (MSE): 56.8412
Epoch 98/250 - Average Train Loss (MSE): 76.4058 - Average Val Loss (MSE): 56.1587
Epoch 99/250 - Average Train Loss (MSE): 76.4892 - Average Val Loss (MSE): 56.1907
Epoch 100/250 - Average Train Loss (MSE): 76.1871 - Average Val Loss (MSE): 56.2083
Epoch 101/250 - Average Train Loss (MSE): 76.2171 - Average Val Loss (MSE): 56.0739
Epoch 102/250 - Average Train Loss (MSE): 76.2683 - Average Val Loss (MSE): 58.4421
Epoch 103/250 - Average Train Loss (MSE): 76.2348 - Average Val Loss (MSE): 55.8941
Epoch 104/250 - Average Train Loss (MSE): 76.4045 - Average Val Loss (MSE): 56.6904
Epoch 105/250 - Average Train Loss (MSE): 76.2536 - Average Val Loss (MSE): 56.4774
Epoch 106/250 - Average Train Loss (MSE): 76.5094 - Average Val Loss (MSE): 56.3930
Epoch 107/250 - Average Train Loss (MSE): 76.1656 - Average Val Loss (MSE): 56.4069
Epoch 108/250 - Average Train Loss (MSE): 76.2014 - Average Val Loss (MSE): 56.4081
Epoch 109/250 - Average Train Loss (MSE): 76.1857 - Average Val Loss (MSE): 56.0135
Epoch 110/250 - Average Train Loss (MSE): 76.1962 - Average Val Loss (MSE): 56.2850
Epoch 111/250 - Average Train Loss (MSE): 76.3559 - Average Val Loss (MSE): 56.5213
Epoch 112/250 - Average Train Loss (MSE): 76.1750 - Average Val Loss (MSE): 56.3497
Epoch 113/250 - Average Train Loss (MSE): 75.9683 - Average Val Loss (MSE): 55.9197
Epoch 114/250 - Average Train Loss (MSE): 76.2266 - Average Val Loss (MSE): 55.9135
Epoch 115/250 - Average Train Loss (MSE): 75.9926 - Average Val Loss (MSE): 56.3560
Epoch 116/250 - Average Train Loss (MSE): 76.2481 - Average Val Loss (MSE): 55.8204
Epoch 117/250 - Average Train Loss (MSE): 75.9326 - Average Val Loss (MSE): 55.8991
Epoch 118/250 - Average Train Loss (MSE): 75.9253 - Average Val Loss (MSE): 56.5918
Epoch 119/250 - Average Train Loss (MSE): 76.0358 - Average Val Loss (MSE): 56.0045
Epoch 120/250 - Average Train Loss (MSE): 76.0934 - Average Val Loss (MSE): 55.8314
Epoch 121/250 - Average Train Loss (MSE): 76.3651 - Average Val Loss (MSE): 56.0961
Epoch 122/250 - Average Train Loss (MSE): 76.2305 - Average Val Loss (MSE): 56.4528
Epoch 123/250 - Average Train Loss (MSE): 75.9439 - Average Val Loss (MSE): 55.5927
Epoch 124/250 - Average Train Loss (MSE): 76.0196 - Average Val Loss (MSE): 56.1597
Epoch 125/250 - Average Train Loss (MSE): 76.0785 - Average Val Loss (MSE): 56.6467
Epoch 126/250 - Average Train Loss (MSE): 76.2055 - Average Val Loss (MSE): 55.8551
Epoch 127/250 - Average Train Loss (MSE): 76.0259 - Average Val Loss (MSE): 56.0128
Epoch 128/250 - Average Train Loss (MSE): 76.0325 - Average Val Loss (MSE): 56.0826
Epoch 129/250 - Average Train Loss (MSE): 76.0377 - Average Val Loss (MSE): 55.6578
Epoch 130/250 - Average Train Loss (MSE): 75.9843 - Average Val Loss (MSE): 55.6682
Epoch 131/250 - Average Train Loss (MSE): 75.9924 - Average Val Loss (MSE): 55.9900
Epoch 132/250 - Average Train Loss (MSE): 75.8529 - Average Val Loss (MSE): 56.0243
Epoch 133/250 - Average Train Loss (MSE): 75.8929 - Average Val Loss (MSE): 55.7457
Epoch 134/250 - Average Train Loss (MSE): 75.8455 - Average Val Loss (MSE): 56.1747
Epoch 135/250 - Average Train Loss (MSE): 76.0117 - Average Val Loss (MSE): 55.7909
Epoch 136/250 - Average Train Loss (MSE): 75.8462 - Average Val Loss (MSE): 56.2934
Epoch 137/250 - Average Train Loss (MSE): 75.9049 - Average Val Loss (MSE): 56.0386
Epoch 138/250 - Average Train Loss (MSE): 75.9277 - Average Val Loss (MSE): 55.8393
Epoch 139/250 - Average Train Loss (MSE): 75.7753 - Average Val Loss (MSE): 56.7465
Epoch 140/250 - Average Train Loss (MSE): 75.9264 - Average Val Loss (MSE): 55.6798
Epoch 141/250 - Average Train Loss (MSE): 75.7886 - Average Val Loss (MSE): 56.0225
Epoch 142/250 - Average Train Loss (MSE): 75.7669 - Average Val Loss (MSE): 55.9361
Epoch 143/250 - Average Train Loss (MSE): 75.8622 - Average Val Loss (MSE): 56.8496
Epoch 144/250 - Average Train Loss (MSE): 75.7246 - Average Val Loss (MSE): 56.3214
Epoch 145/250 - Average Train Loss (MSE): 75.6635 - Average Val Loss (MSE): 56.0490
Epoch 146/250 - Average Train Loss (MSE): 75.8162 - Average Val Loss (MSE): 55.6990
Epoch 147/250 - Average Train Loss (MSE): 75.7471 - Average Val Loss (MSE): 55.5572
Epoch 148/250 - Average Train Loss (MSE): 75.8255 - Average Val Loss (MSE): 55.5739
Epoch 149/250 - Average Train Loss (MSE): 75.7271 - Average Val Loss (MSE): 56.1763
Epoch 150/250 - Average Train Loss (MSE): 75.7482 - Average Val Loss (MSE): 56.0243
Epoch 151/250 - Average Train Loss (MSE): 75.5807 - Average Val Loss (MSE): 56.4031
Epoch 152/250 - Average Train Loss (MSE): 75.7926 - Average Val Loss (MSE): 55.8372
Epoch 153/250 - Average Train Loss (MSE): 75.6210 - Average Val Loss (MSE): 55.5984
Epoch 154/250 - Average Train Loss (MSE): 75.6204 - Average Val Loss (MSE): 55.6246
Epoch 155/250 - Average Train Loss (MSE): 75.3988 - Average Val Loss (MSE): 57.0224
Epoch 156/250 - Average Train Loss (MSE): 75.3565 - Average Val Loss (MSE): 55.8238
Epoch 157/250 - Average Train Loss (MSE): 75.5826 - Average Val Loss (MSE): 55.8800
Epoch 158/250 - Average Train Loss (MSE): 75.4990 - Average Val Loss (MSE): 55.9700
Epoch 159/250 - Average Train Loss (MSE): 75.3925 - Average Val Loss (MSE): 55.5160
Epoch 160/250 - Average Train Loss (MSE): 75.5022 - Average Val Loss (MSE): 55.4713
Epoch 161/250 - Average Train Loss (MSE): 75.6767 - Average Val Loss (MSE): 55.8221
Epoch 162/250 - Average Train Loss (MSE): 75.2172 - Average Val Loss (MSE): 56.5175
Epoch 163/250 - Average Train Loss (MSE): 75.1864 - Average Val Loss (MSE): 55.5315
Epoch 164/250 - Average Train Loss (MSE): 75.2658 - Average Val Loss (MSE): 56.0915
Epoch 165/250 - Average Train Loss (MSE): 75.1913 - Average Val Loss (MSE): 56.0581
Epoch 166/250 - Average Train Loss (MSE): 75.3788 - Average Val Loss (MSE): 55.7296
Epoch 167/250 - Average Train Loss (MSE): 75.1762 - Average Val Loss (MSE): 56.1071
Epoch 168/250 - Average Train Loss (MSE): 75.1855 - Average Val Loss (MSE): 55.5870
Epoch 169/250 - Average Train Loss (MSE): 75.1303 - Average Val Loss (MSE): 55.9681
Epoch 170/250 - Average Train Loss (MSE): 75.1024 - Average Val Loss (MSE): 55.4979
Epoch 171/250 - Average Train Loss (MSE): 75.0947 - Average Val Loss (MSE): 56.9708
Epoch 172/250 - Average Train Loss (MSE): 75.2524 - Average Val Loss (MSE): 56.8728
Epoch 173/250 - Average Train Loss (MSE): 75.1143 - Average Val Loss (MSE): 55.7336
Epoch 174/250 - Average Train Loss (MSE): 75.3198 - Average Val Loss (MSE): 55.6091
Epoch 175/250 - Average Train Loss (MSE): 75.0650 - Average Val Loss (MSE): 55.3986
Epoch 176/250 - Average Train Loss (MSE): 75.1523 - Average Val Loss (MSE): 55.9496
Epoch 177/250 - Average Train Loss (MSE): 74.9564 - Average Val Loss (MSE): 56.7672
Epoch 178/250 - Average Train Loss (MSE): 75.1273 - Average Val Loss (MSE): 56.5116
Epoch 179/250 - Average Train Loss (MSE): 75.1606 - Average Val Loss (MSE): 55.7440
Epoch 180/250 - Average Train Loss (MSE): 75.0339 - Average Val Loss (MSE): 56.3922
Epoch 181/250 - Average Train Loss (MSE): 74.9538 - Average Val Loss (MSE): 55.5694
Epoch 182/250 - Average Train Loss (MSE): 75.2809 - Average Val Loss (MSE): 57.6721
Epoch 183/250 - Average Train Loss (MSE): 74.8323 - Average Val Loss (MSE): 55.8694
Epoch 184/250 - Average Train Loss (MSE): 74.9775 - Average Val Loss (MSE): 55.7195
Epoch 185/250 - Average Train Loss (MSE): 74.9812 - Average Val Loss (MSE): 56.4315
Epoch 186/250 - Average Train Loss (MSE): 75.0747 - Average Val Loss (MSE): 58.7765
Epoch 187/250 - Average Train Loss (MSE): 75.3305 - Average Val Loss (MSE): 55.7111
Epoch 188/250 - Average Train Loss (MSE): 75.1395 - Average Val Loss (MSE): 55.8223
Epoch 189/250 - Average Train Loss (MSE): 75.0892 - Average Val Loss (MSE): 56.0272
Epoch 190/250 - Average Train Loss (MSE): 75.1010 - Average Val Loss (MSE): 56.1995
Epoch 191/250 - Average Train Loss (MSE): 75.1132 - Average Val Loss (MSE): 56.0050
Epoch 192/250 - Average Train Loss (MSE): 75.0976 - Average Val Loss (MSE): 55.4584
Epoch 193/250 - Average Train Loss (MSE): 74.9320 - Average Val Loss (MSE): 56.0517
Epoch 194/250 - Average Train Loss (MSE): 75.3093 - Average Val Loss (MSE): 55.9403
Epoch 195/250 - Average Train Loss (MSE): 74.9793 - Average Val Loss (MSE): 56.0825
Epoch 196/250 - Average Train Loss (MSE): 75.1929 - Average Val Loss (MSE): 56.9921
Epoch 197/250 - Average Train Loss (MSE): 75.1475 - Average Val Loss (MSE): 55.5138
Epoch 198/250 - Average Train Loss (MSE): 75.1444 - Average Val Loss (MSE): 55.6530
Epoch 199/250 - Average Train Loss (MSE): 75.1134 - Average Val Loss (MSE): 56.2793
Epoch 200/250 - Average Train Loss (MSE): 74.9288 - Average Val Loss (MSE): 56.4728
Epoch 201/250 - Average Train Loss (MSE): 74.9439 - Average Val Loss (MSE): 55.6846
Epoch 202/250 - Average Train Loss (MSE): 75.1036 - Average Val Loss (MSE): 55.8085
Epoch 203/250 - Average Train Loss (MSE): 75.0182 - Average Val Loss (MSE): 56.4748
Epoch 204/250 - Average Train Loss (MSE): 75.0296 - Average Val Loss (MSE): 55.8026
Epoch 205/250 - Average Train Loss (MSE): 75.2735 - Average Val Loss (MSE): 56.0855
Epoch 206/250 - Average Train Loss (MSE): 75.0638 - Average Val Loss (MSE): 56.2160
Epoch 207/250 - Average Train Loss (MSE): 75.2638 - Average Val Loss (MSE): 56.0938
Epoch 208/250 - Average Train Loss (MSE): 74.9737 - Average Val Loss (MSE): 56.1940
Epoch 209/250 - Average Train Loss (MSE): 75.0203 - Average Val Loss (MSE): 55.6687
Epoch 210/250 - Average Train Loss (MSE): 74.9360 - Average Val Loss (MSE): 56.7610
Epoch 211/250 - Average Train Loss (MSE): 74.9679 - Average Val Loss (MSE): 56.5584
Epoch 212/250 - Average Train Loss (MSE): 74.9898 - Average Val Loss (MSE): 56.2674
Epoch 213/250 - Average Train Loss (MSE): 75.0319 - Average Val Loss (MSE): 55.6528
Epoch 214/250 - Average Train Loss (MSE): 74.8142 - Average Val Loss (MSE): 55.8396
Epoch 215/250 - Average Train Loss (MSE): 74.8938 - Average Val Loss (MSE): 56.2668
Epoch 216/250 - Average Train Loss (MSE): 74.7036 - Average Val Loss (MSE): 56.6395
Epoch 217/250 - Average Train Loss (MSE): 74.8099 - Average Val Loss (MSE): 55.5242
Epoch 218/250 - Average Train Loss (MSE): 75.3432 - Average Val Loss (MSE): 55.5902
Epoch 219/250 - Average Train Loss (MSE): 74.8680 - Average Val Loss (MSE): 57.2252
Epoch 220/250 - Average Train Loss (MSE): 74.6901 - Average Val Loss (MSE): 56.4186
Epoch 221/250 - Average Train Loss (MSE): 74.5194 - Average Val Loss (MSE): 56.3591
Epoch 222/250 - Average Train Loss (MSE): 74.7169 - Average Val Loss (MSE): 56.3533
Epoch 223/250 - Average Train Loss (MSE): 74.6302 - Average Val Loss (MSE): 56.3259
Epoch 224/250 - Average Train Loss (MSE): 74.6181 - Average Val Loss (MSE): 55.8355
Epoch 225/250 - Average Train Loss (MSE): 74.9406 - Average Val Loss (MSE): 55.9622
Epoch 226/250 - Average Train Loss (MSE): 74.7074 - Average Val Loss (MSE): 55.6537
Epoch 227/250 - Average Train Loss (MSE): 74.5241 - Average Val Loss (MSE): 56.6938
Epoch 228/250 - Average Train Loss (MSE): 74.7552 - Average Val Loss (MSE): 55.9472
Epoch 229/250 - Average Train Loss (MSE): 74.7952 - Average Val Loss (MSE): 57.2047
Epoch 230/250 - Average Train Loss (MSE): 74.5012 - Average Val Loss (MSE): 56.6402
Epoch 231/250 - Average Train Loss (MSE): 74.7014 - Average Val Loss (MSE): 56.0306
Epoch 232/250 - Average Train Loss (MSE): 74.6362 - Average Val Loss (MSE): 55.9712
Epoch 233/250 - Average Train Loss (MSE): 74.7267 - Average Val Loss (MSE): 55.8968
Epoch 234/250 - Average Train Loss (MSE): 74.6277 - Average Val Loss (MSE): 57.4919
Epoch 235/250 - Average Train Loss (MSE): 74.6554 - Average Val Loss (MSE): 56.7365
Epoch 236/250 - Average Train Loss (MSE): 74.6972 - Average Val Loss (MSE): 56.4921
Epoch 237/250 - Average Train Loss (MSE): 74.7351 - Average Val Loss (MSE): 57.0953
Epoch 238/250 - Average Train Loss (MSE): 74.6057 - Average Val Loss (MSE): 56.1682
Epoch 239/250 - Average Train Loss (MSE): 74.7978 - Average Val Loss (MSE): 55.9248
Epoch 240/250 - Average Train Loss (MSE): 74.4561 - Average Val Loss (MSE): 56.3151
Epoch 241/250 - Average Train Loss (MSE): 74.4039 - Average Val Loss (MSE): 55.9228
Epoch 242/250 - Average Train Loss (MSE): 74.4771 - Average Val Loss (MSE): 56.2860
Epoch 243/250 - Average Train Loss (MSE): 74.5231 - Average Val Loss (MSE): 57.2975
Epoch 244/250 - Average Train Loss (MSE): 74.6447 - Average Val Loss (MSE): 56.1517
Epoch 245/250 - Average Train Loss (MSE): 74.4451 - Average Val Loss (MSE): 56.0178
Epoch 246/250 - Average Train Loss (MSE): 74.6041 - Average Val Loss (MSE): 56.4761
Epoch 247/250 - Average Train Loss (MSE): 74.4644 - Average Val Loss (MSE): 56.1577
Epoch 248/250 - Average Train Loss (MSE): 74.4493 - Average Val Loss (MSE): 57.1383
Epoch 249/250 - Average Train Loss (MSE): 74.5262 - Average Val Loss (MSE): 55.8808
Epoch 250/250 - Average Train Loss (MSE): 74.6073 - Average Val Loss (MSE): 56.4350

Test Loss: 4.9098

Model Run Complete...

Total time taken for trainer execution: 37.81 minutes

