Requirement already satisfied: optuna in /users/hunjael/.conda/envs/torch-st/lib/python3.10/site-packages (from -r requirements.txt (line 1)) (4.2.0)
Requirement already satisfied: ml_collections in /users/hunjael/.conda/envs/torch-st/lib/python3.10/site-packages (from -r requirements.txt (line 2)) (1.0.0)
Requirement already satisfied: alembic>=1.5.0 in /users/hunjael/.conda/envs/torch-st/lib/python3.10/site-packages (from optuna->-r requirements.txt (line 1)) (1.14.1)
Requirement already satisfied: colorlog in /users/hunjael/.conda/envs/torch-st/lib/python3.10/site-packages (from optuna->-r requirements.txt (line 1)) (6.9.0)
Requirement already satisfied: numpy in /users/hunjael/.conda/envs/torch-st/lib/python3.10/site-packages (from optuna->-r requirements.txt (line 1)) (2.2.2)
Requirement already satisfied: packaging>=20.0 in /users/hunjael/.conda/envs/torch-st/lib/python3.10/site-packages (from optuna->-r requirements.txt (line 1)) (24.2)
Requirement already satisfied: sqlalchemy>=1.4.2 in /users/hunjael/.conda/envs/torch-st/lib/python3.10/site-packages (from optuna->-r requirements.txt (line 1)) (2.0.37)
Requirement already satisfied: tqdm in /users/hunjael/.conda/envs/torch-st/lib/python3.10/site-packages (from optuna->-r requirements.txt (line 1)) (4.67.1)
Requirement already satisfied: PyYAML in /users/hunjael/.conda/envs/torch-st/lib/python3.10/site-packages (from optuna->-r requirements.txt (line 1)) (6.0.2)
Requirement already satisfied: absl-py in /users/hunjael/.conda/envs/torch-st/lib/python3.10/site-packages (from ml_collections->-r requirements.txt (line 2)) (2.1.0)
Requirement already satisfied: six in /users/hunjael/.conda/envs/torch-st/lib/python3.10/site-packages (from ml_collections->-r requirements.txt (line 2)) (1.17.0)
Requirement already satisfied: Mako in /users/hunjael/.conda/envs/torch-st/lib/python3.10/site-packages (from alembic>=1.5.0->optuna->-r requirements.txt (line 1)) (1.3.8)
Requirement already satisfied: typing-extensions>=4 in /users/hunjael/.conda/envs/torch-st/lib/python3.10/site-packages (from alembic>=1.5.0->optuna->-r requirements.txt (line 1)) (4.12.2)
Requirement already satisfied: greenlet!=0.4.17 in /users/hunjael/.conda/envs/torch-st/lib/python3.10/site-packages (from sqlalchemy>=1.4.2->optuna->-r requirements.txt (line 1)) (3.1.1)
Requirement already satisfied: MarkupSafe>=0.9.2 in /users/hunjael/.conda/envs/torch-st/lib/python3.10/site-packages (from Mako->alembic>=1.5.0->optuna->-r requirements.txt (line 1)) (3.0.2)
/users/hunjael/.conda/envs/torch-st/lib/python3.10/site-packages/tsl/datasets/metr_la.py:98: FutureWarning: 'T' is deprecated and will be removed in a future version, please use 'min' instead.
  date_range = pd.date_range(df.index[0], df.index[-1], freq='5T')
/users/hunjael/.conda/envs/torch-st/lib/python3.10/site-packages/tsl/datasets/metr_la.py:109: FutureWarning: The 'method' keyword in DataFrame.replace is deprecated and will be removed in a future version.
  df = df.replace(to_replace=0., method='ffill')

CONFIG DESCRIPTION: self attention + 1 layer GCN
100ep lr0.001

Training Model...

Epoch 1/100 - Average Train Loss (MSE): 839.2903 - Average Val Loss (MSE): 82.6485
Epoch 2/100 - Average Train Loss (MSE): 101.6448 - Average Val Loss (MSE): 81.6810
Epoch 3/100 - Average Train Loss (MSE): 97.8159 - Average Val Loss (MSE): 79.3665
Epoch 4/100 - Average Train Loss (MSE): 95.6273 - Average Val Loss (MSE): 76.9314
Epoch 5/100 - Average Train Loss (MSE): 94.2512 - Average Val Loss (MSE): 77.4160
Epoch 6/100 - Average Train Loss (MSE): 92.8718 - Average Val Loss (MSE): 74.9687
Epoch 7/100 - Average Train Loss (MSE): 91.7541 - Average Val Loss (MSE): 74.1081
Epoch 8/100 - Average Train Loss (MSE): 90.9010 - Average Val Loss (MSE): 71.9091
Epoch 9/100 - Average Train Loss (MSE): 89.9736 - Average Val Loss (MSE): 69.8570
Epoch 10/100 - Average Train Loss (MSE): 89.1051 - Average Val Loss (MSE): 69.1888
Epoch 11/100 - Average Train Loss (MSE): 88.2989 - Average Val Loss (MSE): 67.5041
Epoch 12/100 - Average Train Loss (MSE): 87.4240 - Average Val Loss (MSE): 67.7966
Epoch 13/100 - Average Train Loss (MSE): 86.7515 - Average Val Loss (MSE): 66.7096
Epoch 14/100 - Average Train Loss (MSE): 85.9944 - Average Val Loss (MSE): 65.8958
Epoch 15/100 - Average Train Loss (MSE): 85.3775 - Average Val Loss (MSE): 64.7883
Epoch 16/100 - Average Train Loss (MSE): 84.7473 - Average Val Loss (MSE): 65.4655
Epoch 17/100 - Average Train Loss (MSE): 84.1523 - Average Val Loss (MSE): 63.3691
Epoch 18/100 - Average Train Loss (MSE): 83.8441 - Average Val Loss (MSE): 63.6770
Epoch 19/100 - Average Train Loss (MSE): 83.2392 - Average Val Loss (MSE): 62.5844
Epoch 20/100 - Average Train Loss (MSE): 83.0592 - Average Val Loss (MSE): 63.4188
Epoch 21/100 - Average Train Loss (MSE): 82.6088 - Average Val Loss (MSE): 62.2093
Epoch 22/100 - Average Train Loss (MSE): 82.2797 - Average Val Loss (MSE): 63.2713
Epoch 23/100 - Average Train Loss (MSE): 82.0080 - Average Val Loss (MSE): 62.3137
Epoch 24/100 - Average Train Loss (MSE): 81.7683 - Average Val Loss (MSE): 61.6489
Epoch 25/100 - Average Train Loss (MSE): 81.5021 - Average Val Loss (MSE): 61.2818
Epoch 26/100 - Average Train Loss (MSE): 81.3708 - Average Val Loss (MSE): 60.9650
Epoch 27/100 - Average Train Loss (MSE): 81.0873 - Average Val Loss (MSE): 60.8134
Epoch 28/100 - Average Train Loss (MSE): 80.8117 - Average Val Loss (MSE): 61.1344
Epoch 29/100 - Average Train Loss (MSE): 80.7503 - Average Val Loss (MSE): 60.3763
Epoch 30/100 - Average Train Loss (MSE): 80.4206 - Average Val Loss (MSE): 60.5172
Epoch 31/100 - Average Train Loss (MSE): 80.1275 - Average Val Loss (MSE): 60.6113
Epoch 32/100 - Average Train Loss (MSE): 79.8632 - Average Val Loss (MSE): 60.3589
Epoch 33/100 - Average Train Loss (MSE): 79.6632 - Average Val Loss (MSE): 61.3328
Epoch 34/100 - Average Train Loss (MSE): 79.4137 - Average Val Loss (MSE): 61.5524
Epoch 35/100 - Average Train Loss (MSE): 79.1429 - Average Val Loss (MSE): 59.4110
Epoch 36/100 - Average Train Loss (MSE): 79.0590 - Average Val Loss (MSE): 59.0788
Epoch 37/100 - Average Train Loss (MSE): 78.8853 - Average Val Loss (MSE): 59.6013
Epoch 38/100 - Average Train Loss (MSE): 78.7188 - Average Val Loss (MSE): 59.5192
Epoch 39/100 - Average Train Loss (MSE): 78.4324 - Average Val Loss (MSE): 59.2184
Epoch 40/100 - Average Train Loss (MSE): 78.3924 - Average Val Loss (MSE): 58.9562
Epoch 41/100 - Average Train Loss (MSE): 78.1283 - Average Val Loss (MSE): 58.5338
Epoch 42/100 - Average Train Loss (MSE): 78.0130 - Average Val Loss (MSE): 59.4655
Epoch 43/100 - Average Train Loss (MSE): 77.8702 - Average Val Loss (MSE): 60.1987
Epoch 44/100 - Average Train Loss (MSE): 77.9456 - Average Val Loss (MSE): 59.6697
Epoch 45/100 - Average Train Loss (MSE): 77.6560 - Average Val Loss (MSE): 58.7826
Epoch 46/100 - Average Train Loss (MSE): 77.3076 - Average Val Loss (MSE): 59.0731
Epoch 47/100 - Average Train Loss (MSE): 77.2865 - Average Val Loss (MSE): 58.0573
Epoch 48/100 - Average Train Loss (MSE): 77.1504 - Average Val Loss (MSE): 58.3098
Epoch 49/100 - Average Train Loss (MSE): 77.2570 - Average Val Loss (MSE): 58.4325
Epoch 50/100 - Average Train Loss (MSE): 77.0462 - Average Val Loss (MSE): 58.2322
Epoch 51/100 - Average Train Loss (MSE): 76.8886 - Average Val Loss (MSE): 58.5477
Epoch 52/100 - Average Train Loss (MSE): 76.8391 - Average Val Loss (MSE): 58.9726
Epoch 53/100 - Average Train Loss (MSE): 76.8452 - Average Val Loss (MSE): 58.5938
Epoch 54/100 - Average Train Loss (MSE): 76.7861 - Average Val Loss (MSE): 58.3153
Epoch 55/100 - Average Train Loss (MSE): 76.5258 - Average Val Loss (MSE): 58.3598
Epoch 56/100 - Average Train Loss (MSE): 76.4913 - Average Val Loss (MSE): 58.1349
Epoch 57/100 - Average Train Loss (MSE): 76.3919 - Average Val Loss (MSE): 58.1919
Epoch 58/100 - Average Train Loss (MSE): 76.4453 - Average Val Loss (MSE): 58.5047
Epoch 59/100 - Average Train Loss (MSE): 76.2939 - Average Val Loss (MSE): 58.6675
Epoch 60/100 - Average Train Loss (MSE): 76.2923 - Average Val Loss (MSE): 57.9284
Epoch 61/100 - Average Train Loss (MSE): 76.1615 - Average Val Loss (MSE): 58.4278
Epoch 62/100 - Average Train Loss (MSE): 76.2164 - Average Val Loss (MSE): 58.1053
Epoch 63/100 - Average Train Loss (MSE): 76.1319 - Average Val Loss (MSE): 58.6968
Epoch 64/100 - Average Train Loss (MSE): 76.1198 - Average Val Loss (MSE): 58.3352
Epoch 65/100 - Average Train Loss (MSE): 76.0675 - Average Val Loss (MSE): 59.4832
Epoch 66/100 - Average Train Loss (MSE): 76.0774 - Average Val Loss (MSE): 58.4024
Epoch 67/100 - Average Train Loss (MSE): 75.9141 - Average Val Loss (MSE): 58.1237
Epoch 68/100 - Average Train Loss (MSE): 75.9470 - Average Val Loss (MSE): 57.8988
Epoch 69/100 - Average Train Loss (MSE): 75.9360 - Average Val Loss (MSE): 58.1155
Epoch 70/100 - Average Train Loss (MSE): 75.8325 - Average Val Loss (MSE): 57.6370
Epoch 71/100 - Average Train Loss (MSE): 75.9036 - Average Val Loss (MSE): 58.8708
Epoch 72/100 - Average Train Loss (MSE): 75.7228 - Average Val Loss (MSE): 58.6922
Epoch 73/100 - Average Train Loss (MSE): 75.7876 - Average Val Loss (MSE): 57.0922
Epoch 74/100 - Average Train Loss (MSE): 75.6524 - Average Val Loss (MSE): 57.2037
Epoch 75/100 - Average Train Loss (MSE): 75.7593 - Average Val Loss (MSE): 57.4866
Epoch 76/100 - Average Train Loss (MSE): 75.7038 - Average Val Loss (MSE): 57.2440
Epoch 77/100 - Average Train Loss (MSE): 75.5457 - Average Val Loss (MSE): 57.7084
Epoch 78/100 - Average Train Loss (MSE): 75.4180 - Average Val Loss (MSE): 57.8739
Epoch 79/100 - Average Train Loss (MSE): 75.5303 - Average Val Loss (MSE): 56.8720
Epoch 80/100 - Average Train Loss (MSE): 75.3630 - Average Val Loss (MSE): 57.0253
Epoch 81/100 - Average Train Loss (MSE): 75.3112 - Average Val Loss (MSE): 57.7264
Epoch 82/100 - Average Train Loss (MSE): 75.2657 - Average Val Loss (MSE): 57.7411
Epoch 83/100 - Average Train Loss (MSE): 75.4167 - Average Val Loss (MSE): 56.5920
Epoch 84/100 - Average Train Loss (MSE): 75.4047 - Average Val Loss (MSE): 57.3640
Epoch 85/100 - Average Train Loss (MSE): 75.2415 - Average Val Loss (MSE): 57.6039
Epoch 86/100 - Average Train Loss (MSE): 75.2980 - Average Val Loss (MSE): 57.8307
Epoch 87/100 - Average Train Loss (MSE): 75.1077 - Average Val Loss (MSE): 56.7371
Epoch 88/100 - Average Train Loss (MSE): 75.1642 - Average Val Loss (MSE): 56.2813
Epoch 89/100 - Average Train Loss (MSE): 75.1339 - Average Val Loss (MSE): 56.8646
Epoch 90/100 - Average Train Loss (MSE): 74.9914 - Average Val Loss (MSE): 57.3597
Epoch 91/100 - Average Train Loss (MSE): 74.9355 - Average Val Loss (MSE): 56.9679
Epoch 92/100 - Average Train Loss (MSE): 75.0502 - Average Val Loss (MSE): 56.9984
Epoch 93/100 - Average Train Loss (MSE): 74.8004 - Average Val Loss (MSE): 56.8657
Epoch 94/100 - Average Train Loss (MSE): 75.0770 - Average Val Loss (MSE): 56.9284
Epoch 95/100 - Average Train Loss (MSE): 74.8287 - Average Val Loss (MSE): 56.3058
Epoch 96/100 - Average Train Loss (MSE): 74.8884 - Average Val Loss (MSE): 57.2299
Epoch 97/100 - Average Train Loss (MSE): 74.9331 - Average Val Loss (MSE): 57.1521
Epoch 98/100 - Average Train Loss (MSE): 74.7483 - Average Val Loss (MSE): 56.7003
Epoch 99/100 - Average Train Loss (MSE): 74.7546 - Average Val Loss (MSE): 57.1151
Epoch 100/100 - Average Train Loss (MSE): 74.7666 - Average Val Loss (MSE): 56.5255

Test Loss: 4.8818

Model Run Complete...

Total time taken for trainer execution: 15.62 minutes

