Requirement already satisfied: optuna in /users/hunjael/.conda/envs/torch-st/lib/python3.10/site-packages (from -r requirements.txt (line 1)) (4.2.0)
Requirement already satisfied: ml_collections in /users/hunjael/.conda/envs/torch-st/lib/python3.10/site-packages (from -r requirements.txt (line 2)) (1.0.0)
Requirement already satisfied: alembic>=1.5.0 in /users/hunjael/.conda/envs/torch-st/lib/python3.10/site-packages (from optuna->-r requirements.txt (line 1)) (1.14.1)
Requirement already satisfied: colorlog in /users/hunjael/.conda/envs/torch-st/lib/python3.10/site-packages (from optuna->-r requirements.txt (line 1)) (6.9.0)
Requirement already satisfied: numpy in /users/hunjael/.conda/envs/torch-st/lib/python3.10/site-packages (from optuna->-r requirements.txt (line 1)) (2.2.2)
Requirement already satisfied: packaging>=20.0 in /users/hunjael/.conda/envs/torch-st/lib/python3.10/site-packages (from optuna->-r requirements.txt (line 1)) (24.2)
Requirement already satisfied: sqlalchemy>=1.4.2 in /users/hunjael/.conda/envs/torch-st/lib/python3.10/site-packages (from optuna->-r requirements.txt (line 1)) (2.0.37)
Requirement already satisfied: tqdm in /users/hunjael/.conda/envs/torch-st/lib/python3.10/site-packages (from optuna->-r requirements.txt (line 1)) (4.67.1)
Requirement already satisfied: PyYAML in /users/hunjael/.conda/envs/torch-st/lib/python3.10/site-packages (from optuna->-r requirements.txt (line 1)) (6.0.2)
Requirement already satisfied: absl-py in /users/hunjael/.conda/envs/torch-st/lib/python3.10/site-packages (from ml_collections->-r requirements.txt (line 2)) (2.1.0)
Requirement already satisfied: six in /users/hunjael/.conda/envs/torch-st/lib/python3.10/site-packages (from ml_collections->-r requirements.txt (line 2)) (1.17.0)
Requirement already satisfied: Mako in /users/hunjael/.conda/envs/torch-st/lib/python3.10/site-packages (from alembic>=1.5.0->optuna->-r requirements.txt (line 1)) (1.3.8)
Requirement already satisfied: typing-extensions>=4 in /users/hunjael/.conda/envs/torch-st/lib/python3.10/site-packages (from alembic>=1.5.0->optuna->-r requirements.txt (line 1)) (4.12.2)
Requirement already satisfied: greenlet!=0.4.17 in /users/hunjael/.conda/envs/torch-st/lib/python3.10/site-packages (from sqlalchemy>=1.4.2->optuna->-r requirements.txt (line 1)) (3.1.1)
Requirement already satisfied: MarkupSafe>=0.9.2 in /users/hunjael/.conda/envs/torch-st/lib/python3.10/site-packages (from Mako->alembic>=1.5.0->optuna->-r requirements.txt (line 1)) (3.0.2)
/users/hunjael/.conda/envs/torch-st/lib/python3.10/site-packages/tsl/datasets/metr_la.py:98: FutureWarning: 'T' is deprecated and will be removed in a future version, please use 'min' instead.
  date_range = pd.date_range(df.index[0], df.index[-1], freq='5T')
/users/hunjael/.conda/envs/torch-st/lib/python3.10/site-packages/tsl/datasets/metr_la.py:109: FutureWarning: The 'method' keyword in DataFrame.replace is deprecated and will be removed in a future version.
  df = df.replace(to_replace=0., method='ffill')

100 epochs, true self attention (fixed previous mistake) + 2 layer GAT

Training Model...

Epoch 1/100 - Average Train Loss (MSE): 1329.2248 - Average Val Loss (MSE): 197.7488
Epoch 2/100 - Average Train Loss (MSE): 785.9184 - Average Val Loss (MSE): 156.4989
Epoch 3/100 - Average Train Loss (MSE): 573.2395 - Average Val Loss (MSE): 138.7408
Epoch 4/100 - Average Train Loss (MSE): 353.0635 - Average Val Loss (MSE): 96.0325
Epoch 5/100 - Average Train Loss (MSE): 195.3648 - Average Val Loss (MSE): 88.1374
Epoch 6/100 - Average Train Loss (MSE): 136.0462 - Average Val Loss (MSE): 82.6620
Epoch 7/100 - Average Train Loss (MSE): 124.5287 - Average Val Loss (MSE): 82.6319
Epoch 8/100 - Average Train Loss (MSE): 123.4085 - Average Val Loss (MSE): 80.7780
Epoch 9/100 - Average Train Loss (MSE): 122.8196 - Average Val Loss (MSE): 80.4063
Epoch 10/100 - Average Train Loss (MSE): 122.5084 - Average Val Loss (MSE): 77.9298
Epoch 11/100 - Average Train Loss (MSE): 122.2768 - Average Val Loss (MSE): 80.8862
Epoch 12/100 - Average Train Loss (MSE): 120.8351 - Average Val Loss (MSE): 78.8487
Epoch 13/100 - Average Train Loss (MSE): 120.8667 - Average Val Loss (MSE): 76.6144
Epoch 14/100 - Average Train Loss (MSE): 120.8052 - Average Val Loss (MSE): 76.9123
Epoch 15/100 - Average Train Loss (MSE): 120.6375 - Average Val Loss (MSE): 79.6153
Epoch 16/100 - Average Train Loss (MSE): 122.1873 - Average Val Loss (MSE): 81.9466
Epoch 17/100 - Average Train Loss (MSE): 121.3865 - Average Val Loss (MSE): 81.0584
Epoch 18/100 - Average Train Loss (MSE): 121.0788 - Average Val Loss (MSE): 78.4801
Epoch 19/100 - Average Train Loss (MSE): 121.7845 - Average Val Loss (MSE): 79.8906
Epoch 20/100 - Average Train Loss (MSE): 121.2184 - Average Val Loss (MSE): 79.8592
Epoch 21/100 - Average Train Loss (MSE): 120.5336 - Average Val Loss (MSE): 77.0617
Epoch 22/100 - Average Train Loss (MSE): 120.0041 - Average Val Loss (MSE): 78.3549
Epoch 23/100 - Average Train Loss (MSE): 120.7210 - Average Val Loss (MSE): 76.9493
Epoch 24/100 - Average Train Loss (MSE): 120.2065 - Average Val Loss (MSE): 77.8549
Epoch 25/100 - Average Train Loss (MSE): 120.9473 - Average Val Loss (MSE): 77.4167
Epoch 26/100 - Average Train Loss (MSE): 119.8224 - Average Val Loss (MSE): 77.2022
Epoch 27/100 - Average Train Loss (MSE): 120.6650 - Average Val Loss (MSE): 79.0619
Epoch 28/100 - Average Train Loss (MSE): 120.0881 - Average Val Loss (MSE): 76.3094
Epoch 29/100 - Average Train Loss (MSE): 120.0207 - Average Val Loss (MSE): 77.8977
Epoch 30/100 - Average Train Loss (MSE): 120.2836 - Average Val Loss (MSE): 76.2238
Epoch 31/100 - Average Train Loss (MSE): 119.6789 - Average Val Loss (MSE): 76.0947
Epoch 32/100 - Average Train Loss (MSE): 122.3316 - Average Val Loss (MSE): 80.0360
Epoch 33/100 - Average Train Loss (MSE): 120.9099 - Average Val Loss (MSE): 76.7098
Epoch 34/100 - Average Train Loss (MSE): 120.5334 - Average Val Loss (MSE): 76.8656
Epoch 35/100 - Average Train Loss (MSE): 120.2731 - Average Val Loss (MSE): 76.8731
Epoch 36/100 - Average Train Loss (MSE): 122.8721 - Average Val Loss (MSE): 77.6563
Epoch 37/100 - Average Train Loss (MSE): 120.8502 - Average Val Loss (MSE): 77.4073
Epoch 38/100 - Average Train Loss (MSE): 120.7595 - Average Val Loss (MSE): 77.0285
Epoch 39/100 - Average Train Loss (MSE): 119.7989 - Average Val Loss (MSE): 76.0021
Epoch 40/100 - Average Train Loss (MSE): 119.4331 - Average Val Loss (MSE): 76.3749
Epoch 41/100 - Average Train Loss (MSE): 120.8319 - Average Val Loss (MSE): 78.3322
Epoch 42/100 - Average Train Loss (MSE): 122.1218 - Average Val Loss (MSE): 76.6510
Epoch 43/100 - Average Train Loss (MSE): 128.9049 - Average Val Loss (MSE): 81.7875
Epoch 44/100 - Average Train Loss (MSE): 125.4944 - Average Val Loss (MSE): 77.8891
Epoch 45/100 - Average Train Loss (MSE): 122.6682 - Average Val Loss (MSE): 77.5964
Epoch 46/100 - Average Train Loss (MSE): 122.4205 - Average Val Loss (MSE): 76.3086
Epoch 47/100 - Average Train Loss (MSE): 121.4383 - Average Val Loss (MSE): 76.0802
Epoch 48/100 - Average Train Loss (MSE): 121.9014 - Average Val Loss (MSE): 76.6309
Epoch 49/100 - Average Train Loss (MSE): 121.8634 - Average Val Loss (MSE): 76.2257
Epoch 50/100 - Average Train Loss (MSE): 122.1818 - Average Val Loss (MSE): 76.1003
Epoch 51/100 - Average Train Loss (MSE): 121.9484 - Average Val Loss (MSE): 76.8896
Epoch 52/100 - Average Train Loss (MSE): 123.4155 - Average Val Loss (MSE): 79.0287
Epoch 53/100 - Average Train Loss (MSE): 125.0735 - Average Val Loss (MSE): 80.0294
Epoch 54/100 - Average Train Loss (MSE): 126.3665 - Average Val Loss (MSE): 80.4693
Epoch 55/100 - Average Train Loss (MSE): 127.4370 - Average Val Loss (MSE): 80.0177
Epoch 56/100 - Average Train Loss (MSE): 127.0373 - Average Val Loss (MSE): 80.0212
Epoch 57/100 - Average Train Loss (MSE): 127.3808 - Average Val Loss (MSE): 80.6352
Epoch 58/100 - Average Train Loss (MSE): 127.9712 - Average Val Loss (MSE): 84.7254
Epoch 59/100 - Average Train Loss (MSE): 129.5470 - Average Val Loss (MSE): 86.1567
Epoch 60/100 - Average Train Loss (MSE): 130.9544 - Average Val Loss (MSE): 84.4714
Epoch 61/100 - Average Train Loss (MSE): 132.0831 - Average Val Loss (MSE): 86.1369
Epoch 62/100 - Average Train Loss (MSE): 129.6607 - Average Val Loss (MSE): 84.3624
Epoch 63/100 - Average Train Loss (MSE): 128.8776 - Average Val Loss (MSE): 83.8715
Epoch 64/100 - Average Train Loss (MSE): 128.7338 - Average Val Loss (MSE): 84.4772
Epoch 65/100 - Average Train Loss (MSE): 128.1227 - Average Val Loss (MSE): 84.7903
Epoch 66/100 - Average Train Loss (MSE): 130.2141 - Average Val Loss (MSE): 90.0686
Epoch 67/100 - Average Train Loss (MSE): 130.7516 - Average Val Loss (MSE): 82.0555
Epoch 68/100 - Average Train Loss (MSE): 127.6649 - Average Val Loss (MSE): 81.8318
Epoch 69/100 - Average Train Loss (MSE): 128.6639 - Average Val Loss (MSE): 81.4714
Epoch 70/100 - Average Train Loss (MSE): 128.6386 - Average Val Loss (MSE): 86.5748
Epoch 71/100 - Average Train Loss (MSE): 128.7775 - Average Val Loss (MSE): 87.2258
Epoch 72/100 - Average Train Loss (MSE): 130.3388 - Average Val Loss (MSE): 82.7503
Epoch 73/100 - Average Train Loss (MSE): 128.9957 - Average Val Loss (MSE): 83.4065
Epoch 74/100 - Average Train Loss (MSE): 127.5129 - Average Val Loss (MSE): 83.4484
Epoch 75/100 - Average Train Loss (MSE): 128.0809 - Average Val Loss (MSE): 84.8031
Epoch 76/100 - Average Train Loss (MSE): 130.0534 - Average Val Loss (MSE): 85.2991
Epoch 77/100 - Average Train Loss (MSE): 126.5173 - Average Val Loss (MSE): 81.6289
Epoch 78/100 - Average Train Loss (MSE): 126.2380 - Average Val Loss (MSE): 81.0618
Epoch 79/100 - Average Train Loss (MSE): 128.2262 - Average Val Loss (MSE): 84.7580
Epoch 80/100 - Average Train Loss (MSE): 127.3635 - Average Val Loss (MSE): 85.3664
Epoch 81/100 - Average Train Loss (MSE): 127.6525 - Average Val Loss (MSE): 84.1756
Epoch 82/100 - Average Train Loss (MSE): 127.6628 - Average Val Loss (MSE): 83.4799
Epoch 83/100 - Average Train Loss (MSE): 125.8097 - Average Val Loss (MSE): 80.7534
Epoch 84/100 - Average Train Loss (MSE): 125.4801 - Average Val Loss (MSE): 82.0140
Epoch 85/100 - Average Train Loss (MSE): 125.9440 - Average Val Loss (MSE): 82.3535
Epoch 86/100 - Average Train Loss (MSE): 125.3957 - Average Val Loss (MSE): 85.9104
Epoch 87/100 - Average Train Loss (MSE): 126.6447 - Average Val Loss (MSE): 84.2303
Epoch 88/100 - Average Train Loss (MSE): 126.8722 - Average Val Loss (MSE): 82.4240
Epoch 89/100 - Average Train Loss (MSE): 126.1648 - Average Val Loss (MSE): 83.2140
Epoch 90/100 - Average Train Loss (MSE): 126.0298 - Average Val Loss (MSE): 83.0604
Epoch 91/100 - Average Train Loss (MSE): 126.5692 - Average Val Loss (MSE): 81.0656
Epoch 92/100 - Average Train Loss (MSE): 128.1464 - Average Val Loss (MSE): 81.1952
Epoch 93/100 - Average Train Loss (MSE): 125.5828 - Average Val Loss (MSE): 78.7589
Epoch 94/100 - Average Train Loss (MSE): 124.6057 - Average Val Loss (MSE): 78.3467
Epoch 95/100 - Average Train Loss (MSE): 123.8410 - Average Val Loss (MSE): 79.8661
Epoch 96/100 - Average Train Loss (MSE): 123.4424 - Average Val Loss (MSE): 79.5736
Epoch 97/100 - Average Train Loss (MSE): 123.6795 - Average Val Loss (MSE): 82.1451
Epoch 98/100 - Average Train Loss (MSE): 123.8006 - Average Val Loss (MSE): 78.8721
Epoch 99/100 - Average Train Loss (MSE): 124.7771 - Average Val Loss (MSE): 79.3917
Epoch 100/100 - Average Train Loss (MSE): 125.5196 - Average Val Loss (MSE): 82.4900

Test Loss: 7.4266

Model Run Complete...

Total time taken for trainer execution: 6.48 minutes

