Requirement already satisfied: optuna in /users/hunjael/.conda/envs/torch-st/lib/python3.10/site-packages (from -r requirements.txt (line 1)) (4.2.0)
Requirement already satisfied: ml_collections in /users/hunjael/.conda/envs/torch-st/lib/python3.10/site-packages (from -r requirements.txt (line 2)) (1.0.0)
Requirement already satisfied: alembic>=1.5.0 in /users/hunjael/.conda/envs/torch-st/lib/python3.10/site-packages (from optuna->-r requirements.txt (line 1)) (1.14.1)
Requirement already satisfied: colorlog in /users/hunjael/.conda/envs/torch-st/lib/python3.10/site-packages (from optuna->-r requirements.txt (line 1)) (6.9.0)
Requirement already satisfied: numpy in /users/hunjael/.conda/envs/torch-st/lib/python3.10/site-packages (from optuna->-r requirements.txt (line 1)) (2.2.2)
Requirement already satisfied: packaging>=20.0 in /users/hunjael/.conda/envs/torch-st/lib/python3.10/site-packages (from optuna->-r requirements.txt (line 1)) (24.2)
Requirement already satisfied: sqlalchemy>=1.4.2 in /users/hunjael/.conda/envs/torch-st/lib/python3.10/site-packages (from optuna->-r requirements.txt (line 1)) (2.0.37)
Requirement already satisfied: tqdm in /users/hunjael/.conda/envs/torch-st/lib/python3.10/site-packages (from optuna->-r requirements.txt (line 1)) (4.67.1)
Requirement already satisfied: PyYAML in /users/hunjael/.conda/envs/torch-st/lib/python3.10/site-packages (from optuna->-r requirements.txt (line 1)) (6.0.2)
Requirement already satisfied: absl-py in /users/hunjael/.conda/envs/torch-st/lib/python3.10/site-packages (from ml_collections->-r requirements.txt (line 2)) (2.1.0)
Requirement already satisfied: six in /users/hunjael/.conda/envs/torch-st/lib/python3.10/site-packages (from ml_collections->-r requirements.txt (line 2)) (1.17.0)
Requirement already satisfied: Mako in /users/hunjael/.conda/envs/torch-st/lib/python3.10/site-packages (from alembic>=1.5.0->optuna->-r requirements.txt (line 1)) (1.3.8)
Requirement already satisfied: typing-extensions>=4 in /users/hunjael/.conda/envs/torch-st/lib/python3.10/site-packages (from alembic>=1.5.0->optuna->-r requirements.txt (line 1)) (4.12.2)
Requirement already satisfied: greenlet!=0.4.17 in /users/hunjael/.conda/envs/torch-st/lib/python3.10/site-packages (from sqlalchemy>=1.4.2->optuna->-r requirements.txt (line 1)) (3.1.1)
Requirement already satisfied: MarkupSafe>=0.9.2 in /users/hunjael/.conda/envs/torch-st/lib/python3.10/site-packages (from Mako->alembic>=1.5.0->optuna->-r requirements.txt (line 1)) (3.0.2)
/users/hunjael/.conda/envs/torch-st/lib/python3.10/site-packages/tsl/datasets/metr_la.py:98: FutureWarning: 'T' is deprecated and will be removed in a future version, please use 'min' instead.
  date_range = pd.date_range(df.index[0], df.index[-1], freq='5T')
/users/hunjael/.conda/envs/torch-st/lib/python3.10/site-packages/tsl/datasets/metr_la.py:109: FutureWarning: The 'method' keyword in DataFrame.replace is deprecated and will be removed in a future version.
  df = df.replace(to_replace=0., method='ffill')

CONFIG DESCRIPTION: self attention + 1 layer GCN
100ep lr0.001

Training Model...

Epoch 1/100 - Average Train Loss (MSE): 382.8971 - Average Val Loss (MSE): 83.0410
Epoch 2/100 - Average Train Loss (MSE): 95.7262 - Average Val Loss (MSE): 72.7212
Epoch 3/100 - Average Train Loss (MSE): 90.4385 - Average Val Loss (MSE): 68.2590
Epoch 4/100 - Average Train Loss (MSE): 88.1979 - Average Val Loss (MSE): 66.0702
Epoch 5/100 - Average Train Loss (MSE): 85.9205 - Average Val Loss (MSE): 64.2298
Epoch 6/100 - Average Train Loss (MSE): 84.4149 - Average Val Loss (MSE): 62.6152
Epoch 7/100 - Average Train Loss (MSE): 83.8682 - Average Val Loss (MSE): 62.3136
Epoch 8/100 - Average Train Loss (MSE): 82.4482 - Average Val Loss (MSE): 60.8587
Epoch 9/100 - Average Train Loss (MSE): 81.8591 - Average Val Loss (MSE): 60.2952
Epoch 10/100 - Average Train Loss (MSE): 81.0705 - Average Val Loss (MSE): 60.4131
Epoch 11/100 - Average Train Loss (MSE): 80.2758 - Average Val Loss (MSE): 59.9175
Epoch 12/100 - Average Train Loss (MSE): 79.7904 - Average Val Loss (MSE): 61.1990
Epoch 13/100 - Average Train Loss (MSE): 79.4651 - Average Val Loss (MSE): 58.0016
Epoch 14/100 - Average Train Loss (MSE): 81.5084 - Average Val Loss (MSE): 59.9189
Epoch 15/100 - Average Train Loss (MSE): 80.0023 - Average Val Loss (MSE): 59.6989
Epoch 16/100 - Average Train Loss (MSE): 78.6387 - Average Val Loss (MSE): 82.9772
Epoch 17/100 - Average Train Loss (MSE): 81.6917 - Average Val Loss (MSE): 58.9236
Epoch 18/100 - Average Train Loss (MSE): 78.8380 - Average Val Loss (MSE): 59.2610
Epoch 19/100 - Average Train Loss (MSE): 78.6805 - Average Val Loss (MSE): 59.2389
Epoch 20/100 - Average Train Loss (MSE): 77.8599 - Average Val Loss (MSE): 59.7023
Epoch 21/100 - Average Train Loss (MSE): 78.3526 - Average Val Loss (MSE): 59.3826
Epoch 22/100 - Average Train Loss (MSE): 78.7922 - Average Val Loss (MSE): 62.5907
Epoch 23/100 - Average Train Loss (MSE): 77.7170 - Average Val Loss (MSE): 57.9703
Epoch 24/100 - Average Train Loss (MSE): 77.5844 - Average Val Loss (MSE): 57.5055
Epoch 25/100 - Average Train Loss (MSE): 78.0423 - Average Val Loss (MSE): 58.1187
Epoch 26/100 - Average Train Loss (MSE): 77.5354 - Average Val Loss (MSE): 62.4923
Epoch 27/100 - Average Train Loss (MSE): 77.1911 - Average Val Loss (MSE): 61.4513
Epoch 28/100 - Average Train Loss (MSE): 77.2303 - Average Val Loss (MSE): 61.1844
Epoch 29/100 - Average Train Loss (MSE): 81.0379 - Average Val Loss (MSE): 58.4236
Epoch 30/100 - Average Train Loss (MSE): 78.0027 - Average Val Loss (MSE): 58.2504
Epoch 31/100 - Average Train Loss (MSE): 76.9724 - Average Val Loss (MSE): 66.2421
Epoch 32/100 - Average Train Loss (MSE): 77.2769 - Average Val Loss (MSE): 60.0252
Epoch 33/100 - Average Train Loss (MSE): 77.4677 - Average Val Loss (MSE): 58.9082
Epoch 34/100 - Average Train Loss (MSE): 76.1379 - Average Val Loss (MSE): 57.2756
Epoch 35/100 - Average Train Loss (MSE): 77.9898 - Average Val Loss (MSE): 61.5235
Epoch 36/100 - Average Train Loss (MSE): 77.4921 - Average Val Loss (MSE): 59.3306
Epoch 37/100 - Average Train Loss (MSE): 77.4647 - Average Val Loss (MSE): 58.5763
Epoch 38/100 - Average Train Loss (MSE): 77.2661 - Average Val Loss (MSE): 64.4685
Epoch 39/100 - Average Train Loss (MSE): 76.0582 - Average Val Loss (MSE): 62.2214
Epoch 40/100 - Average Train Loss (MSE): 76.8090 - Average Val Loss (MSE): 63.2348
Epoch 41/100 - Average Train Loss (MSE): 76.0196 - Average Val Loss (MSE): 56.1554
Epoch 42/100 - Average Train Loss (MSE): 79.4334 - Average Val Loss (MSE): 60.7948
Epoch 43/100 - Average Train Loss (MSE): 78.4931 - Average Val Loss (MSE): 61.2433
Epoch 44/100 - Average Train Loss (MSE): 77.8008 - Average Val Loss (MSE): 62.9188
Epoch 45/100 - Average Train Loss (MSE): 76.5799 - Average Val Loss (MSE): 59.2207
Epoch 46/100 - Average Train Loss (MSE): 75.7849 - Average Val Loss (MSE): 71.0422
Epoch 47/100 - Average Train Loss (MSE): 77.4381 - Average Val Loss (MSE): 57.6364
Epoch 48/100 - Average Train Loss (MSE): 76.5910 - Average Val Loss (MSE): 58.9852
Epoch 49/100 - Average Train Loss (MSE): 75.4333 - Average Val Loss (MSE): 60.5159
Epoch 50/100 - Average Train Loss (MSE): 76.0075 - Average Val Loss (MSE): 59.1884
Epoch 51/100 - Average Train Loss (MSE): 75.1735 - Average Val Loss (MSE): 57.1598
Epoch 52/100 - Average Train Loss (MSE): 74.9049 - Average Val Loss (MSE): 57.2622
Epoch 53/100 - Average Train Loss (MSE): 75.3220 - Average Val Loss (MSE): 55.7506
Epoch 54/100 - Average Train Loss (MSE): 79.7184 - Average Val Loss (MSE): 64.1091
Epoch 55/100 - Average Train Loss (MSE): 78.8779 - Average Val Loss (MSE): 60.9757
Epoch 56/100 - Average Train Loss (MSE): 78.5537 - Average Val Loss (MSE): 61.1896
Epoch 57/100 - Average Train Loss (MSE): 78.1700 - Average Val Loss (MSE): 62.8311
Epoch 58/100 - Average Train Loss (MSE): 77.2437 - Average Val Loss (MSE): 60.4233
Epoch 59/100 - Average Train Loss (MSE): 77.0565 - Average Val Loss (MSE): 61.0246
Epoch 60/100 - Average Train Loss (MSE): 76.2506 - Average Val Loss (MSE): 60.8300
Epoch 61/100 - Average Train Loss (MSE): 75.7137 - Average Val Loss (MSE): 59.2632
Epoch 62/100 - Average Train Loss (MSE): 76.4686 - Average Val Loss (MSE): 65.5630
Epoch 63/100 - Average Train Loss (MSE): 75.7984 - Average Val Loss (MSE): 57.0649
Epoch 64/100 - Average Train Loss (MSE): 75.0868 - Average Val Loss (MSE): 62.2966
Epoch 65/100 - Average Train Loss (MSE): 76.2191 - Average Val Loss (MSE): 63.8992
Epoch 66/100 - Average Train Loss (MSE): 75.0951 - Average Val Loss (MSE): 59.3208
Epoch 67/100 - Average Train Loss (MSE): 74.8872 - Average Val Loss (MSE): 60.2515
Epoch 68/100 - Average Train Loss (MSE): 75.2414 - Average Val Loss (MSE): 58.8502
Epoch 69/100 - Average Train Loss (MSE): 75.7318 - Average Val Loss (MSE): 62.2983
Epoch 70/100 - Average Train Loss (MSE): 74.7122 - Average Val Loss (MSE): 62.7469
Epoch 71/100 - Average Train Loss (MSE): 74.7087 - Average Val Loss (MSE): 61.5694
Epoch 72/100 - Average Train Loss (MSE): 74.4548 - Average Val Loss (MSE): 61.2618
Epoch 73/100 - Average Train Loss (MSE): 74.5986 - Average Val Loss (MSE): 62.6513
Epoch 74/100 - Average Train Loss (MSE): 74.5488 - Average Val Loss (MSE): 74.7070
Epoch 75/100 - Average Train Loss (MSE): 74.4554 - Average Val Loss (MSE): 56.4535
Epoch 76/100 - Average Train Loss (MSE): 77.1596 - Average Val Loss (MSE): 58.0130
Epoch 77/100 - Average Train Loss (MSE): 74.6399 - Average Val Loss (MSE): 59.8194
Epoch 78/100 - Average Train Loss (MSE): 74.7273 - Average Val Loss (MSE): 65.7610
Epoch 79/100 - Average Train Loss (MSE): 74.5790 - Average Val Loss (MSE): 59.2221
Epoch 80/100 - Average Train Loss (MSE): 74.3649 - Average Val Loss (MSE): 59.0705
Epoch 81/100 - Average Train Loss (MSE): 74.1195 - Average Val Loss (MSE): 61.8284
Epoch 82/100 - Average Train Loss (MSE): 74.8547 - Average Val Loss (MSE): 57.2090
Epoch 83/100 - Average Train Loss (MSE): 74.1910 - Average Val Loss (MSE): 58.3972
Epoch 84/100 - Average Train Loss (MSE): 74.4800 - Average Val Loss (MSE): 59.4503
Epoch 85/100 - Average Train Loss (MSE): 75.3377 - Average Val Loss (MSE): 59.3593
Epoch 86/100 - Average Train Loss (MSE): 74.0967 - Average Val Loss (MSE): 58.0609
Epoch 87/100 - Average Train Loss (MSE): 74.7422 - Average Val Loss (MSE): 58.1670
Epoch 88/100 - Average Train Loss (MSE): 75.8075 - Average Val Loss (MSE): 57.2606
Epoch 89/100 - Average Train Loss (MSE): 77.7060 - Average Val Loss (MSE): 62.1237
Epoch 90/100 - Average Train Loss (MSE): 77.3208 - Average Val Loss (MSE): 62.3563
Epoch 91/100 - Average Train Loss (MSE): 76.5985 - Average Val Loss (MSE): 64.3588
Epoch 92/100 - Average Train Loss (MSE): 76.0451 - Average Val Loss (MSE): 67.9901
Epoch 93/100 - Average Train Loss (MSE): 74.7919 - Average Val Loss (MSE): 63.4664
Epoch 94/100 - Average Train Loss (MSE): 74.6867 - Average Val Loss (MSE): 60.3541
Epoch 95/100 - Average Train Loss (MSE): 76.2986 - Average Val Loss (MSE): 60.9262
Epoch 96/100 - Average Train Loss (MSE): 76.3375 - Average Val Loss (MSE): 66.4968
Epoch 97/100 - Average Train Loss (MSE): 78.5231 - Average Val Loss (MSE): 66.3744
Epoch 98/100 - Average Train Loss (MSE): 77.0085 - Average Val Loss (MSE): 63.6489
Epoch 99/100 - Average Train Loss (MSE): 76.7659 - Average Val Loss (MSE): 61.7715
Epoch 100/100 - Average Train Loss (MSE): 76.2133 - Average Val Loss (MSE): 59.0158

Test Loss: 5.2585

Model Run Complete...

Total time taken for trainer execution: 14.49 minutes

