Requirement already satisfied: optuna in /users/hunjael/.conda/envs/torch-st/lib/python3.10/site-packages (from -r requirements.txt (line 1)) (4.2.0)
Requirement already satisfied: ml_collections in /users/hunjael/.conda/envs/torch-st/lib/python3.10/site-packages (from -r requirements.txt (line 2)) (1.0.0)
Requirement already satisfied: alembic>=1.5.0 in /users/hunjael/.conda/envs/torch-st/lib/python3.10/site-packages (from optuna->-r requirements.txt (line 1)) (1.14.1)
Requirement already satisfied: colorlog in /users/hunjael/.conda/envs/torch-st/lib/python3.10/site-packages (from optuna->-r requirements.txt (line 1)) (6.9.0)
Requirement already satisfied: numpy in /users/hunjael/.conda/envs/torch-st/lib/python3.10/site-packages (from optuna->-r requirements.txt (line 1)) (2.2.2)
Requirement already satisfied: packaging>=20.0 in /users/hunjael/.conda/envs/torch-st/lib/python3.10/site-packages (from optuna->-r requirements.txt (line 1)) (24.2)
Requirement already satisfied: sqlalchemy>=1.4.2 in /users/hunjael/.conda/envs/torch-st/lib/python3.10/site-packages (from optuna->-r requirements.txt (line 1)) (2.0.37)
Requirement already satisfied: tqdm in /users/hunjael/.conda/envs/torch-st/lib/python3.10/site-packages (from optuna->-r requirements.txt (line 1)) (4.67.1)
Requirement already satisfied: PyYAML in /users/hunjael/.conda/envs/torch-st/lib/python3.10/site-packages (from optuna->-r requirements.txt (line 1)) (6.0.2)
Requirement already satisfied: absl-py in /users/hunjael/.conda/envs/torch-st/lib/python3.10/site-packages (from ml_collections->-r requirements.txt (line 2)) (2.1.0)
Requirement already satisfied: six in /users/hunjael/.conda/envs/torch-st/lib/python3.10/site-packages (from ml_collections->-r requirements.txt (line 2)) (1.17.0)
Requirement already satisfied: Mako in /users/hunjael/.conda/envs/torch-st/lib/python3.10/site-packages (from alembic>=1.5.0->optuna->-r requirements.txt (line 1)) (1.3.8)
Requirement already satisfied: typing-extensions>=4 in /users/hunjael/.conda/envs/torch-st/lib/python3.10/site-packages (from alembic>=1.5.0->optuna->-r requirements.txt (line 1)) (4.12.2)
Requirement already satisfied: greenlet!=0.4.17 in /users/hunjael/.conda/envs/torch-st/lib/python3.10/site-packages (from sqlalchemy>=1.4.2->optuna->-r requirements.txt (line 1)) (3.1.1)
Requirement already satisfied: MarkupSafe>=0.9.2 in /users/hunjael/.conda/envs/torch-st/lib/python3.10/site-packages (from Mako->alembic>=1.5.0->optuna->-r requirements.txt (line 1)) (3.0.2)
/users/hunjael/.conda/envs/torch-st/lib/python3.10/site-packages/tsl/datasets/metr_la.py:98: FutureWarning: 'T' is deprecated and will be removed in a future version, please use 'min' instead.
  date_range = pd.date_range(df.index[0], df.index[-1], freq='5T')
/users/hunjael/.conda/envs/torch-st/lib/python3.10/site-packages/tsl/datasets/metr_la.py:109: FutureWarning: The 'method' keyword in DataFrame.replace is deprecated and will be removed in a future version.
  df = df.replace(to_replace=0., method='ffill')

Training Model...

Epoch 1/50 - Average Train Loss (MSE): 669.7910 - Average Val Loss (MSE): 45.1442
Epoch 2/50 - Average Train Loss (MSE): 54.6827 - Average Val Loss (MSE): 40.5116
Epoch 3/50 - Average Train Loss (MSE): 51.9347 - Average Val Loss (MSE): 39.2146
Epoch 4/50 - Average Train Loss (MSE): 50.4344 - Average Val Loss (MSE): 38.9610
Epoch 5/50 - Average Train Loss (MSE): 49.2599 - Average Val Loss (MSE): 37.9086
Epoch 6/50 - Average Train Loss (MSE): 48.5429 - Average Val Loss (MSE): 37.6023
Epoch 7/50 - Average Train Loss (MSE): 48.0618 - Average Val Loss (MSE): 37.0425
Epoch 8/50 - Average Train Loss (MSE): 47.5567 - Average Val Loss (MSE): 36.5872
Epoch 9/50 - Average Train Loss (MSE): 47.5659 - Average Val Loss (MSE): 37.0212
Epoch 10/50 - Average Train Loss (MSE): 47.0585 - Average Val Loss (MSE): 36.7595
Epoch 11/50 - Average Train Loss (MSE): 46.8728 - Average Val Loss (MSE): 36.3034
Epoch 12/50 - Average Train Loss (MSE): 46.9539 - Average Val Loss (MSE): 36.0297
Epoch 13/50 - Average Train Loss (MSE): 46.6751 - Average Val Loss (MSE): 36.0945
Epoch 14/50 - Average Train Loss (MSE): 46.5625 - Average Val Loss (MSE): 35.8828
Epoch 15/50 - Average Train Loss (MSE): 46.4118 - Average Val Loss (MSE): 35.8432
Epoch 16/50 - Average Train Loss (MSE): 46.3471 - Average Val Loss (MSE): 35.6155
Epoch 17/50 - Average Train Loss (MSE): 46.1009 - Average Val Loss (MSE): 36.2203
Epoch 18/50 - Average Train Loss (MSE): 45.9891 - Average Val Loss (MSE): 35.2946
Epoch 19/50 - Average Train Loss (MSE): 45.8608 - Average Val Loss (MSE): 35.4080
Epoch 20/50 - Average Train Loss (MSE): 45.7989 - Average Val Loss (MSE): 36.3852
Epoch 21/50 - Average Train Loss (MSE): 45.8012 - Average Val Loss (MSE): 35.1663
Epoch 22/50 - Average Train Loss (MSE): 45.5511 - Average Val Loss (MSE): 35.1442
Epoch 23/50 - Average Train Loss (MSE): 45.3521 - Average Val Loss (MSE): 34.9473
Epoch 24/50 - Average Train Loss (MSE): 45.1752 - Average Val Loss (MSE): 34.8851
Epoch 25/50 - Average Train Loss (MSE): 45.1276 - Average Val Loss (MSE): 34.7609
Epoch 26/50 - Average Train Loss (MSE): 45.0132 - Average Val Loss (MSE): 34.9676
Epoch 27/50 - Average Train Loss (MSE): 45.0166 - Average Val Loss (MSE): 34.7725
Epoch 28/50 - Average Train Loss (MSE): 44.8502 - Average Val Loss (MSE): 35.3450
Epoch 29/50 - Average Train Loss (MSE): 44.7878 - Average Val Loss (MSE): 34.5378
Epoch 30/50 - Average Train Loss (MSE): 44.6675 - Average Val Loss (MSE): 34.9225
Epoch 31/50 - Average Train Loss (MSE): 44.6944 - Average Val Loss (MSE): 34.5492
Epoch 32/50 - Average Train Loss (MSE): 44.5426 - Average Val Loss (MSE): 34.4372
Epoch 33/50 - Average Train Loss (MSE): 44.4441 - Average Val Loss (MSE): 34.2850
Epoch 34/50 - Average Train Loss (MSE): 44.3923 - Average Val Loss (MSE): 33.9236
Epoch 35/50 - Average Train Loss (MSE): 44.3220 - Average Val Loss (MSE): 33.8785
Epoch 36/50 - Average Train Loss (MSE): 44.2378 - Average Val Loss (MSE): 34.2126
Epoch 37/50 - Average Train Loss (MSE): 44.1956 - Average Val Loss (MSE): 34.0024
Epoch 38/50 - Average Train Loss (MSE): 44.1117 - Average Val Loss (MSE): 34.2186
Epoch 39/50 - Average Train Loss (MSE): 44.1592 - Average Val Loss (MSE): 33.9873
Epoch 40/50 - Average Train Loss (MSE): 44.1047 - Average Val Loss (MSE): 33.9733
Epoch 41/50 - Average Train Loss (MSE): 44.0106 - Average Val Loss (MSE): 33.8733
Epoch 42/50 - Average Train Loss (MSE): 43.9687 - Average Val Loss (MSE): 33.9071
Epoch 43/50 - Average Train Loss (MSE): 43.8274 - Average Val Loss (MSE): 33.7793
Epoch 44/50 - Average Train Loss (MSE): 43.8294 - Average Val Loss (MSE): 34.3212
Epoch 45/50 - Average Train Loss (MSE): 43.8907 - Average Val Loss (MSE): 33.6904
Epoch 46/50 - Average Train Loss (MSE): 43.7960 - Average Val Loss (MSE): 33.5459
Epoch 47/50 - Average Train Loss (MSE): 43.7944 - Average Val Loss (MSE): 33.6497
Epoch 48/50 - Average Train Loss (MSE): 43.6858 - Average Val Loss (MSE): 33.7816
Epoch 49/50 - Average Train Loss (MSE): 43.6266 - Average Val Loss (MSE): 34.0726
Epoch 50/50 - Average Train Loss (MSE): 43.6649 - Average Val Loss (MSE): 33.7659

Test Loss: 3.5717

Model Run Complete...

Total time taken for trainer execution: 8.61 minutes

